#-----------------------------------------------------------
# Webtalk v2017.2 (64-bit)
# SW Build 1909853 on Thu Jun 15 18:39:09 MDT 2017
# IP Build 1909766 on Thu Jun 15 19:58:00 MDT 2017
<<<<<<< HEAD
# Start of session at: Fri Nov 10 11:09:52 2017
# Process ID: 9660
# Current directory: E:/LABS8-17 UPDATED 11-8-17/Lab8-17_VivadoFiles/Lab8-17_VivadoFiles.sim/sim_1/behav
# Command line: wbtcv.exe -mode batch -source E:/LABS8-17 UPDATED 11-8-17/Lab8-17_VivadoFiles/Lab8-17_VivadoFiles.sim/sim_1/behav/xsim.dir/TopLevel_tb_behav/webtalk/xsim_webtalk.tcl -notrace
# Log file: E:/LABS8-17 UPDATED 11-8-17/Lab8-17_VivadoFiles/Lab8-17_VivadoFiles.sim/sim_1/behav/webtalk.log
# Journal file: E:/LABS8-17 UPDATED 11-8-17/Lab8-17_VivadoFiles/Lab8-17_VivadoFiles.sim/sim_1/behav\webtalk.jou
#-----------------------------------------------------------
source E:/LABS8-17 -notrace
couldn't read file "E:/LABS8-17": no such file or directory
INFO: [Common 17-206] Exiting Webtalk at Fri Nov 10 11:09:52 2017...
=======
# Start of session at: Wed Nov  8 14:17:46 2017
# Process ID: 53336
# Current directory: C:/Users/Jesus/Documents/ECE 369/LABS8-17/LABS8-17 UPDATED 11-1-17/Lab8-17_VivadoFiles/Lab8-17_VivadoFiles.sim/sim_1/behav
# Command line: wbtcv.exe -mode batch -source C:/Users/Jesus/Documents/ECE 369/LABS8-17/LABS8-17 UPDATED 11-1-17/Lab8-17_VivadoFiles/Lab8-17_VivadoFiles.sim/sim_1/behav/xsim.dir/TopLevel_tb_behav/webtalk/xsim_webtalk.tcl -notrace
# Log file: C:/Users/Jesus/Documents/ECE 369/LABS8-17/LABS8-17 UPDATED 11-1-17/Lab8-17_VivadoFiles/Lab8-17_VivadoFiles.sim/sim_1/behav/webtalk.log
# Journal file: C:/Users/Jesus/Documents/ECE 369/LABS8-17/LABS8-17 UPDATED 11-1-17/Lab8-17_VivadoFiles/Lab8-17_VivadoFiles.sim/sim_1/behav\webtalk.jou
#-----------------------------------------------------------
source C:/Users/Jesus/Documents/ECE -notrace
couldn't read file "C:/Users/Jesus/Documents/ECE": permission denied
INFO: [Common 17-206] Exiting Webtalk at Wed Nov  8 14:17:46 2017...
>>>>>>> a7aeb6bcc08b1790a6bc63ce562df2a9da38a7cd
