Unable to capture context for thread 13360 in process 10348, can not generate back trace
Unable to capture context for thread 18944 in process 10348, can not generate back trace
Exception at PC 0x00007FF83228BB93
Printing stacktrace...

[0]  [0x00007FF83228BB93]
[1]  [0x00007FF83228BB93]
[2]  [0x00007FF83228B4A1]
[3]  [0x00007FF83228B3EF]
[4]  [0x00007FF8322719FE]
[5]  [0x00007FF832270ED1]
[6]  [0x00007FF832270D76]
[7]  [0x00007FF8322179F6]
[8]  [0x00007FF832207AFB]
[9]  [0x00007FF83232E90A]
[10]  [0x00007FF832349F87]
[11]  [0x00007FF83234A05F]
[12] (BaseThreadInitThunk+0x14) [0x00007FF887EB2774]
[13] (RtlUserThreadStart+0x21) [0x00007FF888C30D51]
Done
Exception at PC 0x00007FF831F91A52
Attemped to write at address 0x00007FF848E9ABA4
Printing stacktrace...

[0]  [0x00007FF831F91A52]
[1]  [0x00007FF831F91A52]
[2]  [0x00007FF831F91AD4]
[3]  [0x00007FF8320D3FF7]
[4]  [0x00007FF831FB9128]
[5]  [0x00007FF83226DFB9]
[6]  [0x00007FF83243EF23]
[7]  [0x00007FF83234B06B]
[8]  [0x00007FF8323408AF]
[9]  [0x00007FF832340A32]
[10] (RtlDeactivateActivationContextUnsafeFast+0x1af) [0x00007FF888BE485F]
[11] (LdrShutdownProcess+0x12c) [0x00007FF888C0D43C]
[12] (RtlExitUserProcess+0xb4) [0x00007FF888C0D2F4]
[13] (FatalExit+0xa) [0x00007FF887EBC0DA]
[14] (exit+0x75) [0x00007FF8866AA045]
[15] (initterm_e+0x21d) [0x00007FF8866AA68D]
[16]  [0x00000000004014CD]
[17]  [0x000000000040151B]
[18] (BaseThreadInitThunk+0x14) [0x00007FF887EB2774]
[19] (RtlUserThreadStart+0x21) [0x00007FF888C30D51]
Done
