Unable to capture context for thread 22448 in process 23644, can not generate back trace
Unable to capture context for thread 22708 in process 23644, can not generate back trace
Exception at PC 0x00007FFEC8CCBB93
Printing stacktrace...

[0]  [0x00007FFEC8CCBB93]
[1]  [0x00007FFEC8CCBB93]
[2]  [0x00007FFEC8CCB4A1]
[3]  [0x00007FFEC8CCB3EF]
[4]  [0x00007FFEC8CB19FE]
[5]  [0x00007FFEC8CB0ED1]
[6]  [0x00007FFEC8CB0D76]
[7]  [0x00007FFEC8C579F6]
[8]  [0x00007FFEC8C47AFB]
[9]  [0x00007FFEC8D6E90A]
[10]  [0x00007FFEC8D89F87]
[11]  [0x00007FFEC8D8A05F]
[12] (BaseThreadInitThunk+0x14) [0x00007FFF06D12774]
[13] (RtlUserThreadStart+0x21) [0x00007FFF09770D51]
Done
Exception at PC 0x00007FFEC89D1A52
Attemped to write at address 0x00007FFEC76CABA4
Printing stacktrace...

[0]  [0x00007FFEC89D1A52]
[1]  [0x00007FFEC89D1A52]
[2]  [0x00007FFEC89D1AD4]
[3]  [0x00007FFEC8B13FF7]
[4]  [0x00007FFEC89F9128]
[5]  [0x00007FFEC8CADFB9]
[6]  [0x00007FFEC8E7EF23]
[7]  [0x00007FFEC8D8B06B]
[8]  [0x00007FFEC8D808AF]
[9]  [0x00007FFEC8D80A32]
[10] (RtlDeactivateActivationContextUnsafeFast+0x1af) [0x00007FFF0972485F]
[11] (LdrShutdownProcess+0x12c) [0x00007FFF0974D43C]
[12] (RtlExitUserProcess+0xb4) [0x00007FFF0974D2F4]
[13] (FatalExit+0xa) [0x00007FFF06D1C0DA]
[14] (exit+0x75) [0x00007FFF06C9A045]
[15] (initterm_e+0x21d) [0x00007FFF06C9A68D]
[16]  [0x00000000004014CD]
[17]  [0x000000000040151B]
[18] (BaseThreadInitThunk+0x14) [0x00007FFF06D12774]
[19] (RtlUserThreadStart+0x21) [0x00007FFF09770D51]
Done
