#-----------------------------------------------------------
# Vivado v2015.4.2 (64-bit)
# SW Build 1494164 on Fri Feb 26 04:18:56 MST 2016
# IP Build 1491208 on Wed Feb 24 03:25:39 MST 2016
# Start of session at: Mon Nov 20 14:48:46 2017
# Process ID: 304
# Current directory: E:/LABS8-17 UPDATED 11-8-17/Lab8-17_VivadoFiles
# Command line: vivado.exe -gui_launcher_event rodinguilauncherevent7920 E:\LABS8-17 UPDATED 11-8-17\Lab8-17_VivadoFiles\Lab8-17_VivadoFiles.xpr
# Log file: E:/LABS8-17 UPDATED 11-8-17/Lab8-17_VivadoFiles/vivado.log
# Journal file: E:/LABS8-17 UPDATED 11-8-17/Lab8-17_VivadoFiles\vivado.jou
#-----------------------------------------------------------
start_gui
open_project {E:/LABS8-17 UPDATED 11-8-17/Lab8-17_VivadoFiles/Lab8-17_VivadoFiles.xpr}
Scanning sources...
Finished scanning sources
CRITICAL WARNING: [Project 1-192] Failed to load run synth_1. Strategy Vivado Synthesis Defaults (Vivado Synthesis 2017) not recognized by Vivado. 

CRITICAL WARNING: [Project 1-192] Failed to load run impl_1. Strategy Vivado Implementation Defaults (Vivado Implementation 2017) not recognized by Vivado. 

CRITICAL WARNING: [Project 1-532] XML ERROR: Project Option CompiledLibDirXSim has no valid value
WARNING: [filemgmt 56-3] IP Output Repository Path: Could not find the directory 'E:/LABS8-17 UPDATED 11-8-17/Lab8-17_VivadoFiles/Lab8-17_VivadoFiles.cache/ip'.
WARNING: [filemgmt 56-3] IPUserFilesDir: Could not find the directory '$PIPUSERFILESDIR'.
WARNING: [filemgmt 56-3] IPStaticSourceDir: Could not find the directory '$PIPUSERFILESDIR/ipstatic'.
CRITICAL WARNING: [Project 1-505] Unrecognized Option Name DSANumComputeUnits
CRITICAL WARNING: [Project 1-505] Unrecognized Option Name WTXSimLaunchSim
CRITICAL WARNING: [Project 1-505] Unrecognized Option Name WTModelSimLaunchSim
CRITICAL WARNING: [Project 1-505] Unrecognized Option Name WTQuestaLaunchSim
CRITICAL WARNING: [Project 1-505] Unrecognized Option Name WTIesLaunchSim
CRITICAL WARNING: [Project 1-505] Unrecognized Option Name WTVcsLaunchSim
CRITICAL WARNING: [Project 1-505] Unrecognized Option Name WTRivieraLaunchSim
CRITICAL WARNING: [Project 1-505] Unrecognized Option Name WTActivehdlLaunchSim
CRITICAL WARNING: [Project 1-505] Unrecognized Option Name WTXSimExportSim
CRITICAL WARNING: [Project 1-505] Unrecognized Option Name WTModelSimExportSim
CRITICAL WARNING: [Project 1-505] Unrecognized Option Name WTQuestaExportSim
CRITICAL WARNING: [Project 1-505] Unrecognized Option Name WTIesExportSim
CRITICAL WARNING: [Project 1-505] Unrecognized Option Name WTVcsExportSim
CRITICAL WARNING: [Project 1-505] Unrecognized Option Name WTRivieraExportSim
CRITICAL WARNING: [Project 1-505] Unrecognized Option Name WTActivehdlExportSim
CRITICAL WARNING: [Project 1-505] Unrecognized Option Name GenerateIPUpgradeLog
CRITICAL WARNING: [Project 1-505] Unrecognized Option Name XSimRadix
CRITICAL WARNING: [Project 1-505] Unrecognized Option Name XSimTimeUnit
CRITICAL WARNING: [Project 1-505] Unrecognized Option Name XSimArrayDisplayLimit
CRITICAL WARNING: [Project 1-505] Unrecognized Option Name XSimTraceLimit
WARNING: [Project 1-231] Project 'Lab8-17_VivadoFiles.xpr' was created with a future version and may or may not perform reliably with this version of Vivado. It has been opened in read-only mode for the protection of unrecognized data. Use 'File | Save Project As...' if you wish to alter a copy of the project.
INFO: [IP_Flow 19-234] Refreshing IP repositories
INFO: [IP_Flow 19-1700] Loaded user IP repository 'e:/LABS8-17 UPDATED 11-8-17/Lab8-17_VivadoFiles/Lab8-17_VivadoFiles.cache/ip'.
INFO: [IP_Flow 19-2313] Loaded Vivado IP repository 'C:/Xilinx/Vivado/2015.4/data/ip'.
save_project_as Old_vivado {E:/LABS8-17 UPDATED 11-8-17/Old_Vivado} -force
launch_simulation
INFO: [USF-XSim-27] Simulation object is 'sim_1'
INFO: [USF-XSim-37] Inspecting design source files for 'TopLevel_tb' in fileset 'sim_1'...
INFO: [USF-XSim-97] Finding global include files...
INFO: [USF-XSim-100] Fetching design files from 'sources_1'...(this may take a while)...
INFO: [USF-XSim-101] Fetching design files from 'sim_1'...
INFO: [USF-XSim-2] XSim::Compile design
INFO: [USF-XSim-61] Executing 'COMPILE' step in 'E:/LABS8-17 UPDATED 11-8-17/Old_Vivado/Old_vivado.sim/sim_1/behav'
"xvlog -m64 --relax -prj TopLevel_tb_vlog.prj"
INFO: [VRFC 10-2263] Analyzing Verilog file "E:/LABS8-17 UPDATED 11-8-17/Lab8-14_Files/DatapathComponents/ALU32Bit.v" into library xil_defaultlib
INFO: [VRFC 10-311] analyzing module ALU32Bit
INFO: [VRFC 10-2263] Analyzing Verilog file "E:/LABS8-17 UPDATED 11-8-17/Lab8-14_Files/Controllers/Control.v" into library xil_defaultlib
INFO: [VRFC 10-311] analyzing module Control
INFO: [VRFC 10-2263] Analyzing Verilog file "E:/LABS8-17 UPDATED 11-8-17/Lab8-14_Files/DatapathComponents/DataMemory.v" into library xil_defaultlib
INFO: [VRFC 10-311] analyzing module DataMemory
INFO: [VRFC 10-2263] Analyzing Verilog file "E:/LABS8-17 UPDATED 11-8-17/Lab8-14_Files/DatapathComponents/EXMEMRegister.v" into library xil_defaultlib
INFO: [VRFC 10-311] analyzing module EXMEMRegister
INFO: [VRFC 10-2263] Analyzing Verilog file "E:/LABS8-17 UPDATED 11-8-17/Lab8-14_Files/TopModules/Execution.v" into library xil_defaultlib
INFO: [VRFC 10-311] analyzing module Execution
WARNING: [VRFC 10-756] identifier Hi_Wire_ToOutput is used before its declaration [E:/LABS8-17 UPDATED 11-8-17/Lab8-14_Files/TopModules/Execution.v:47]
INFO: [VRFC 10-2263] Analyzing Verilog file "E:/LABS8-17 UPDATED 11-8-17/Lab8-14_Files/DatapathComponents/HiLoRegister.v" into library xil_defaultlib
INFO: [VRFC 10-311] analyzing module HiLoRegister
INFO: [VRFC 10-2263] Analyzing Verilog file "E:/LABS8-17 UPDATED 11-8-17/Lab8-14_Files/DatapathComponents/IDEXRegister.v" into library xil_defaultlib
INFO: [VRFC 10-311] analyzing module IDEXRegister
INFO: [VRFC 10-2263] Analyzing Verilog file "E:/LABS8-17 UPDATED 11-8-17/Lab8-14_Files/DatapathComponents/IFIDRegister.v" into library xil_defaultlib
INFO: [VRFC 10-311] analyzing module IFIDRegister
INFO: [VRFC 10-2263] Analyzing Verilog file "E:/LABS8-17 UPDATED 11-8-17/Lab8-14_Files/TopModules/InstructionDecode.v" into library xil_defaultlib
INFO: [VRFC 10-311] analyzing module InstructionDecode
INFO: [VRFC 10-2263] Analyzing Verilog file "E:/LABS8-17 UPDATED 11-8-17/Lab8-14_Files/TopModules/InstructionFetch.v" into library xil_defaultlib
INFO: [VRFC 10-311] analyzing module InstructionFetchUnit
INFO: [VRFC 10-2263] Analyzing Verilog file "E:/LABS8-17 UPDATED 11-8-17/Lab8-14_Files/DatapathComponents/InstructionMemory.v" into library xil_defaultlib
INFO: [VRFC 10-311] analyzing module InstructionMemory
INFO: [VRFC 10-2263] Analyzing Verilog file "E:/LABS8-17 UPDATED 11-8-17/Lab8-14_Files/DatapathComponents/MEMWBRegister.v" into library xil_defaultlib
INFO: [VRFC 10-311] analyzing module MEMWBRegister
INFO: [VRFC 10-2263] Analyzing Verilog file "E:/LABS8-17 UPDATED 11-8-17/Lab8-14_Files/TopModules/Memory.v" into library xil_defaultlib
INFO: [VRFC 10-311] analyzing module Memory
INFO: [VRFC 10-2263] Analyzing Verilog file "E:/LABS8-17 UPDATED 11-8-17/Lab8-14_Files/DatapathComponents/Mux32Bit2To1.v" into library xil_defaultlib
INFO: [VRFC 10-311] analyzing module Mux32Bit2To1
INFO: [VRFC 10-2263] Analyzing Verilog file "E:/LABS8-17 UPDATED 11-8-17/Lab8-14_Files/DatapathComponents/Mux5Bit2To1.v" into library xil_defaultlib
INFO: [VRFC 10-311] analyzing module Mux5Bit2To1
INFO: [VRFC 10-2263] Analyzing Verilog file "E:/LABS8-17 UPDATED 11-8-17/Lab8-14_Files/DatapathComponents/PCAdder.v" into library xil_defaultlib
INFO: [VRFC 10-311] analyzing module PCAdder
INFO: [VRFC 10-2263] Analyzing Verilog file "E:/LABS8-17 UPDATED 11-8-17/Lab8-14_Files/DatapathComponents/ProgramCounter.v" into library xil_defaultlib
INFO: [VRFC 10-311] analyzing module ProgramCounter
INFO: [VRFC 10-2263] Analyzing Verilog file "E:/LABS8-17 UPDATED 11-8-17/Lab8-14_Files/DatapathComponents/RegisterFile.v" into library xil_defaultlib
INFO: [VRFC 10-311] analyzing module RegisterFile
INFO: [VRFC 10-2263] Analyzing Verilog file "E:/LABS8-17 UPDATED 11-8-17/Lab8-14_Files/DatapathComponents/SignExtension.v" into library xil_defaultlib
INFO: [VRFC 10-311] analyzing module SignExtension
INFO: [VRFC 10-2263] Analyzing Verilog file "E:/LABS8-17 UPDATED 11-8-17/Lab8-14_Files/TopModules/WriteBack.v" into library xil_defaultlib
INFO: [VRFC 10-311] analyzing module WriteBack
INFO: [VRFC 10-2263] Analyzing Verilog file "E:/LABS8-17 UPDATED 11-8-17/Lab8-14_Files/TopModules/TopLevel.v" into library xil_defaultlib
INFO: [VRFC 10-311] analyzing module TopLevel
INFO: [VRFC 10-2263] Analyzing Verilog file "E:/LABS8-17 UPDATED 11-8-17/Lab8-14_Files/DatapathComponents/EXAdder.v" into library xil_defaultlib
INFO: [VRFC 10-311] analyzing module EXAdder
INFO: [VRFC 10-2263] Analyzing Verilog file "E:/LABS8-17 UPDATED 11-8-17/Old_Vivado/Old_vivado.srcs/sources_1/new/ShiftLeft2.v" into library xil_defaultlib
INFO: [VRFC 10-311] analyzing module ShiftLeft2
INFO: [VRFC 10-2263] Analyzing Verilog file "E:/LABS8-17 UPDATED 11-8-17/Lab8-14_Files/DatapathComponents/Mux32Bit3To1.v" into library xil_defaultlib
INFO: [VRFC 10-311] analyzing module Mux32Bit3To1
INFO: [VRFC 10-2263] Analyzing Verilog file "E:/LABS8-17 UPDATED 11-8-17/Lab8-14_Files/SimulationSources/TopLevel_tb.v" into library xil_defaultlib
INFO: [VRFC 10-311] analyzing module TopLevel_tb
INFO: [VRFC 10-2263] Analyzing Verilog file "E:/LABS8-17 UPDATED 11-8-17/Lab8-14_Files/SimulationSources/WriteBack_tb.v" into library xil_defaultlib
INFO: [VRFC 10-311] analyzing module WriteBack_tb
INFO: [VRFC 10-2263] Analyzing Verilog file "E:/LABS8-17 UPDATED 11-8-17/Lab8-14_Files/SimulationSources/Memory_tb.v" into library xil_defaultlib
INFO: [VRFC 10-311] analyzing module Memory_tb
INFO: [VRFC 10-2263] Analyzing Verilog file "E:/LABS8-17 UPDATED 11-8-17/Lab8-14_Files/SimulationSources/Execution_tb.v" into library xil_defaultlib
INFO: [VRFC 10-311] analyzing module Execution_tb
INFO: [VRFC 10-2263] Analyzing Verilog file "E:/LABS8-17 UPDATED 11-8-17/Lab8-14_Files/SimulationSources/InstructionDecode_tb.v" into library xil_defaultlib
INFO: [VRFC 10-311] analyzing module InstructionDecode_tb
INFO: [VRFC 10-2263] Analyzing Verilog file "E:/LABS8-17 UPDATED 11-8-17/Lab8-14_Files/SimulationSources/ALU32Bit_tb.v" into library xil_defaultlib
INFO: [VRFC 10-311] analyzing module ALU32Bit_tb
INFO: [VRFC 10-2263] Analyzing Verilog file "E:/LABS8-17 UPDATED 11-8-17/Lab8-14_Files/SimulationSources/Mux32Bit2To1_tb.v" into library xil_defaultlib
INFO: [VRFC 10-311] analyzing module Mux32Bit2To1_tb
INFO: [VRFC 10-2263] Analyzing Verilog file "E:/LABS8-17 UPDATED 11-8-17/Lab8-14_Files/SimulationSources/MEMWBRegister_tb.v" into library xil_defaultlib
INFO: [VRFC 10-311] analyzing module MEMWBRegister_tb
INFO: [VRFC 10-2263] Analyzing Verilog file "E:/LABS8-17 UPDATED 11-8-17/Lab8-14_Files/SimulationSources/ShiftLeft2_tb.v" into library xil_defaultlib
INFO: [VRFC 10-311] analyzing module ShiftLeft2_tb
INFO: [VRFC 10-2263] Analyzing Verilog file "E:/LABS8-17 UPDATED 11-8-17/Lab8-14_Files/SimulationSources/IFIDRegister_tb.v" into library xil_defaultlib
INFO: [VRFC 10-311] analyzing module IFIDRegister_tb
INFO: [VRFC 10-2263] Analyzing Verilog file "E:/LABS8-17 UPDATED 11-8-17/Lab8-14_Files/SimulationSources/DataMemory_tb.v" into library xil_defaultlib
INFO: [VRFC 10-311] analyzing module DataMemory_tb
INFO: [VRFC 10-2263] Analyzing Verilog file "E:/LABS8-17 UPDATED 11-8-17/Lab8-14_Files/SimulationSources/ALUControl_tb.v" into library xil_defaultlib
INFO: [VRFC 10-311] analyzing module ALUControl_tb
INFO: [VRFC 10-2263] Analyzing Verilog file "E:/LABS8-17 UPDATED 11-8-17/Lab8-14_Files/SimulationSources/Control_tb.v" into library xil_defaultlib
INFO: [VRFC 10-311] analyzing module Control_tb
INFO: [VRFC 10-2263] Analyzing Verilog file "E:/LABS8-17 UPDATED 11-8-17/Lab8-14_Files/SimulationSources/RegisterFile_tb.v" into library xil_defaultlib
INFO: [VRFC 10-311] analyzing module RegisterFile_tb
INFO: [VRFC 10-2263] Analyzing Verilog file "E:/LABS8-17 UPDATED 11-8-17/Lab8-14_Files/SimulationSources/IDEXRegister_tb.v" into library xil_defaultlib
INFO: [VRFC 10-311] analyzing module IDEXRegister_tb
INFO: [VRFC 10-2263] Analyzing Verilog file "E:/LABS8-17 UPDATED 11-8-17/Lab8-14_Files/SimulationSources/EXAdder_tb.v" into library xil_defaultlib
INFO: [VRFC 10-311] analyzing module EXAdder_tb
INFO: [VRFC 10-2263] Analyzing Verilog file "E:/LABS8-17 UPDATED 11-8-17/Lab8-14_Files/SimulationSources/PCAdder_tb.v" into library xil_defaultlib
INFO: [VRFC 10-311] analyzing module PCAdder_tb
INFO: [VRFC 10-2263] Analyzing Verilog file "E:/LABS8-17 UPDATED 11-8-17/Lab8-14_Files/SimulationSources/InstructionMemory_tb.v" into library xil_defaultlib
INFO: [VRFC 10-311] analyzing module InstructionMemory_tb
INFO: [VRFC 10-2263] Analyzing Verilog file "E:/LABS8-17 UPDATED 11-8-17/Lab8-14_Files/SimulationSources/EXMEMRegister_tb.v" into library xil_defaultlib
INFO: [VRFC 10-311] analyzing module EXMEMRegister_tb
INFO: [VRFC 10-2263] Analyzing Verilog file "E:/LABS8-17 UPDATED 11-8-17/Lab8-14_Files/SimulationSources/ProgramCounter_tb.v" into library xil_defaultlib
INFO: [VRFC 10-311] analyzing module ProgramCounter_tb
INFO: [VRFC 10-2263] Analyzing Verilog file "E:/LABS8-17 UPDATED 11-8-17/Lab8-14_Files/SimulationSources/SignExtension_tb.v" into library xil_defaultlib
INFO: [VRFC 10-311] analyzing module SignExtension_tb
INFO: [VRFC 10-2263] Analyzing Verilog file "E:/LABS8-17 UPDATED 11-8-17/Lab8-14_Files/SimulationSources/InstructionFetch_tb.v" into library xil_defaultlib
INFO: [VRFC 10-311] analyzing module InstructionFetch_tb
INFO: [VRFC 10-2263] Analyzing Verilog file "E:/LABS8-17 UPDATED 11-8-17/Old_Vivado/Old_vivado.sim/sim_1/behav/glbl.v" into library xil_defaultlib
INFO: [VRFC 10-311] analyzing module glbl
INFO: [USF-XSim-3] XSim::Elaborate design
INFO: [USF-XSim-61] Executing 'ELABORATE' step in 'E:/LABS8-17 UPDATED 11-8-17/Old_Vivado/Old_vivado.sim/sim_1/behav'
Vivado Simulator 2015.4
Copyright 1986-1999, 2001-2015 Xilinx, Inc. All Rights Reserved.
Running: C:/Xilinx/Vivado/2015.4/bin/unwrapped/win64.o/xelab.exe -wto ffce2d894845486290d135d7371d5d13 --debug typical --relax --mt 2 -L xil_defaultlib -L unisims_ver -L unimacro_ver -L secureip --snapshot TopLevel_tb_behav xil_defaultlib.TopLevel_tb xil_defaultlib.glbl -log elaborate.log 
Using 2 slave threads.
Starting static elaboration
Completed static elaboration
Starting simulation data flow analysis
Completed simulation data flow analysis
Time Resolution for simulation is 1ps
Compiling module xil_defaultlib.ProgramCounter
Compiling module xil_defaultlib.PCAdder
Compiling module xil_defaultlib.InstructionMemory
Compiling module xil_defaultlib.InstructionFetchUnit
Compiling module xil_defaultlib.IFIDRegister
Compiling module xil_defaultlib.RegisterFile
Compiling module xil_defaultlib.Control
Compiling module xil_defaultlib.SignExtension
Compiling module xil_defaultlib.InstructionDecode
Compiling module xil_defaultlib.IDEXRegister
Compiling module xil_defaultlib.ShiftLeft2
Compiling module xil_defaultlib.EXAdder
Compiling module xil_defaultlib.Mux32Bit2To1
Compiling module xil_defaultlib.Mux32Bit3To1
Compiling module xil_defaultlib.Mux5Bit2To1
Compiling module xil_defaultlib.ALU32Bit
Compiling module xil_defaultlib.HiLoRegister
Compiling module xil_defaultlib.Execution
Compiling module xil_defaultlib.EXMEMRegister
Compiling module xil_defaultlib.DataMemory
Compiling module xil_defaultlib.Memory
Compiling module xil_defaultlib.MEMWBRegister
Compiling module xil_defaultlib.WriteBack
Compiling module xil_defaultlib.TopLevel
Compiling module xil_defaultlib.TopLevel_tb
Compiling module xil_defaultlib.glbl
Built simulation snapshot TopLevel_tb_behav

****** Webtalk v2015.4.2 (64-bit)
  **** SW Build 1494164 on Fri Feb 26 04:18:56 MST 2016
  **** IP Build 1491208 on Wed Feb 24 03:25:39 MST 2016
    ** Copyright 1986-2015 Xilinx, Inc. All Rights Reserved.

source E:/LABS8-17 -notrace
couldn't read file "E:/LABS8-17": no such file or directory
INFO: [Common 17-206] Exiting Webtalk at Mon Nov 20 14:49:38 2017...
INFO: [USF-XSim-4] XSim::Simulate design
INFO: [USF-XSim-61] Executing 'SIMULATE' step in 'E:/LABS8-17 UPDATED 11-8-17/Old_Vivado/Old_vivado.sim/sim_1/behav'
INFO: [USF-XSim-98] *** Running xsim
   with args "TopLevel_tb_behav -key {Behavioral:sim_1:Functional:TopLevel_tb} -tclbatch {TopLevel_tb.tcl} -log {simulate.log}"
INFO: [USF-XSim-8] Loading simulator feature
Vivado Simulator 2015.4
Time resolution is 1 ps
source TopLevel_tb.tcl
# set curr_wave [current_wave_config]
# if { [string length $curr_wave] == 0 } {
#   if { [llength [get_objects]] > 0} {
#     add_wave /
#     set_property needs_save false [current_wave_config]
#   } else {
#      send_msg_id Add_Wave-1 WARNING "No top level signals found. Simulator will start without a wave window. If you want to open a wave window go to 'File->New Waveform Configuration' or type 'create_wave_config' in the TCL console."
#   }
# }
# run 1000ns
INFO: [USF-XSim-96] XSim completed. Design snapshot 'TopLevel_tb_behav' loaded.
INFO: [USF-XSim-97] XSim simulation ran for 1000ns
launch_simulation: Time (s): cpu = 00:00:03 ; elapsed = 00:00:08 . Memory (MB): peak = 795.086 ; gain = 0.000
restart
INFO: [Simtcl 6-17] Simulation restarted
run 80 us
synth_design -rtl -name rtl_1
Command: synth_design -rtl -name rtl_1
Starting synth_design
Using part: xc7k70tfbv676-1
Top: TopLevel
---------------------------------------------------------------------------------
Starting RTL Elaboration : Time (s): cpu = 00:01:03 ; elapsed = 00:36:51 . Memory (MB): peak = 838.840 ; gain = 667.043
---------------------------------------------------------------------------------
INFO: [Synth 8-638] synthesizing module 'TopLevel' [E:/LABS8-17 UPDATED 11-8-17/Lab8-14_Files/TopModules/TopLevel.v:16]
INFO: [Synth 8-638] synthesizing module 'InstructionFetchUnit' [E:/LABS8-17 UPDATED 11-8-17/Lab8-14_Files/TopModules/InstructionFetch.v:42]
INFO: [Synth 8-638] synthesizing module 'ProgramCounter' [E:/LABS8-17 UPDATED 11-8-17/Lab8-14_Files/DatapathComponents/ProgramCounter.v:28]
INFO: [Synth 8-256] done synthesizing module 'ProgramCounter' (1#1) [E:/LABS8-17 UPDATED 11-8-17/Lab8-14_Files/DatapathComponents/ProgramCounter.v:28]
INFO: [Synth 8-638] synthesizing module 'PCAdder' [E:/LABS8-17 UPDATED 11-8-17/Lab8-14_Files/DatapathComponents/PCAdder.v:23]
INFO: [Synth 8-256] done synthesizing module 'PCAdder' (2#1) [E:/LABS8-17 UPDATED 11-8-17/Lab8-14_Files/DatapathComponents/PCAdder.v:23]
INFO: [Synth 8-638] synthesizing module 'InstructionMemory' [E:/LABS8-17 UPDATED 11-8-17/Lab8-14_Files/DatapathComponents/InstructionMemory.v:40]
INFO: [Synth 8-256] done synthesizing module 'InstructionMemory' (3#1) [E:/LABS8-17 UPDATED 11-8-17/Lab8-14_Files/DatapathComponents/InstructionMemory.v:40]
INFO: [Synth 8-256] done synthesizing module 'InstructionFetchUnit' (4#1) [E:/LABS8-17 UPDATED 11-8-17/Lab8-14_Files/TopModules/InstructionFetch.v:42]
INFO: [Synth 8-638] synthesizing module 'IFIDRegister' [E:/LABS8-17 UPDATED 11-8-17/Lab8-14_Files/DatapathComponents/IFIDRegister.v:3]
INFO: [Synth 8-256] done synthesizing module 'IFIDRegister' (5#1) [E:/LABS8-17 UPDATED 11-8-17/Lab8-14_Files/DatapathComponents/IFIDRegister.v:3]
INFO: [Synth 8-638] synthesizing module 'InstructionDecode' [E:/LABS8-17 UPDATED 11-8-17/Lab8-14_Files/TopModules/InstructionDecode.v:3]
INFO: [Synth 8-638] synthesizing module 'RegisterFile' [E:/LABS8-17 UPDATED 11-8-17/Lab8-14_Files/DatapathComponents/RegisterFile.v:51]
WARNING: [Synth 8-567] referenced signal 'regfile' should be on the sensitivity list [E:/LABS8-17 UPDATED 11-8-17/Lab8-14_Files/DatapathComponents/RegisterFile.v:80]
INFO: [Synth 8-256] done synthesizing module 'RegisterFile' (6#1) [E:/LABS8-17 UPDATED 11-8-17/Lab8-14_Files/DatapathComponents/RegisterFile.v:51]
INFO: [Synth 8-638] synthesizing module 'Control' [E:/LABS8-17 UPDATED 11-8-17/Lab8-14_Files/Controllers/Control.v:23]
WARNING: [Synth 8-151] case item 6'b000110 is unreachable [E:/LABS8-17 UPDATED 11-8-17/Lab8-14_Files/Controllers/Control.v:85]
INFO: [Synth 8-155] case statement is not full and has no default [E:/LABS8-17 UPDATED 11-8-17/Lab8-14_Files/Controllers/Control.v:85]
INFO: [Synth 8-155] case statement is not full and has no default [E:/LABS8-17 UPDATED 11-8-17/Lab8-14_Files/Controllers/Control.v:239]
INFO: [Synth 8-155] case statement is not full and has no default [E:/LABS8-17 UPDATED 11-8-17/Lab8-14_Files/Controllers/Control.v:307]
INFO: [Synth 8-155] case statement is not full and has no default [E:/LABS8-17 UPDATED 11-8-17/Lab8-14_Files/Controllers/Control.v:68]
INFO: [Synth 8-256] done synthesizing module 'Control' (7#1) [E:/LABS8-17 UPDATED 11-8-17/Lab8-14_Files/Controllers/Control.v:23]
INFO: [Synth 8-638] synthesizing module 'SignExtension' [E:/LABS8-17 UPDATED 11-8-17/Lab8-14_Files/DatapathComponents/SignExtension.v:8]
INFO: [Synth 8-256] done synthesizing module 'SignExtension' (8#1) [E:/LABS8-17 UPDATED 11-8-17/Lab8-14_Files/DatapathComponents/SignExtension.v:8]
INFO: [Synth 8-256] done synthesizing module 'InstructionDecode' (9#1) [E:/LABS8-17 UPDATED 11-8-17/Lab8-14_Files/TopModules/InstructionDecode.v:3]
INFO: [Synth 8-638] synthesizing module 'IDEXRegister' [E:/LABS8-17 UPDATED 11-8-17/Lab8-14_Files/DatapathComponents/IDEXRegister.v:3]
INFO: [Synth 8-256] done synthesizing module 'IDEXRegister' (10#1) [E:/LABS8-17 UPDATED 11-8-17/Lab8-14_Files/DatapathComponents/IDEXRegister.v:3]
INFO: [Synth 8-638] synthesizing module 'Execution' [E:/LABS8-17 UPDATED 11-8-17/Lab8-14_Files/TopModules/Execution.v:3]
INFO: [Synth 8-638] synthesizing module 'ShiftLeft2' [E:/LABS8-17 UPDATED 11-8-17/Old_Vivado/Old_vivado.srcs/sources_1/new/ShiftLeft2.v:3]
INFO: [Synth 8-256] done synthesizing module 'ShiftLeft2' (11#1) [E:/LABS8-17 UPDATED 11-8-17/Old_Vivado/Old_vivado.srcs/sources_1/new/ShiftLeft2.v:3]
INFO: [Synth 8-638] synthesizing module 'EXAdder' [E:/LABS8-17 UPDATED 11-8-17/Lab8-14_Files/DatapathComponents/EXAdder.v:3]
INFO: [Synth 8-256] done synthesizing module 'EXAdder' (12#1) [E:/LABS8-17 UPDATED 11-8-17/Lab8-14_Files/DatapathComponents/EXAdder.v:3]
INFO: [Synth 8-638] synthesizing module 'Mux32Bit2To1' [E:/LABS8-17 UPDATED 11-8-17/Lab8-14_Files/DatapathComponents/Mux32Bit2To1.v:10]
INFO: [Synth 8-256] done synthesizing module 'Mux32Bit2To1' (13#1) [E:/LABS8-17 UPDATED 11-8-17/Lab8-14_Files/DatapathComponents/Mux32Bit2To1.v:10]
INFO: [Synth 8-638] synthesizing module 'Mux32Bit3To1' [E:/LABS8-17 UPDATED 11-8-17/Lab8-14_Files/DatapathComponents/Mux32Bit3To1.v:10]
INFO: [Synth 8-256] done synthesizing module 'Mux32Bit3To1' (14#1) [E:/LABS8-17 UPDATED 11-8-17/Lab8-14_Files/DatapathComponents/Mux32Bit3To1.v:10]
INFO: [Synth 8-638] synthesizing module 'Mux5Bit2To1' [E:/LABS8-17 UPDATED 11-8-17/Lab8-14_Files/DatapathComponents/Mux5Bit2To1.v:10]
INFO: [Synth 8-256] done synthesizing module 'Mux5Bit2To1' (15#1) [E:/LABS8-17 UPDATED 11-8-17/Lab8-14_Files/DatapathComponents/Mux5Bit2To1.v:10]
INFO: [Synth 8-638] synthesizing module 'ALU32Bit' [E:/LABS8-17 UPDATED 11-8-17/Lab8-14_Files/DatapathComponents/ALU32Bit.v:37]
WARNING: [Synth 8-567] referenced signal 'ALUResult' should be on the sensitivity list [E:/LABS8-17 UPDATED 11-8-17/Lab8-14_Files/DatapathComponents/ALU32Bit.v:50]
INFO: [Synth 8-256] done synthesizing module 'ALU32Bit' (16#1) [E:/LABS8-17 UPDATED 11-8-17/Lab8-14_Files/DatapathComponents/ALU32Bit.v:37]
INFO: [Synth 8-638] synthesizing module 'HiLoRegister' [E:/LABS8-17 UPDATED 11-8-17/Lab8-14_Files/DatapathComponents/HiLoRegister.v:26]
WARNING: [Synth 8-567] referenced signal 'HiOut_stored' should be on the sensitivity list [E:/LABS8-17 UPDATED 11-8-17/Lab8-14_Files/DatapathComponents/HiLoRegister.v:58]
WARNING: [Synth 8-567] referenced signal 'LoOut_stored' should be on the sensitivity list [E:/LABS8-17 UPDATED 11-8-17/Lab8-14_Files/DatapathComponents/HiLoRegister.v:58]
INFO: [Synth 8-256] done synthesizing module 'HiLoRegister' (17#1) [E:/LABS8-17 UPDATED 11-8-17/Lab8-14_Files/DatapathComponents/HiLoRegister.v:26]
INFO: [Synth 8-256] done synthesizing module 'Execution' (18#1) [E:/LABS8-17 UPDATED 11-8-17/Lab8-14_Files/TopModules/Execution.v:3]
INFO: [Synth 8-638] synthesizing module 'EXMEMRegister' [E:/LABS8-17 UPDATED 11-8-17/Lab8-14_Files/DatapathComponents/EXMEMRegister.v:3]
INFO: [Synth 8-256] done synthesizing module 'EXMEMRegister' (19#1) [E:/LABS8-17 UPDATED 11-8-17/Lab8-14_Files/DatapathComponents/EXMEMRegister.v:3]
INFO: [Synth 8-638] synthesizing module 'Memory' [E:/LABS8-17 UPDATED 11-8-17/Lab8-14_Files/TopModules/Memory.v:3]
INFO: [Synth 8-638] synthesizing module 'DataMemory' [E:/LABS8-17 UPDATED 11-8-17/Lab8-14_Files/DatapathComponents/DataMemory.v:38]
INFO: [Synth 8-256] done synthesizing module 'DataMemory' (20#1) [E:/LABS8-17 UPDATED 11-8-17/Lab8-14_Files/DatapathComponents/DataMemory.v:38]
INFO: [Synth 8-256] done synthesizing module 'Memory' (21#1) [E:/LABS8-17 UPDATED 11-8-17/Lab8-14_Files/TopModules/Memory.v:3]
INFO: [Synth 8-638] synthesizing module 'MEMWBRegister' [E:/LABS8-17 UPDATED 11-8-17/Lab8-14_Files/DatapathComponents/MEMWBRegister.v:3]
INFO: [Synth 8-256] done synthesizing module 'MEMWBRegister' (22#1) [E:/LABS8-17 UPDATED 11-8-17/Lab8-14_Files/DatapathComponents/MEMWBRegister.v:3]
INFO: [Synth 8-638] synthesizing module 'WriteBack' [E:/LABS8-17 UPDATED 11-8-17/Lab8-14_Files/TopModules/WriteBack.v:3]
INFO: [Synth 8-256] done synthesizing module 'WriteBack' (23#1) [E:/LABS8-17 UPDATED 11-8-17/Lab8-14_Files/TopModules/WriteBack.v:3]
INFO: [Synth 8-256] done synthesizing module 'TopLevel' (24#1) [E:/LABS8-17 UPDATED 11-8-17/Lab8-14_Files/TopModules/TopLevel.v:16]
---------------------------------------------------------------------------------
Finished RTL Elaboration : Time (s): cpu = 00:01:04 ; elapsed = 00:36:52 . Memory (MB): peak = 875.113 ; gain = 703.316
---------------------------------------------------------------------------------

Report Check Netlist: 
+------+------------------+-------+---------+-------+------------------+
|      |Item              |Errors |Warnings |Status |Description       |
+------+------------------+-------+---------+-------+------------------+
|1     |multi_driven_nets |      0|        0|Passed |Multi driven nets |
+------+------------------+-------+---------+-------+------------------+
---------------------------------------------------------------------------------
Finished RTL Optimization Phase 1 : Time (s): cpu = 00:01:04 ; elapsed = 00:36:52 . Memory (MB): peak = 875.113 ; gain = 703.316
---------------------------------------------------------------------------------
INFO: [Device 21-403] Loading part xc7k70tfbv676-1
INFO: [Project 1-570] Preparing netlist for logic optimization
INFO: [Opt 31-141] Inserted 128 OBUFs to IO ports without IO buffers.

Processing XDC Constraints
Initializing timing engine
Completed Processing XDC Constraints

INFO: [Opt 31-138] Pushed 0 inverter(s) to 0 load pin(s).
INFO: [Project 1-111] Unisim Transformation Summary:
No Unisim elements were transformed.

RTL Elaboration Complete:  : Time (s): cpu = 00:01:12 ; elapsed = 00:36:57 . Memory (MB): peak = 1163.992 ; gain = 992.195
57 Infos, 5 Warnings, 0 Critical Warnings and 0 Errors encountered.
synth_design completed successfully
synth_design: Time (s): cpu = 00:00:12 ; elapsed = 00:00:09 . Memory (MB): peak = 1163.992 ; gain = 366.102
close_sim
INFO: [Simtcl 6-16] Simulation closed
exit
INFO: [Common 17-206] Exiting Vivado at Mon Nov 20 15:43:32 2017...
