#-----------------------------------------------------------
# Vivado v2015.4.2 (64-bit)
# SW Build 1494164 on Fri Feb 26 04:18:56 MST 2016
# IP Build 1491208 on Wed Feb 24 03:25:39 MST 2016
# Start of session at: Mon Dec 04 15:46:13 2017
# Process ID: 3996
# Current directory: E:/369FinalPipeline-12-4-17
# Command line: vivado.exe -gui_launcher_event rodinguilauncherevent12248 E:\369FinalPipeline-12-4-17\369FinalPipeline-12-4-17.xpr
# Log file: E:/369FinalPipeline-12-4-17/vivado.log
# Journal file: E:/369FinalPipeline-12-4-17\vivado.jou
#-----------------------------------------------------------
start_gui
open_project E:/369FinalPipeline-12-4-17/369FinalPipeline-12-4-17.xpr
INFO: [Project 1-313] Project file moved from 'C:/Users/Jesus/Documents/ECE 369/369FinalPipeline-12-4-17' since last save.
Scanning sources...
Finished scanning sources
CRITICAL WARNING: [Project 1-192] Failed to load run synth_1. Strategy Vivado Synthesis Defaults (Vivado Synthesis 2017) not recognized by Vivado. 

CRITICAL WARNING: [Project 1-192] Failed to load run impl_1. Strategy Vivado Implementation Defaults (Vivado Implementation 2017) not recognized by Vivado. 

CRITICAL WARNING: [Project 1-532] XML ERROR: Project Option CompiledLibDirXSim has no valid value
WARNING: [filemgmt 56-2] IP Output Repository Path: Could not find the directory 'E:/369FinalPipeline-12-4-17/369FinalPipeline-12-4-17.cache/ip', nor could it be found using path 'C:/Users/Jesus/Documents/ECE 369/369FinalPipeline-12-4-17/369FinalPipeline-12-4-17.cache/ip'.
WARNING: [filemgmt 56-3] IPUserFilesDir: Could not find the directory '$PIPUSERFILESDIR'.
WARNING: [filemgmt 56-3] IPStaticSourceDir: Could not find the directory '$PIPUSERFILESDIR/ipstatic'.
CRITICAL WARNING: [Project 1-505] Unrecognized Option Name DSANumComputeUnits
CRITICAL WARNING: [Project 1-505] Unrecognized Option Name WTXSimLaunchSim
CRITICAL WARNING: [Project 1-505] Unrecognized Option Name WTModelSimLaunchSim
CRITICAL WARNING: [Project 1-505] Unrecognized Option Name WTQuestaLaunchSim
CRITICAL WARNING: [Project 1-505] Unrecognized Option Name WTIesLaunchSim
CRITICAL WARNING: [Project 1-505] Unrecognized Option Name WTVcsLaunchSim
CRITICAL WARNING: [Project 1-505] Unrecognized Option Name WTRivieraLaunchSim
CRITICAL WARNING: [Project 1-505] Unrecognized Option Name WTActivehdlLaunchSim
CRITICAL WARNING: [Project 1-505] Unrecognized Option Name WTXSimExportSim
CRITICAL WARNING: [Project 1-505] Unrecognized Option Name WTModelSimExportSim
CRITICAL WARNING: [Project 1-505] Unrecognized Option Name WTQuestaExportSim
CRITICAL WARNING: [Project 1-505] Unrecognized Option Name WTIesExportSim
CRITICAL WARNING: [Project 1-505] Unrecognized Option Name WTVcsExportSim
CRITICAL WARNING: [Project 1-505] Unrecognized Option Name WTRivieraExportSim
CRITICAL WARNING: [Project 1-505] Unrecognized Option Name WTActivehdlExportSim
CRITICAL WARNING: [Project 1-505] Unrecognized Option Name GenerateIPUpgradeLog
CRITICAL WARNING: [Project 1-505] Unrecognized Option Name XSimRadix
CRITICAL WARNING: [Project 1-505] Unrecognized Option Name XSimTimeUnit
CRITICAL WARNING: [Project 1-505] Unrecognized Option Name XSimArrayDisplayLimit
CRITICAL WARNING: [Project 1-505] Unrecognized Option Name XSimTraceLimit
WARNING: [Project 1-231] Project '369FinalPipeline-12-4-17.xpr' was created with a future version and may or may not perform reliably with this version of Vivado. It has been opened in read-only mode for the protection of unrecognized data. Use 'File | Save Project As...' if you wish to alter a copy of the project.
INFO: [IP_Flow 19-234] Refreshing IP repositories
INFO: [IP_Flow 19-1700] Loaded user IP repository 'e:/369FinalPipeline-12-4-17/369FinalPipeline-12-4-17.cache/ip'.
INFO: [IP_Flow 19-2313] Loaded Vivado IP repository 'C:/Xilinx/Vivado/2015.4/data/ip'.
save_project_as Old_Vivado_12-4-17 E:/369FinalPipeline-12-4-17/Old_Vivado_12-4-17 -force
save_project_as: Time (s): cpu = 00:00:04 ; elapsed = 00:00:06 . Memory (MB): peak = 744.441 ; gain = 0.000
launch_simulation
INFO: [USF-XSim-27] Simulation object is 'sim_1'
INFO: [USF-XSim-37] Inspecting design source files for 'TopLevel_tb' in fileset 'sim_1'...
INFO: [USF-XSim-25] Exported 'E:/369FinalPipeline-12-4-17/Old_Vivado_12-4-17/Old_Vivado_12-4-17.sim/sim_1/behav/Instruction_memory.txt'
INFO: [USF-XSim-25] Exported 'E:/369FinalPipeline-12-4-17/Old_Vivado_12-4-17/Old_Vivado_12-4-17.sim/sim_1/behav/8-11_tests.txt'
INFO: [USF-XSim-25] Exported 'E:/369FinalPipeline-12-4-17/Old_Vivado_12-4-17/Old_Vivado_12-4-17.sim/sim_1/behav/tester.txt'
INFO: [USF-XSim-97] Finding global include files...
INFO: [USF-XSim-98] Fetching design files from 'sim_1'...
INFO: [USF-XSim-2] XSim::Compile design
INFO: [USF-XSim-61] Executing 'COMPILE' step in 'E:/369FinalPipeline-12-4-17/Old_Vivado_12-4-17/Old_Vivado_12-4-17.sim/sim_1/behav'
"xvlog -m64 --relax -prj TopLevel_tb_vlog.prj"
INFO: [VRFC 10-2263] Analyzing Verilog file "E:/369FinalPipeline-12-4-17/WORKING PIPELINE FILES/Design Sources/ALU32Bit.v" into library xil_defaultlib
INFO: [VRFC 10-311] analyzing module ALU32Bit
INFO: [VRFC 10-2263] Analyzing Verilog file "E:/369FinalPipeline-12-4-17/WORKING PIPELINE FILES/Design Sources/AndGate.v" into library xil_defaultlib
INFO: [VRFC 10-311] analyzing module AndGate
INFO: [VRFC 10-2263] Analyzing Verilog file "E:/369FinalPipeline-12-4-17/WORKING PIPELINE FILES/Design Sources/Control.v" into library xil_defaultlib
INFO: [VRFC 10-311] analyzing module Control
ERROR: [VRFC 10-1241] port Flush is not defined [E:/369FinalPipeline-12-4-17/WORKING PIPELINE FILES/Design Sources/Control.v:26]
ERROR: [VRFC 10-1040] module Control ignored due to previous errors [E:/369FinalPipeline-12-4-17/WORKING PIPELINE FILES/Design Sources/Control.v:23]
INFO: [USF-XSim-99] Step results log file:'E:/369FinalPipeline-12-4-17/Old_Vivado_12-4-17/Old_Vivado_12-4-17.sim/sim_1/behav/xvlog.log'
ERROR: [USF-XSim-62] 'compile' step failed with error(s). Please check the Tcl console output or 'E:/369FinalPipeline-12-4-17/Old_Vivado_12-4-17/Old_Vivado_12-4-17.sim/sim_1/behav/xvlog.log' file for more information.
synth_design -rtl -name rtl_1
Command: synth_design -rtl -name rtl_1
Starting synth_design
Using part: xc7a100tcsg324-1
Top: TopLevel
ERROR: [Synth 8-2537] port Flush is not defined [E:/369FinalPipeline-12-4-17/WORKING PIPELINE FILES/Design Sources/Control.v:26]
INFO: [Synth 8-2350] module Control ignored due to previous errors [E:/369FinalPipeline-12-4-17/WORKING PIPELINE FILES/Design Sources/Control.v:23]
Failed to read verilog 'E:/369FinalPipeline-12-4-17/WORKING PIPELINE FILES/Design Sources/Control.v'
1 Infos, 0 Warnings, 0 Critical Warnings and 2 Errors encountered.
synth_design failed
ERROR: [Vivado_Tcl 4-5] Elaboration failed - please see the console for details
synth_design -rtl -name rtl_1
Command: synth_design -rtl -name rtl_1
Starting synth_design
Using part: xc7a100tcsg324-1
Top: TopLevel
---------------------------------------------------------------------------------
Starting RTL Elaboration : Time (s): cpu = 00:01:15 ; elapsed = 00:11:25 . Memory (MB): peak = 837.699 ; gain = 666.188
---------------------------------------------------------------------------------
INFO: [Synth 8-638] synthesizing module 'TopLevel' [E:/369FinalPipeline-12-4-17/WORKING PIPELINE FILES/Design Sources/TopLevel.v:16]
INFO: [Synth 8-638] synthesizing module 'Mux32Bit2To1' [E:/369FinalPipeline-12-4-17/WORKING PIPELINE FILES/Design Sources/Mux32Bit2To1.v:10]
INFO: [Synth 8-256] done synthesizing module 'Mux32Bit2To1' (1#1) [E:/369FinalPipeline-12-4-17/WORKING PIPELINE FILES/Design Sources/Mux32Bit2To1.v:10]
WARNING: [Synth 8-689] width (32) of port connection 'sel' does not match port width (1) of module 'Mux32Bit2To1' [E:/369FinalPipeline-12-4-17/WORKING PIPELINE FILES/Design Sources/TopLevel.v:121]
INFO: [Synth 8-638] synthesizing module 'ProgramCounter' [E:/369FinalPipeline-12-4-17/WORKING PIPELINE FILES/Design Sources/ProgramCounter.v:33]
INFO: [Synth 8-256] done synthesizing module 'ProgramCounter' (2#1) [E:/369FinalPipeline-12-4-17/WORKING PIPELINE FILES/Design Sources/ProgramCounter.v:33]
INFO: [Synth 8-638] synthesizing module 'PCAdder' [E:/369FinalPipeline-12-4-17/WORKING PIPELINE FILES/Design Sources/PCAdder.v:23]
INFO: [Synth 8-256] done synthesizing module 'PCAdder' (3#1) [E:/369FinalPipeline-12-4-17/WORKING PIPELINE FILES/Design Sources/PCAdder.v:23]
INFO: [Synth 8-638] synthesizing module 'InstructionMemory' [E:/369FinalPipeline-12-4-17/WORKING PIPELINE FILES/Design Sources/InstructionMemory.v:40]
INFO: [Synth 8-3876] $readmem data file 'tester.txt' is read successfully [E:/369FinalPipeline-12-4-17/WORKING PIPELINE FILES/Design Sources/InstructionMemory.v:51]
INFO: [Synth 8-256] done synthesizing module 'InstructionMemory' (4#1) [E:/369FinalPipeline-12-4-17/WORKING PIPELINE FILES/Design Sources/InstructionMemory.v:40]
INFO: [Synth 8-638] synthesizing module 'IFIDRegister' [E:/369FinalPipeline-12-4-17/WORKING PIPELINE FILES/Design Sources/IFIDRegister.v:3]
INFO: [Synth 8-256] done synthesizing module 'IFIDRegister' (5#1) [E:/369FinalPipeline-12-4-17/WORKING PIPELINE FILES/Design Sources/IFIDRegister.v:3]
INFO: [Synth 8-638] synthesizing module 'HazardDetect' [E:/369FinalPipeline-12-4-17/WORKING PIPELINE FILES/Design Sources/HazardDetect.v:3]
INFO: [Synth 8-256] done synthesizing module 'HazardDetect' (6#1) [E:/369FinalPipeline-12-4-17/WORKING PIPELINE FILES/Design Sources/HazardDetect.v:3]
INFO: [Synth 8-638] synthesizing module 'RegisterFile' [E:/369FinalPipeline-12-4-17/WORKING PIPELINE FILES/Design Sources/RegisterFile.v:51]
INFO: [Synth 8-256] done synthesizing module 'RegisterFile' (7#1) [E:/369FinalPipeline-12-4-17/WORKING PIPELINE FILES/Design Sources/RegisterFile.v:51]
INFO: [Synth 8-638] synthesizing module 'Control' [E:/369FinalPipeline-12-4-17/WORKING PIPELINE FILES/Design Sources/Control.v:23]
WARNING: [Synth 8-151] case item 6'b000001 is unreachable [E:/369FinalPipeline-12-4-17/WORKING PIPELINE FILES/Design Sources/Control.v:72]
WARNING: [Synth 8-151] case item 6'b000110 is unreachable [E:/369FinalPipeline-12-4-17/WORKING PIPELINE FILES/Design Sources/Control.v:91]
INFO: [Synth 8-155] case statement is not full and has no default [E:/369FinalPipeline-12-4-17/WORKING PIPELINE FILES/Design Sources/Control.v:91]
INFO: [Synth 8-155] case statement is not full and has no default [E:/369FinalPipeline-12-4-17/WORKING PIPELINE FILES/Design Sources/Control.v:251]
INFO: [Synth 8-155] case statement is not full and has no default [E:/369FinalPipeline-12-4-17/WORKING PIPELINE FILES/Design Sources/Control.v:454]
INFO: [Synth 8-155] case statement is not full and has no default [E:/369FinalPipeline-12-4-17/WORKING PIPELINE FILES/Design Sources/Control.v:72]
INFO: [Synth 8-256] done synthesizing module 'Control' (8#1) [E:/369FinalPipeline-12-4-17/WORKING PIPELINE FILES/Design Sources/Control.v:23]
INFO: [Synth 8-638] synthesizing module 'JumpShiftLeft2' [E:/369FinalPipeline-12-4-17/WORKING PIPELINE FILES/Design Sources/JumpShiftLeft2.v:3]
INFO: [Synth 8-256] done synthesizing module 'JumpShiftLeft2' (9#1) [E:/369FinalPipeline-12-4-17/WORKING PIPELINE FILES/Design Sources/JumpShiftLeft2.v:3]
WARNING: [Synth 8-689] width (29) of port connection 'out' does not match port width (28) of module 'JumpShiftLeft2' [E:/369FinalPipeline-12-4-17/WORKING PIPELINE FILES/Design Sources/TopLevel.v:231]
INFO: [Synth 8-638] synthesizing module 'JumpExtension' [E:/369FinalPipeline-12-4-17/WORKING PIPELINE FILES/Design Sources/JumpExtension.v:16]
INFO: [Synth 8-256] done synthesizing module 'JumpExtension' (10#1) [E:/369FinalPipeline-12-4-17/WORKING PIPELINE FILES/Design Sources/JumpExtension.v:16]
WARNING: [Synth 8-689] width (29) of port connection 'JumpShiftResult' does not match port width (28) of module 'JumpExtension' [E:/369FinalPipeline-12-4-17/WORKING PIPELINE FILES/Design Sources/TopLevel.v:236]
INFO: [Synth 8-638] synthesizing module 'SignExtension' [E:/369FinalPipeline-12-4-17/WORKING PIPELINE FILES/Design Sources/SignExtension.v:8]
INFO: [Synth 8-256] done synthesizing module 'SignExtension' (11#1) [E:/369FinalPipeline-12-4-17/WORKING PIPELINE FILES/Design Sources/SignExtension.v:8]
INFO: [Synth 8-638] synthesizing module 'IDEXRegister' [E:/369FinalPipeline-12-4-17/WORKING PIPELINE FILES/Design Sources/IDEXRegister.v:3]
INFO: [Synth 8-256] done synthesizing module 'IDEXRegister' (12#1) [E:/369FinalPipeline-12-4-17/WORKING PIPELINE FILES/Design Sources/IDEXRegister.v:3]
INFO: [Synth 8-638] synthesizing module 'ShiftLeft2' [E:/369FinalPipeline-12-4-17/WORKING PIPELINE FILES/Design Sources/ShiftLeft2.v:3]
INFO: [Synth 8-256] done synthesizing module 'ShiftLeft2' (13#1) [E:/369FinalPipeline-12-4-17/WORKING PIPELINE FILES/Design Sources/ShiftLeft2.v:3]
INFO: [Synth 8-638] synthesizing module 'EXAdder' [E:/369FinalPipeline-12-4-17/WORKING PIPELINE FILES/Design Sources/EXAdder.v:3]
INFO: [Synth 8-256] done synthesizing module 'EXAdder' (14#1) [E:/369FinalPipeline-12-4-17/WORKING PIPELINE FILES/Design Sources/EXAdder.v:3]
INFO: [Synth 8-638] synthesizing module 'Mux32Bit3To1' [E:/369FinalPipeline-12-4-17/WORKING PIPELINE FILES/Design Sources/Mux32Bit3To1.v:10]
INFO: [Synth 8-256] done synthesizing module 'Mux32Bit3To1' (15#1) [E:/369FinalPipeline-12-4-17/WORKING PIPELINE FILES/Design Sources/Mux32Bit3To1.v:10]
INFO: [Synth 8-638] synthesizing module 'Mux5Bit2To1' [E:/369FinalPipeline-12-4-17/WORKING PIPELINE FILES/Design Sources/Mux5Bit2To1.v:10]
INFO: [Synth 8-256] done synthesizing module 'Mux5Bit2To1' (16#1) [E:/369FinalPipeline-12-4-17/WORKING PIPELINE FILES/Design Sources/Mux5Bit2To1.v:10]
INFO: [Synth 8-638] synthesizing module 'ForwardUnit' [E:/369FinalPipeline-12-4-17/WORKING PIPELINE FILES/Design Sources/ForwardingUnit.v:3]
INFO: [Synth 8-256] done synthesizing module 'ForwardUnit' (17#1) [E:/369FinalPipeline-12-4-17/WORKING PIPELINE FILES/Design Sources/ForwardingUnit.v:3]
INFO: [Synth 8-638] synthesizing module 'ForwardMux32Bit3to1' [E:/369FinalPipeline-12-4-17/WORKING PIPELINE FILES/Design Sources/ForwardMux32Bit3to1.v:3]
INFO: [Synth 8-256] done synthesizing module 'ForwardMux32Bit3to1' (18#1) [E:/369FinalPipeline-12-4-17/WORKING PIPELINE FILES/Design Sources/ForwardMux32Bit3to1.v:3]
INFO: [Synth 8-638] synthesizing module 'ALU32Bit' [E:/369FinalPipeline-12-4-17/WORKING PIPELINE FILES/Design Sources/ALU32Bit.v:37]
INFO: [Synth 8-256] done synthesizing module 'ALU32Bit' (19#1) [E:/369FinalPipeline-12-4-17/WORKING PIPELINE FILES/Design Sources/ALU32Bit.v:37]
INFO: [Synth 8-638] synthesizing module 'HiLoRegister' [E:/369FinalPipeline-12-4-17/WORKING PIPELINE FILES/Design Sources/HiLoRegister.v:26]
WARNING: [Synth 8-567] referenced signal 'HiOut_stored' should be on the sensitivity list [E:/369FinalPipeline-12-4-17/WORKING PIPELINE FILES/Design Sources/HiLoRegister.v:58]
WARNING: [Synth 8-567] referenced signal 'LoOut_stored' should be on the sensitivity list [E:/369FinalPipeline-12-4-17/WORKING PIPELINE FILES/Design Sources/HiLoRegister.v:58]
INFO: [Synth 8-256] done synthesizing module 'HiLoRegister' (20#1) [E:/369FinalPipeline-12-4-17/WORKING PIPELINE FILES/Design Sources/HiLoRegister.v:26]
INFO: [Synth 8-638] synthesizing module 'EXMEMRegister' [E:/369FinalPipeline-12-4-17/WORKING PIPELINE FILES/Design Sources/EXMEMRegister.v:3]
INFO: [Synth 8-256] done synthesizing module 'EXMEMRegister' (21#1) [E:/369FinalPipeline-12-4-17/WORKING PIPELINE FILES/Design Sources/EXMEMRegister.v:3]
INFO: [Synth 8-638] synthesizing module 'AndGate' [E:/369FinalPipeline-12-4-17/WORKING PIPELINE FILES/Design Sources/AndGate.v:3]
INFO: [Synth 8-256] done synthesizing module 'AndGate' (22#1) [E:/369FinalPipeline-12-4-17/WORKING PIPELINE FILES/Design Sources/AndGate.v:3]
WARNING: [Synth 8-689] width (32) of port connection 'PCSrc' does not match port width (1) of module 'AndGate' [E:/369FinalPipeline-12-4-17/WORKING PIPELINE FILES/Design Sources/TopLevel.v:428]
INFO: [Synth 8-638] synthesizing module 'DataMemory' [E:/369FinalPipeline-12-4-17/WORKING PIPELINE FILES/Design Sources/DataMemory.v:38]
INFO: [Synth 8-256] done synthesizing module 'DataMemory' (23#1) [E:/369FinalPipeline-12-4-17/WORKING PIPELINE FILES/Design Sources/DataMemory.v:38]
INFO: [Synth 8-638] synthesizing module 'MEMWBRegister' [E:/369FinalPipeline-12-4-17/WORKING PIPELINE FILES/Design Sources/MEMWBRegister.v:3]
INFO: [Synth 8-256] done synthesizing module 'MEMWBRegister' (24#1) [E:/369FinalPipeline-12-4-17/WORKING PIPELINE FILES/Design Sources/MEMWBRegister.v:3]
INFO: [Synth 8-256] done synthesizing module 'TopLevel' (25#1) [E:/369FinalPipeline-12-4-17/WORKING PIPELINE FILES/Design Sources/TopLevel.v:16]
---------------------------------------------------------------------------------
Finished RTL Elaboration : Time (s): cpu = 00:01:17 ; elapsed = 00:11:26 . Memory (MB): peak = 852.703 ; gain = 681.191
---------------------------------------------------------------------------------

Report Check Netlist: 
+------+------------------+-------+---------+-------+------------------+
|      |Item              |Errors |Warnings |Status |Description       |
+------+------------------+-------+---------+-------+------------------+
|1     |multi_driven_nets |      0|        0|Passed |Multi driven nets |
+------+------------------+-------+---------+-------+------------------+
---------------------------------------------------------------------------------
Finished RTL Optimization Phase 1 : Time (s): cpu = 00:01:17 ; elapsed = 00:11:27 . Memory (MB): peak = 852.703 ; gain = 681.191
---------------------------------------------------------------------------------
INFO: [Device 21-403] Loading part xc7a100tcsg324-1
INFO: [Project 1-570] Preparing netlist for logic optimization
INFO: [Opt 31-141] Inserted 128 OBUFs to IO ports without IO buffers.

Processing XDC Constraints
Initializing timing engine
Completed Processing XDC Constraints

INFO: [Opt 31-138] Pushed 0 inverter(s) to 0 load pin(s).
INFO: [Project 1-111] Unisim Transformation Summary:
No Unisim elements were transformed.

RTL Elaboration Complete:  : Time (s): cpu = 00:01:30 ; elapsed = 00:11:37 . Memory (MB): peak = 1145.387 ; gain = 973.875
60 Infos, 8 Warnings, 0 Critical Warnings and 0 Errors encountered.
synth_design completed successfully
synth_design: Time (s): cpu = 00:00:18 ; elapsed = 00:00:16 . Memory (MB): peak = 1145.387 ; gain = 307.688
launch_simulation
INFO: [USF-XSim-27] Simulation object is 'sim_1'
INFO: [USF-XSim-37] Inspecting design source files for 'TopLevel_tb' in fileset 'sim_1'...
INFO: [USF-XSim-25] Exported 'E:/369FinalPipeline-12-4-17/Old_Vivado_12-4-17/Old_Vivado_12-4-17.sim/sim_1/behav/Instruction_memory.txt'
INFO: [USF-XSim-25] Exported 'E:/369FinalPipeline-12-4-17/Old_Vivado_12-4-17/Old_Vivado_12-4-17.sim/sim_1/behav/8-11_tests.txt'
INFO: [USF-XSim-25] Exported 'E:/369FinalPipeline-12-4-17/Old_Vivado_12-4-17/Old_Vivado_12-4-17.sim/sim_1/behav/tester.txt'
INFO: [USF-XSim-97] Finding global include files...
INFO: [USF-XSim-98] Fetching design files from 'sim_1'...
INFO: [USF-XSim-2] XSim::Compile design
INFO: [USF-XSim-61] Executing 'COMPILE' step in 'E:/369FinalPipeline-12-4-17/Old_Vivado_12-4-17/Old_Vivado_12-4-17.sim/sim_1/behav'
"xvlog -m64 --relax -prj TopLevel_tb_vlog.prj"
INFO: [VRFC 10-2263] Analyzing Verilog file "E:/369FinalPipeline-12-4-17/WORKING PIPELINE FILES/Design Sources/ALU32Bit.v" into library xil_defaultlib
INFO: [VRFC 10-311] analyzing module ALU32Bit
INFO: [VRFC 10-2263] Analyzing Verilog file "E:/369FinalPipeline-12-4-17/WORKING PIPELINE FILES/Design Sources/AndGate.v" into library xil_defaultlib
INFO: [VRFC 10-311] analyzing module AndGate
INFO: [VRFC 10-2263] Analyzing Verilog file "E:/369FinalPipeline-12-4-17/WORKING PIPELINE FILES/Design Sources/Control.v" into library xil_defaultlib
INFO: [VRFC 10-311] analyzing module Control
INFO: [VRFC 10-2263] Analyzing Verilog file "E:/369FinalPipeline-12-4-17/WORKING PIPELINE FILES/Design Sources/DataMemory.v" into library xil_defaultlib
INFO: [VRFC 10-311] analyzing module DataMemory
INFO: [VRFC 10-2263] Analyzing Verilog file "E:/369FinalPipeline-12-4-17/WORKING PIPELINE FILES/Design Sources/EXAdder.v" into library xil_defaultlib
INFO: [VRFC 10-311] analyzing module EXAdder
INFO: [VRFC 10-2263] Analyzing Verilog file "E:/369FinalPipeline-12-4-17/WORKING PIPELINE FILES/Design Sources/EXMEMRegister.v" into library xil_defaultlib
INFO: [VRFC 10-311] analyzing module EXMEMRegister
INFO: [VRFC 10-2263] Analyzing Verilog file "E:/369FinalPipeline-12-4-17/WORKING PIPELINE FILES/Design Sources/ForwardMux32Bit3to1.v" into library xil_defaultlib
INFO: [VRFC 10-311] analyzing module ForwardMux32Bit3to1
INFO: [VRFC 10-2263] Analyzing Verilog file "E:/369FinalPipeline-12-4-17/WORKING PIPELINE FILES/Design Sources/ForwardingUnit.v" into library xil_defaultlib
INFO: [VRFC 10-311] analyzing module ForwardUnit
INFO: [VRFC 10-2263] Analyzing Verilog file "E:/369FinalPipeline-12-4-17/WORKING PIPELINE FILES/Design Sources/HazardDetect.v" into library xil_defaultlib
INFO: [VRFC 10-311] analyzing module HazardDetect
INFO: [VRFC 10-2263] Analyzing Verilog file "E:/369FinalPipeline-12-4-17/WORKING PIPELINE FILES/Design Sources/HiLoRegister.v" into library xil_defaultlib
INFO: [VRFC 10-311] analyzing module HiLoRegister
INFO: [VRFC 10-2263] Analyzing Verilog file "E:/369FinalPipeline-12-4-17/WORKING PIPELINE FILES/Design Sources/IDEXRegister.v" into library xil_defaultlib
INFO: [VRFC 10-311] analyzing module IDEXRegister
INFO: [VRFC 10-2263] Analyzing Verilog file "E:/369FinalPipeline-12-4-17/WORKING PIPELINE FILES/Design Sources/IFIDRegister.v" into library xil_defaultlib
INFO: [VRFC 10-311] analyzing module IFIDRegister
INFO: [VRFC 10-2263] Analyzing Verilog file "E:/369FinalPipeline-12-4-17/WORKING PIPELINE FILES/Design Sources/InstructionMemory.v" into library xil_defaultlib
INFO: [VRFC 10-311] analyzing module InstructionMemory
INFO: [VRFC 10-2263] Analyzing Verilog file "E:/369FinalPipeline-12-4-17/WORKING PIPELINE FILES/Design Sources/JumpExtension.v" into library xil_defaultlib
INFO: [VRFC 10-311] analyzing module JumpExtension
INFO: [VRFC 10-2263] Analyzing Verilog file "E:/369FinalPipeline-12-4-17/WORKING PIPELINE FILES/Design Sources/JumpShiftLeft2.v" into library xil_defaultlib
INFO: [VRFC 10-311] analyzing module JumpShiftLeft2
INFO: [VRFC 10-2263] Analyzing Verilog file "E:/369FinalPipeline-12-4-17/WORKING PIPELINE FILES/Design Sources/MEMWBRegister.v" into library xil_defaultlib
INFO: [VRFC 10-311] analyzing module MEMWBRegister
INFO: [VRFC 10-2263] Analyzing Verilog file "E:/369FinalPipeline-12-4-17/WORKING PIPELINE FILES/Design Sources/Mux32Bit2To1.v" into library xil_defaultlib
INFO: [VRFC 10-311] analyzing module Mux32Bit2To1
INFO: [VRFC 10-2263] Analyzing Verilog file "E:/369FinalPipeline-12-4-17/WORKING PIPELINE FILES/Design Sources/Mux32Bit3To1.v" into library xil_defaultlib
INFO: [VRFC 10-311] analyzing module Mux32Bit3To1
INFO: [VRFC 10-2263] Analyzing Verilog file "E:/369FinalPipeline-12-4-17/WORKING PIPELINE FILES/Design Sources/Mux5Bit2To1.v" into library xil_defaultlib
INFO: [VRFC 10-311] analyzing module Mux5Bit2To1
INFO: [VRFC 10-2263] Analyzing Verilog file "E:/369FinalPipeline-12-4-17/WORKING PIPELINE FILES/Design Sources/PCAdder.v" into library xil_defaultlib
INFO: [VRFC 10-311] analyzing module PCAdder
INFO: [VRFC 10-2263] Analyzing Verilog file "E:/369FinalPipeline-12-4-17/WORKING PIPELINE FILES/Design Sources/ProgramCounter.v" into library xil_defaultlib
INFO: [VRFC 10-311] analyzing module ProgramCounter
INFO: [VRFC 10-2263] Analyzing Verilog file "E:/369FinalPipeline-12-4-17/WORKING PIPELINE FILES/Design Sources/RegisterFile.v" into library xil_defaultlib
INFO: [VRFC 10-311] analyzing module RegisterFile
INFO: [VRFC 10-2263] Analyzing Verilog file "E:/369FinalPipeline-12-4-17/WORKING PIPELINE FILES/Design Sources/ShiftLeft2.v" into library xil_defaultlib
INFO: [VRFC 10-311] analyzing module ShiftLeft2
INFO: [VRFC 10-2263] Analyzing Verilog file "E:/369FinalPipeline-12-4-17/WORKING PIPELINE FILES/Design Sources/SignExtension.v" into library xil_defaultlib
INFO: [VRFC 10-311] analyzing module SignExtension
INFO: [VRFC 10-2263] Analyzing Verilog file "E:/369FinalPipeline-12-4-17/WORKING PIPELINE FILES/Design Sources/TopLevel.v" into library xil_defaultlib
INFO: [VRFC 10-311] analyzing module TopLevel
INFO: [VRFC 10-2458] undeclared symbol StallWire, assumed default net type wire [E:/369FinalPipeline-12-4-17/WORKING PIPELINE FILES/Design Sources/TopLevel.v:195]
INFO: [VRFC 10-2263] Analyzing Verilog file "E:/369FinalPipeline-12-4-17/WORKING PIPELINE FILES/Simulation Sources/TopLevel_tb.v" into library xil_defaultlib
INFO: [VRFC 10-311] analyzing module TopLevel_tb
INFO: [VRFC 10-2263] Analyzing Verilog file "E:/369FinalPipeline-12-4-17/Old_Vivado_12-4-17/Old_Vivado_12-4-17.sim/sim_1/behav/glbl.v" into library xil_defaultlib
INFO: [VRFC 10-311] analyzing module glbl
INFO: [USF-XSim-3] XSim::Elaborate design
INFO: [USF-XSim-61] Executing 'ELABORATE' step in 'E:/369FinalPipeline-12-4-17/Old_Vivado_12-4-17/Old_Vivado_12-4-17.sim/sim_1/behav'
Vivado Simulator 2015.4
Copyright 1986-1999, 2001-2015 Xilinx, Inc. All Rights Reserved.
Running: C:/Xilinx/Vivado/2015.4/bin/unwrapped/win64.o/xelab.exe -wto fb76eabd6cbd4bd69e933e82f216b243 --debug typical --relax --mt 2 -L xil_defaultlib -L unisims_ver -L unimacro_ver -L secureip --snapshot TopLevel_tb_behav xil_defaultlib.TopLevel_tb xil_defaultlib.glbl -log elaborate.log 
Using 2 slave threads.
Starting static elaboration
WARNING: [VRFC 10-278] actual bit length 32 differs from formal bit length 1 for port sel [E:/369FinalPipeline-12-4-17/WORKING PIPELINE FILES/Design Sources/TopLevel.v:121]
WARNING: [VRFC 10-278] actual bit length 29 differs from formal bit length 28 for port out [E:/369FinalPipeline-12-4-17/WORKING PIPELINE FILES/Design Sources/TopLevel.v:231]
WARNING: [VRFC 10-278] actual bit length 29 differs from formal bit length 28 for port JumpShiftResult [E:/369FinalPipeline-12-4-17/WORKING PIPELINE FILES/Design Sources/TopLevel.v:236]
WARNING: [VRFC 10-278] actual bit length 32 differs from formal bit length 1 for port PCSrc [E:/369FinalPipeline-12-4-17/WORKING PIPELINE FILES/Design Sources/TopLevel.v:428]
Completed static elaboration
Starting simulation data flow analysis
Completed simulation data flow analysis
Time Resolution for simulation is 1ps
Compiling module xil_defaultlib.Mux32Bit2To1
Compiling module xil_defaultlib.ProgramCounter
Compiling module xil_defaultlib.PCAdder
Compiling module xil_defaultlib.InstructionMemory
Compiling module xil_defaultlib.IFIDRegister
Compiling module xil_defaultlib.HazardDetect
Compiling module xil_defaultlib.RegisterFile
Compiling module xil_defaultlib.Control
Compiling module xil_defaultlib.JumpShiftLeft2
Compiling module xil_defaultlib.JumpExtension
Compiling module xil_defaultlib.SignExtension
Compiling module xil_defaultlib.IDEXRegister
Compiling module xil_defaultlib.ShiftLeft2
Compiling module xil_defaultlib.EXAdder
Compiling module xil_defaultlib.Mux32Bit3To1
Compiling module xil_defaultlib.Mux5Bit2To1
Compiling module xil_defaultlib.ForwardUnit
Compiling module xil_defaultlib.ForwardMux32Bit3to1
Compiling module xil_defaultlib.ALU32Bit
Compiling module xil_defaultlib.HiLoRegister
Compiling module xil_defaultlib.EXMEMRegister
Compiling module xil_defaultlib.AndGate
Compiling module xil_defaultlib.DataMemory
Compiling module xil_defaultlib.MEMWBRegister
Compiling module xil_defaultlib.TopLevel
Compiling module xil_defaultlib.TopLevel_tb
Compiling module xil_defaultlib.glbl
Built simulation snapshot TopLevel_tb_behav

****** Webtalk v2015.4.2 (64-bit)
  **** SW Build 1494164 on Fri Feb 26 04:18:56 MST 2016
  **** IP Build 1491208 on Wed Feb 24 03:25:39 MST 2016
    ** Copyright 1986-2015 Xilinx, Inc. All Rights Reserved.

source E:/369FinalPipeline-12-4-17/Old_Vivado_12-4-17/Old_Vivado_12-4-17.sim/sim_1/behav/xsim.dir/TopLevel_tb_behav/webtalk/xsim_webtalk.tcl -notrace
INFO: [Common 17-206] Exiting Webtalk at Mon Dec 04 15:58:15 2017...
INFO: [USF-XSim-4] XSim::Simulate design
INFO: [USF-XSim-61] Executing 'SIMULATE' step in 'E:/369FinalPipeline-12-4-17/Old_Vivado_12-4-17/Old_Vivado_12-4-17.sim/sim_1/behav'
INFO: [USF-XSim-98] *** Running xsim
   with args "TopLevel_tb_behav -key {Behavioral:sim_1:Functional:TopLevel_tb} -tclbatch {TopLevel_tb.tcl} -log {simulate.log}"
INFO: [USF-XSim-8] Loading simulator feature
Vivado Simulator 2015.4
Time resolution is 1 ps
source TopLevel_tb.tcl
# set curr_wave [current_wave_config]
# if { [string length $curr_wave] == 0 } {
#   if { [llength [get_objects]] > 0} {
#     add_wave /
#     set_property needs_save false [current_wave_config]
#   } else {
#      send_msg_id Add_Wave-1 WARNING "No top level signals found. Simulator will start without a wave window. If you want to open a wave window go to 'File->New Waveform Configuration' or type 'create_wave_config' in the TCL console."
#   }
# }
# run 1000ns
INFO: [USF-XSim-96] XSim completed. Design snapshot 'TopLevel_tb_behav' loaded.
INFO: [USF-XSim-97] XSim simulation ran for 1000ns
launch_simulation: Time (s): cpu = 00:00:03 ; elapsed = 00:00:09 . Memory (MB): peak = 1157.313 ; gain = 10.633
restart
INFO: [Simtcl 6-17] Simulation restarted
run 10 us
restart
INFO: [Simtcl 6-17] Simulation restarted
run 80 us
close_sim
INFO: [Simtcl 6-16] Simulation closed
launch_simulation
INFO: [USF-XSim-27] Simulation object is 'sim_1'
INFO: [USF-XSim-37] Inspecting design source files for 'TopLevel_tb' in fileset 'sim_1'...
INFO: [USF-XSim-25] Exported 'E:/369FinalPipeline-12-4-17/Old_Vivado_12-4-17/Old_Vivado_12-4-17.sim/sim_1/behav/Instruction_memory.txt'
INFO: [USF-XSim-25] Exported 'E:/369FinalPipeline-12-4-17/Old_Vivado_12-4-17/Old_Vivado_12-4-17.sim/sim_1/behav/8-11_tests.txt'
INFO: [USF-XSim-25] Exported 'E:/369FinalPipeline-12-4-17/Old_Vivado_12-4-17/Old_Vivado_12-4-17.sim/sim_1/behav/tester.txt'
INFO: [USF-XSim-97] Finding global include files...
INFO: [USF-XSim-98] Fetching design files from 'sim_1'...
INFO: [USF-XSim-2] XSim::Compile design
INFO: [USF-XSim-61] Executing 'COMPILE' step in 'E:/369FinalPipeline-12-4-17/Old_Vivado_12-4-17/Old_Vivado_12-4-17.sim/sim_1/behav'
"xvlog -m64 --relax -prj TopLevel_tb_vlog.prj"
INFO: [VRFC 10-2263] Analyzing Verilog file "E:/369FinalPipeline-12-4-17/WORKING PIPELINE FILES/Design Sources/ALU32Bit.v" into library xil_defaultlib
INFO: [VRFC 10-311] analyzing module ALU32Bit
INFO: [VRFC 10-2263] Analyzing Verilog file "E:/369FinalPipeline-12-4-17/WORKING PIPELINE FILES/Design Sources/AndGate.v" into library xil_defaultlib
INFO: [VRFC 10-311] analyzing module AndGate
INFO: [VRFC 10-2263] Analyzing Verilog file "E:/369FinalPipeline-12-4-17/WORKING PIPELINE FILES/Design Sources/Control.v" into library xil_defaultlib
INFO: [VRFC 10-311] analyzing module Control
INFO: [VRFC 10-2263] Analyzing Verilog file "E:/369FinalPipeline-12-4-17/WORKING PIPELINE FILES/Design Sources/DataMemory.v" into library xil_defaultlib
INFO: [VRFC 10-311] analyzing module DataMemory
INFO: [VRFC 10-2263] Analyzing Verilog file "E:/369FinalPipeline-12-4-17/WORKING PIPELINE FILES/Design Sources/EXAdder.v" into library xil_defaultlib
INFO: [VRFC 10-311] analyzing module EXAdder
INFO: [VRFC 10-2263] Analyzing Verilog file "E:/369FinalPipeline-12-4-17/WORKING PIPELINE FILES/Design Sources/EXMEMRegister.v" into library xil_defaultlib
INFO: [VRFC 10-311] analyzing module EXMEMRegister
INFO: [VRFC 10-2263] Analyzing Verilog file "E:/369FinalPipeline-12-4-17/WORKING PIPELINE FILES/Design Sources/ForwardMux32Bit3to1.v" into library xil_defaultlib
INFO: [VRFC 10-311] analyzing module ForwardMux32Bit3to1
INFO: [VRFC 10-2263] Analyzing Verilog file "E:/369FinalPipeline-12-4-17/WORKING PIPELINE FILES/Design Sources/ForwardingUnit.v" into library xil_defaultlib
INFO: [VRFC 10-311] analyzing module ForwardUnit
INFO: [VRFC 10-2263] Analyzing Verilog file "E:/369FinalPipeline-12-4-17/WORKING PIPELINE FILES/Design Sources/HazardDetect.v" into library xil_defaultlib
INFO: [VRFC 10-311] analyzing module HazardDetect
INFO: [VRFC 10-2263] Analyzing Verilog file "E:/369FinalPipeline-12-4-17/WORKING PIPELINE FILES/Design Sources/HiLoRegister.v" into library xil_defaultlib
INFO: [VRFC 10-311] analyzing module HiLoRegister
INFO: [VRFC 10-2263] Analyzing Verilog file "E:/369FinalPipeline-12-4-17/WORKING PIPELINE FILES/Design Sources/IDEXRegister.v" into library xil_defaultlib
INFO: [VRFC 10-311] analyzing module IDEXRegister
INFO: [VRFC 10-2263] Analyzing Verilog file "E:/369FinalPipeline-12-4-17/WORKING PIPELINE FILES/Design Sources/IFIDRegister.v" into library xil_defaultlib
INFO: [VRFC 10-311] analyzing module IFIDRegister
INFO: [VRFC 10-2263] Analyzing Verilog file "E:/369FinalPipeline-12-4-17/WORKING PIPELINE FILES/Design Sources/InstructionMemory.v" into library xil_defaultlib
INFO: [VRFC 10-311] analyzing module InstructionMemory
INFO: [VRFC 10-2263] Analyzing Verilog file "E:/369FinalPipeline-12-4-17/WORKING PIPELINE FILES/Design Sources/JumpExtension.v" into library xil_defaultlib
INFO: [VRFC 10-311] analyzing module JumpExtension
INFO: [VRFC 10-2263] Analyzing Verilog file "E:/369FinalPipeline-12-4-17/WORKING PIPELINE FILES/Design Sources/JumpShiftLeft2.v" into library xil_defaultlib
INFO: [VRFC 10-311] analyzing module JumpShiftLeft2
INFO: [VRFC 10-2263] Analyzing Verilog file "E:/369FinalPipeline-12-4-17/WORKING PIPELINE FILES/Design Sources/MEMWBRegister.v" into library xil_defaultlib
INFO: [VRFC 10-311] analyzing module MEMWBRegister
INFO: [VRFC 10-2263] Analyzing Verilog file "E:/369FinalPipeline-12-4-17/WORKING PIPELINE FILES/Design Sources/Mux32Bit2To1.v" into library xil_defaultlib
INFO: [VRFC 10-311] analyzing module Mux32Bit2To1
INFO: [VRFC 10-2263] Analyzing Verilog file "E:/369FinalPipeline-12-4-17/WORKING PIPELINE FILES/Design Sources/Mux32Bit3To1.v" into library xil_defaultlib
INFO: [VRFC 10-311] analyzing module Mux32Bit3To1
INFO: [VRFC 10-2263] Analyzing Verilog file "E:/369FinalPipeline-12-4-17/WORKING PIPELINE FILES/Design Sources/Mux5Bit2To1.v" into library xil_defaultlib
INFO: [VRFC 10-311] analyzing module Mux5Bit2To1
INFO: [VRFC 10-2263] Analyzing Verilog file "E:/369FinalPipeline-12-4-17/WORKING PIPELINE FILES/Design Sources/PCAdder.v" into library xil_defaultlib
INFO: [VRFC 10-311] analyzing module PCAdder
INFO: [VRFC 10-2263] Analyzing Verilog file "E:/369FinalPipeline-12-4-17/WORKING PIPELINE FILES/Design Sources/ProgramCounter.v" into library xil_defaultlib
INFO: [VRFC 10-311] analyzing module ProgramCounter
INFO: [VRFC 10-2263] Analyzing Verilog file "E:/369FinalPipeline-12-4-17/WORKING PIPELINE FILES/Design Sources/RegisterFile.v" into library xil_defaultlib
INFO: [VRFC 10-311] analyzing module RegisterFile
INFO: [VRFC 10-2263] Analyzing Verilog file "E:/369FinalPipeline-12-4-17/WORKING PIPELINE FILES/Design Sources/ShiftLeft2.v" into library xil_defaultlib
INFO: [VRFC 10-311] analyzing module ShiftLeft2
INFO: [VRFC 10-2263] Analyzing Verilog file "E:/369FinalPipeline-12-4-17/WORKING PIPELINE FILES/Design Sources/SignExtension.v" into library xil_defaultlib
INFO: [VRFC 10-311] analyzing module SignExtension
INFO: [VRFC 10-2263] Analyzing Verilog file "E:/369FinalPipeline-12-4-17/WORKING PIPELINE FILES/Design Sources/TopLevel.v" into library xil_defaultlib
INFO: [VRFC 10-311] analyzing module TopLevel
INFO: [VRFC 10-2458] undeclared symbol StallWire, assumed default net type wire [E:/369FinalPipeline-12-4-17/WORKING PIPELINE FILES/Design Sources/TopLevel.v:195]
INFO: [VRFC 10-2263] Analyzing Verilog file "E:/369FinalPipeline-12-4-17/WORKING PIPELINE FILES/Simulation Sources/TopLevel_tb.v" into library xil_defaultlib
INFO: [VRFC 10-311] analyzing module TopLevel_tb
INFO: [VRFC 10-2263] Analyzing Verilog file "E:/369FinalPipeline-12-4-17/Old_Vivado_12-4-17/Old_Vivado_12-4-17.sim/sim_1/behav/glbl.v" into library xil_defaultlib
INFO: [VRFC 10-311] analyzing module glbl
INFO: [USF-XSim-3] XSim::Elaborate design
INFO: [USF-XSim-61] Executing 'ELABORATE' step in 'E:/369FinalPipeline-12-4-17/Old_Vivado_12-4-17/Old_Vivado_12-4-17.sim/sim_1/behav'
Vivado Simulator 2015.4
Copyright 1986-1999, 2001-2015 Xilinx, Inc. All Rights Reserved.
Running: C:/Xilinx/Vivado/2015.4/bin/unwrapped/win64.o/xelab.exe -wto fb76eabd6cbd4bd69e933e82f216b243 --debug typical --relax --mt 2 -L xil_defaultlib -L unisims_ver -L unimacro_ver -L secureip --snapshot TopLevel_tb_behav xil_defaultlib.TopLevel_tb xil_defaultlib.glbl -log elaborate.log 
Using 2 slave threads.
Starting static elaboration
WARNING: [VRFC 10-278] actual bit length 32 differs from formal bit length 1 for port sel [E:/369FinalPipeline-12-4-17/WORKING PIPELINE FILES/Design Sources/TopLevel.v:121]
WARNING: [VRFC 10-278] actual bit length 29 differs from formal bit length 28 for port out [E:/369FinalPipeline-12-4-17/WORKING PIPELINE FILES/Design Sources/TopLevel.v:231]
WARNING: [VRFC 10-278] actual bit length 29 differs from formal bit length 28 for port JumpShiftResult [E:/369FinalPipeline-12-4-17/WORKING PIPELINE FILES/Design Sources/TopLevel.v:236]
WARNING: [VRFC 10-278] actual bit length 32 differs from formal bit length 1 for port PCSrc [E:/369FinalPipeline-12-4-17/WORKING PIPELINE FILES/Design Sources/TopLevel.v:428]
Completed static elaboration
Starting simulation data flow analysis
Completed simulation data flow analysis
Time Resolution for simulation is 1ps
Compiling module xil_defaultlib.Mux32Bit2To1
Compiling module xil_defaultlib.ProgramCounter
Compiling module xil_defaultlib.PCAdder
Compiling module xil_defaultlib.InstructionMemory
Compiling module xil_defaultlib.IFIDRegister
Compiling module xil_defaultlib.HazardDetect
Compiling module xil_defaultlib.RegisterFile
Compiling module xil_defaultlib.Control
Compiling module xil_defaultlib.JumpShiftLeft2
Compiling module xil_defaultlib.JumpExtension
Compiling module xil_defaultlib.SignExtension
Compiling module xil_defaultlib.IDEXRegister
Compiling module xil_defaultlib.ShiftLeft2
Compiling module xil_defaultlib.EXAdder
Compiling module xil_defaultlib.Mux32Bit3To1
Compiling module xil_defaultlib.Mux5Bit2To1
Compiling module xil_defaultlib.ForwardUnit
Compiling module xil_defaultlib.ForwardMux32Bit3to1
Compiling module xil_defaultlib.ALU32Bit
Compiling module xil_defaultlib.HiLoRegister
Compiling module xil_defaultlib.EXMEMRegister
Compiling module xil_defaultlib.AndGate
Compiling module xil_defaultlib.DataMemory
Compiling module xil_defaultlib.MEMWBRegister
Compiling module xil_defaultlib.TopLevel
Compiling module xil_defaultlib.TopLevel_tb
Compiling module xil_defaultlib.glbl
Built simulation snapshot TopLevel_tb_behav

****** Webtalk v2015.4.2 (64-bit)
  **** SW Build 1494164 on Fri Feb 26 04:18:56 MST 2016
  **** IP Build 1491208 on Wed Feb 24 03:25:39 MST 2016
    ** Copyright 1986-2015 Xilinx, Inc. All Rights Reserved.

source E:/369FinalPipeline-12-4-17/Old_Vivado_12-4-17/Old_Vivado_12-4-17.sim/sim_1/behav/xsim.dir/TopLevel_tb_behav/webtalk/xsim_webtalk.tcl -notrace
INFO: [Common 17-206] Exiting Webtalk at Mon Dec 04 15:59:43 2017...
INFO: [USF-XSim-4] XSim::Simulate design
INFO: [USF-XSim-61] Executing 'SIMULATE' step in 'E:/369FinalPipeline-12-4-17/Old_Vivado_12-4-17/Old_Vivado_12-4-17.sim/sim_1/behav'
INFO: [USF-XSim-98] *** Running xsim
   with args "TopLevel_tb_behav -key {Behavioral:sim_1:Functional:TopLevel_tb} -tclbatch {TopLevel_tb.tcl} -log {simulate.log}"
INFO: [USF-XSim-8] Loading simulator feature
Vivado Simulator 2015.4
Time resolution is 1 ps
source TopLevel_tb.tcl
# set curr_wave [current_wave_config]
# if { [string length $curr_wave] == 0 } {
#   if { [llength [get_objects]] > 0} {
#     add_wave /
#     set_property needs_save false [current_wave_config]
#   } else {
#      send_msg_id Add_Wave-1 WARNING "No top level signals found. Simulator will start without a wave window. If you want to open a wave window go to 'File->New Waveform Configuration' or type 'create_wave_config' in the TCL console."
#   }
# }
# run 1000ns
INFO: [USF-XSim-96] XSim completed. Design snapshot 'TopLevel_tb_behav' loaded.
INFO: [USF-XSim-97] XSim simulation ran for 1000ns
launch_simulation: Time (s): cpu = 00:00:01 ; elapsed = 00:00:07 . Memory (MB): peak = 1182.746 ; gain = 0.000
restart
INFO: [Simtcl 6-17] Simulation restarted
run 80 us
restart
INFO: [Simtcl 6-17] Simulation restarted
run 80 us
close_sim
INFO: [Simtcl 6-16] Simulation closed
launch_simulation
INFO: [USF-XSim-27] Simulation object is 'sim_1'
INFO: [USF-XSim-37] Inspecting design source files for 'TopLevel_tb' in fileset 'sim_1'...
INFO: [USF-XSim-25] Exported 'E:/369FinalPipeline-12-4-17/Old_Vivado_12-4-17/Old_Vivado_12-4-17.sim/sim_1/behav/Instruction_memory.txt'
INFO: [USF-XSim-25] Exported 'E:/369FinalPipeline-12-4-17/Old_Vivado_12-4-17/Old_Vivado_12-4-17.sim/sim_1/behav/8-11_tests.txt'
INFO: [USF-XSim-25] Exported 'E:/369FinalPipeline-12-4-17/Old_Vivado_12-4-17/Old_Vivado_12-4-17.sim/sim_1/behav/tester.txt'
INFO: [USF-XSim-97] Finding global include files...
INFO: [USF-XSim-98] Fetching design files from 'sim_1'...
INFO: [USF-XSim-2] XSim::Compile design
INFO: [USF-XSim-61] Executing 'COMPILE' step in 'E:/369FinalPipeline-12-4-17/Old_Vivado_12-4-17/Old_Vivado_12-4-17.sim/sim_1/behav'
"xvlog -m64 --relax -prj TopLevel_tb_vlog.prj"
INFO: [VRFC 10-2263] Analyzing Verilog file "E:/369FinalPipeline-12-4-17/WORKING PIPELINE FILES/Design Sources/ALU32Bit.v" into library xil_defaultlib
INFO: [VRFC 10-311] analyzing module ALU32Bit
INFO: [VRFC 10-2263] Analyzing Verilog file "E:/369FinalPipeline-12-4-17/WORKING PIPELINE FILES/Design Sources/AndGate.v" into library xil_defaultlib
INFO: [VRFC 10-311] analyzing module AndGate
INFO: [VRFC 10-2263] Analyzing Verilog file "E:/369FinalPipeline-12-4-17/WORKING PIPELINE FILES/Design Sources/Control.v" into library xil_defaultlib
INFO: [VRFC 10-311] analyzing module Control
INFO: [VRFC 10-2263] Analyzing Verilog file "E:/369FinalPipeline-12-4-17/WORKING PIPELINE FILES/Design Sources/DataMemory.v" into library xil_defaultlib
INFO: [VRFC 10-311] analyzing module DataMemory
INFO: [VRFC 10-2263] Analyzing Verilog file "E:/369FinalPipeline-12-4-17/WORKING PIPELINE FILES/Design Sources/EXAdder.v" into library xil_defaultlib
INFO: [VRFC 10-311] analyzing module EXAdder
INFO: [VRFC 10-2263] Analyzing Verilog file "E:/369FinalPipeline-12-4-17/WORKING PIPELINE FILES/Design Sources/EXMEMRegister.v" into library xil_defaultlib
INFO: [VRFC 10-311] analyzing module EXMEMRegister
INFO: [VRFC 10-2263] Analyzing Verilog file "E:/369FinalPipeline-12-4-17/WORKING PIPELINE FILES/Design Sources/ForwardMux32Bit3to1.v" into library xil_defaultlib
INFO: [VRFC 10-311] analyzing module ForwardMux32Bit3to1
INFO: [VRFC 10-2263] Analyzing Verilog file "E:/369FinalPipeline-12-4-17/WORKING PIPELINE FILES/Design Sources/ForwardingUnit.v" into library xil_defaultlib
INFO: [VRFC 10-311] analyzing module ForwardUnit
INFO: [VRFC 10-2263] Analyzing Verilog file "E:/369FinalPipeline-12-4-17/WORKING PIPELINE FILES/Design Sources/HazardDetect.v" into library xil_defaultlib
INFO: [VRFC 10-311] analyzing module HazardDetect
INFO: [VRFC 10-2263] Analyzing Verilog file "E:/369FinalPipeline-12-4-17/WORKING PIPELINE FILES/Design Sources/HiLoRegister.v" into library xil_defaultlib
INFO: [VRFC 10-311] analyzing module HiLoRegister
INFO: [VRFC 10-2263] Analyzing Verilog file "E:/369FinalPipeline-12-4-17/WORKING PIPELINE FILES/Design Sources/IDEXRegister.v" into library xil_defaultlib
INFO: [VRFC 10-311] analyzing module IDEXRegister
INFO: [VRFC 10-2263] Analyzing Verilog file "E:/369FinalPipeline-12-4-17/WORKING PIPELINE FILES/Design Sources/IFIDRegister.v" into library xil_defaultlib
INFO: [VRFC 10-311] analyzing module IFIDRegister
INFO: [VRFC 10-2263] Analyzing Verilog file "E:/369FinalPipeline-12-4-17/WORKING PIPELINE FILES/Design Sources/InstructionMemory.v" into library xil_defaultlib
INFO: [VRFC 10-311] analyzing module InstructionMemory
INFO: [VRFC 10-2263] Analyzing Verilog file "E:/369FinalPipeline-12-4-17/WORKING PIPELINE FILES/Design Sources/JumpExtension.v" into library xil_defaultlib
INFO: [VRFC 10-311] analyzing module JumpExtension
INFO: [VRFC 10-2263] Analyzing Verilog file "E:/369FinalPipeline-12-4-17/WORKING PIPELINE FILES/Design Sources/JumpShiftLeft2.v" into library xil_defaultlib
INFO: [VRFC 10-311] analyzing module JumpShiftLeft2
INFO: [VRFC 10-2263] Analyzing Verilog file "E:/369FinalPipeline-12-4-17/WORKING PIPELINE FILES/Design Sources/MEMWBRegister.v" into library xil_defaultlib
INFO: [VRFC 10-311] analyzing module MEMWBRegister
INFO: [VRFC 10-2263] Analyzing Verilog file "E:/369FinalPipeline-12-4-17/WORKING PIPELINE FILES/Design Sources/Mux32Bit2To1.v" into library xil_defaultlib
INFO: [VRFC 10-311] analyzing module Mux32Bit2To1
INFO: [VRFC 10-2263] Analyzing Verilog file "E:/369FinalPipeline-12-4-17/WORKING PIPELINE FILES/Design Sources/Mux32Bit3To1.v" into library xil_defaultlib
INFO: [VRFC 10-311] analyzing module Mux32Bit3To1
INFO: [VRFC 10-2263] Analyzing Verilog file "E:/369FinalPipeline-12-4-17/WORKING PIPELINE FILES/Design Sources/Mux5Bit2To1.v" into library xil_defaultlib
INFO: [VRFC 10-311] analyzing module Mux5Bit2To1
INFO: [VRFC 10-2263] Analyzing Verilog file "E:/369FinalPipeline-12-4-17/WORKING PIPELINE FILES/Design Sources/PCAdder.v" into library xil_defaultlib
INFO: [VRFC 10-311] analyzing module PCAdder
INFO: [VRFC 10-2263] Analyzing Verilog file "E:/369FinalPipeline-12-4-17/WORKING PIPELINE FILES/Design Sources/ProgramCounter.v" into library xil_defaultlib
INFO: [VRFC 10-311] analyzing module ProgramCounter
INFO: [VRFC 10-2263] Analyzing Verilog file "E:/369FinalPipeline-12-4-17/WORKING PIPELINE FILES/Design Sources/RegisterFile.v" into library xil_defaultlib
INFO: [VRFC 10-311] analyzing module RegisterFile
INFO: [VRFC 10-2263] Analyzing Verilog file "E:/369FinalPipeline-12-4-17/WORKING PIPELINE FILES/Design Sources/ShiftLeft2.v" into library xil_defaultlib
INFO: [VRFC 10-311] analyzing module ShiftLeft2
INFO: [VRFC 10-2263] Analyzing Verilog file "E:/369FinalPipeline-12-4-17/WORKING PIPELINE FILES/Design Sources/SignExtension.v" into library xil_defaultlib
INFO: [VRFC 10-311] analyzing module SignExtension
INFO: [VRFC 10-2263] Analyzing Verilog file "E:/369FinalPipeline-12-4-17/WORKING PIPELINE FILES/Design Sources/TopLevel.v" into library xil_defaultlib
INFO: [VRFC 10-311] analyzing module TopLevel
INFO: [VRFC 10-2458] undeclared symbol StallWire, assumed default net type wire [E:/369FinalPipeline-12-4-17/WORKING PIPELINE FILES/Design Sources/TopLevel.v:195]
INFO: [VRFC 10-2263] Analyzing Verilog file "E:/369FinalPipeline-12-4-17/WORKING PIPELINE FILES/Simulation Sources/TopLevel_tb.v" into library xil_defaultlib
INFO: [VRFC 10-311] analyzing module TopLevel_tb
INFO: [VRFC 10-2263] Analyzing Verilog file "E:/369FinalPipeline-12-4-17/Old_Vivado_12-4-17/Old_Vivado_12-4-17.sim/sim_1/behav/glbl.v" into library xil_defaultlib
INFO: [VRFC 10-311] analyzing module glbl
INFO: [USF-XSim-3] XSim::Elaborate design
INFO: [USF-XSim-61] Executing 'ELABORATE' step in 'E:/369FinalPipeline-12-4-17/Old_Vivado_12-4-17/Old_Vivado_12-4-17.sim/sim_1/behav'
Vivado Simulator 2015.4
Copyright 1986-1999, 2001-2015 Xilinx, Inc. All Rights Reserved.
Running: C:/Xilinx/Vivado/2015.4/bin/unwrapped/win64.o/xelab.exe -wto fb76eabd6cbd4bd69e933e82f216b243 --debug typical --relax --mt 2 -L xil_defaultlib -L unisims_ver -L unimacro_ver -L secureip --snapshot TopLevel_tb_behav xil_defaultlib.TopLevel_tb xil_defaultlib.glbl -log elaborate.log 
Using 2 slave threads.
Starting static elaboration
WARNING: [VRFC 10-278] actual bit length 32 differs from formal bit length 1 for port sel [E:/369FinalPipeline-12-4-17/WORKING PIPELINE FILES/Design Sources/TopLevel.v:121]
WARNING: [VRFC 10-278] actual bit length 29 differs from formal bit length 28 for port out [E:/369FinalPipeline-12-4-17/WORKING PIPELINE FILES/Design Sources/TopLevel.v:231]
WARNING: [VRFC 10-278] actual bit length 29 differs from formal bit length 28 for port JumpShiftResult [E:/369FinalPipeline-12-4-17/WORKING PIPELINE FILES/Design Sources/TopLevel.v:236]
WARNING: [VRFC 10-278] actual bit length 32 differs from formal bit length 1 for port PCSrc [E:/369FinalPipeline-12-4-17/WORKING PIPELINE FILES/Design Sources/TopLevel.v:428]
Completed static elaboration
Starting simulation data flow analysis
Completed simulation data flow analysis
Time Resolution for simulation is 1ps
Compiling module xil_defaultlib.Mux32Bit2To1
Compiling module xil_defaultlib.ProgramCounter
Compiling module xil_defaultlib.PCAdder
Compiling module xil_defaultlib.InstructionMemory
Compiling module xil_defaultlib.IFIDRegister
Compiling module xil_defaultlib.HazardDetect
Compiling module xil_defaultlib.RegisterFile
Compiling module xil_defaultlib.Control
Compiling module xil_defaultlib.JumpShiftLeft2
Compiling module xil_defaultlib.JumpExtension
Compiling module xil_defaultlib.SignExtension
Compiling module xil_defaultlib.IDEXRegister
Compiling module xil_defaultlib.ShiftLeft2
Compiling module xil_defaultlib.EXAdder
Compiling module xil_defaultlib.Mux32Bit3To1
Compiling module xil_defaultlib.Mux5Bit2To1
Compiling module xil_defaultlib.ForwardUnit
Compiling module xil_defaultlib.ForwardMux32Bit3to1
Compiling module xil_defaultlib.ALU32Bit
Compiling module xil_defaultlib.HiLoRegister
Compiling module xil_defaultlib.EXMEMRegister
Compiling module xil_defaultlib.AndGate
Compiling module xil_defaultlib.DataMemory
Compiling module xil_defaultlib.MEMWBRegister
Compiling module xil_defaultlib.TopLevel
Compiling module xil_defaultlib.TopLevel_tb
Compiling module xil_defaultlib.glbl
Built simulation snapshot TopLevel_tb_behav

****** Webtalk v2015.4.2 (64-bit)
  **** SW Build 1494164 on Fri Feb 26 04:18:56 MST 2016
  **** IP Build 1491208 on Wed Feb 24 03:25:39 MST 2016
    ** Copyright 1986-2015 Xilinx, Inc. All Rights Reserved.

source E:/369FinalPipeline-12-4-17/Old_Vivado_12-4-17/Old_Vivado_12-4-17.sim/sim_1/behav/xsim.dir/TopLevel_tb_behav/webtalk/xsim_webtalk.tcl -notrace
INFO: [Common 17-206] Exiting Webtalk at Mon Dec 04 16:36:43 2017...
INFO: [USF-XSim-4] XSim::Simulate design
INFO: [USF-XSim-61] Executing 'SIMULATE' step in 'E:/369FinalPipeline-12-4-17/Old_Vivado_12-4-17/Old_Vivado_12-4-17.sim/sim_1/behav'
INFO: [USF-XSim-98] *** Running xsim
   with args "TopLevel_tb_behav -key {Behavioral:sim_1:Functional:TopLevel_tb} -tclbatch {TopLevel_tb.tcl} -log {simulate.log}"
INFO: [USF-XSim-8] Loading simulator feature
Vivado Simulator 2015.4
Time resolution is 1 ps
source TopLevel_tb.tcl
# set curr_wave [current_wave_config]
# if { [string length $curr_wave] == 0 } {
#   if { [llength [get_objects]] > 0} {
#     add_wave /
#     set_property needs_save false [current_wave_config]
#   } else {
#      send_msg_id Add_Wave-1 WARNING "No top level signals found. Simulator will start without a wave window. If you want to open a wave window go to 'File->New Waveform Configuration' or type 'create_wave_config' in the TCL console."
#   }
# }
# run 1000ns
INFO: [USF-XSim-96] XSim completed. Design snapshot 'TopLevel_tb_behav' loaded.
INFO: [USF-XSim-97] XSim simulation ran for 1000ns
launch_simulation: Time (s): cpu = 00:00:01 ; elapsed = 00:00:07 . Memory (MB): peak = 1206.672 ; gain = 0.000
restart
INFO: [Simtcl 6-17] Simulation restarted
run 80 us
restart
INFO: [Simtcl 6-17] Simulation restarted
run 80 us
close_sim
INFO: [Simtcl 6-16] Simulation closed
exit
INFO: [Common 17-206] Exiting Vivado at Mon Dec 04 16:38:39 2017...
