Unable to capture context for thread 41428 in process 49004, can not generate back trace
Exception at PC 0x00007FFC0BE1BB93
Printing stacktrace...

[0]  [0x00007FFC0BE1BB93]
[1]  [0x00007FFC0BE1BB93]
[2]  [0x00007FFC0BE1B4A1]
[3]  [0x00007FFC0BE1B3EF]
[4]  [0x00007FFC0BE019FE]
[5]  [0x00007FFC0BE00ED1]
[6]  [0x00007FFC0BE00D76]
[7]  [0x00007FFC0BDA79F6]
[8]  [0x00007FFC0BD97AFB]
[9]  [0x00007FFC0BEBE90A]
[10]  [0x00007FFC0BED9F87]
[11]  [0x00007FFC0BEDA05F]
[12] (BaseThreadInitThunk+0x14) [0x00007FFC64932774]
[13] (RtlUserThreadStart+0x21) [0x00007FFC670C0D51]
Done
Exception at PC 0x00007FFC0BB21A52
Attemped to write at address 0x00007FFC1A01ABA4
Printing stacktrace...

[0]  [0x00007FFC0BB21A52]
[1]  [0x00007FFC0BB21A52]
[2]  [0x00007FFC0BB21AD4]
[3]  [0x00007FFC0BC63FF7]
[4]  [0x00007FFC0BB49128]
[5]  [0x00007FFC0BDFDFB9]
[6]  [0x00007FFC0BFCEF23]
[7]  [0x00007FFC0BEDB06B]
[8]  [0x00007FFC0BED08AF]
[9]  [0x00007FFC0BED0A32]
[10] (RtlDeactivateActivationContextUnsafeFast+0x1af) [0x00007FFC6707485F]
[11] (LdrShutdownProcess+0x12c) [0x00007FFC6709D43C]
[12] (RtlExitUserProcess+0xb4) [0x00007FFC6709D2F4]
[13] (FatalExit+0xa) [0x00007FFC6493C0DA]
[14] (exit+0x75) [0x00007FFC6648A045]
[15] (initterm_e+0x21d) [0x00007FFC6648A68D]
[16]  [0x00000000004014CD]
[17]  [0x000000000040151B]
[18] (BaseThreadInitThunk+0x14) [0x00007FFC64932774]
[19] (RtlUserThreadStart+0x21) [0x00007FFC670C0D51]
Done
