#
# A fatal error has been detected by the Java Runtime Environment:
#
#  EXCEPTION_ACCESS_VIOLATION (0xc0000005) at pc=0x00007ffa4d7dcb66, pid=13668, tid=0x0000000000003f40
#
# JRE version: Java(TM) SE Runtime Environment (8.0_112-b15) (build 1.8.0_112-b15)
# Java VM: Java HotSpot(TM) 64-Bit Server VM (25.112-b15 mixed mode windows-amd64 compressed oops)
# Problematic frame:
# C  [librdi_filemgmt.dll+0x1fcb66]
#
# Failed to write core dump. Minidumps are not enabled by default on client versions of Windows
#
# If you would like to submit a bug report, please visit:
#   http://bugreport.java.com/bugreport/crash.jsp
# The crash happened outside the Java Virtual Machine in native code.
# See problematic frame for where to report the bug.
#

---------------  T H R E A D  ---------------

Current thread (0x0000024efc247000):  JavaThread "AWT-EventQueue-1" [_thread_in_native, id=16192, stack(0x0000008c74900000,0x0000008c74e00000)]

siginfo: ExceptionCode=0xc0000005, reading address 0xffffffffffffffff

Registers:
RAX=0x000000000000000f, RBX=0x0000024ef36a4ba0, RCX=0x0000008c74dfdf78, RDX=0x00740063004f003a
RSP=0x0000008c74dfdf30, RBP=0x0000008c74dfe0a0, RSI=0x0000000000000000, RDI=0x0000024f003ac9a0
R8 =0x0000024f18bd0020, R9 =0x0000000000000000, R10=0x0000024f18bdc150, R11=0x0000008c74dfbe60
R12=0x0000024efc202360, R13=0x0000000000000000, R14=0x0000000000000000, R15=0x0000008c74dfe178
RIP=0x00007ffa4d7dcb66, EFLAGS=0x0000000000010202

Top of Stack: (sp=0x0000008c74dfdf30)
0x0000008c74dfdf30:   0000024ef36a4b98 0000000000000000
0x0000008c74dfdf40:   0000024ef36a4b98 000000006d3bdfaa
0x0000008c74dfdf50:   fffffffffffffffe 0000024f15681000
0x0000008c74dfdf60:   0000000000000001 0000000000000000
0x0000008c74dfdf70:   000000000000000f 0000024f15681000
0x0000008c74dfdf80:   0000024eeead0020 0000000000000000
0x0000008c74dfdf90:   000000000000000f 00002f71b9f1cbc5
0x0000008c74dfdfa0:   000000000000004b 0000024efc202360
0x0000008c74dfdfb0:   0000008c74dfe0a0 00007ffa4d7dbb2e
0x0000008c74dfdfc0:   0000024f00000000 0000024f0de0ce20
0x0000008c74dfdfd0:   0000024f003ac9a0 0000008c74dfe1b0
0x0000008c74dfdfe0:   0000024efc247000 0000008c74dfe178
0x0000008c74dfdff0:   000000000000004b 0000024efc2471f8
0x0000008c74dfe000:   0000024efc2471f8 0000024f0de0ce20
0x0000008c74dfe010:   000000000000004b 00007ffa4d7eb498
0x0000008c74dfe020:   000000000000004b 0000008c74dfe1b0 

Instructions: (pc=0x00007ffa4d7dcb66)
0x00007ffa4d7dcb46:   66 66 0f 1f 84 00 00 00 00 00 48 8b 13 48 c7 44
0x00007ffa4d7dcb56:   24 40 0f 00 00 00 4c 89 74 24 38 c6 44 24 28 00
0x00007ffa4d7dcb66:   80 3a 00 75 05 4d 8b c6 eb 0e 49 83 c8 ff 49 ff
0x00007ffa4d7dcb76:   c0 42 80 3c 02 00 75 f6 48 8d 4c 24 28 e8 b8 66 


Register to memory mapping:

RAX=0x000000000000000f is an unknown value
RBX=0x0000024ef36a4ba0 is an unknown value
RCX=0x0000008c74dfdf78 is pointing into the stack for thread: 0x0000024efc247000
RDX=0x00740063004f003a is an unknown value
RSP=0x0000008c74dfdf30 is pointing into the stack for thread: 0x0000024efc247000
RBP=0x0000008c74dfe0a0 is pointing into the stack for thread: 0x0000024efc247000
RSI=0x0000000000000000 is an unknown value
RDI=0x0000024f003ac9a0 is an unknown value
R8 =0x0000024f18bd0020 is an unknown value
R9 =0x0000000000000000 is an unknown value
R10=0x0000024f18bdc150 is an unknown value
R11=0x0000008c74dfbe60 is pointing into the stack for thread: 0x0000024efc247000
R12=0x0000024efc202360 is an unknown value
R13=0x0000000000000000 is an unknown value
R14=0x0000000000000000 is an unknown value
R15=0x0000008c74dfe178 is pointing into the stack for thread: 0x0000024efc247000


Stack: [0x0000008c74900000,0x0000008c74e00000],  sp=0x0000008c74dfdf30,  free space=5111k
Native frames: (J=compiled Java code, j=interpreted, Vv=VM code, C=native code)
C  [librdi_filemgmt.dll+0x1fcb66]
C  [librdi_filemgmt.dll+0x1fbb2e]
C  [librdi_filemgmt.dll+0x20b498]
C  0x0000024e8277d272

Java frames: (J=compiled Java code, j=interpreted, Vv=VM code)
J 19534  ui.data.srcscan.srcscani.EditorAssist_createFoldInfoIter(JLjava/lang/String;)J (0 bytes) @ 0x0000024e8277d1d5 [0x0000024e8277d180+0x55]
J 19870 C1 ui.data.h.a.vC(Ljava/lang/String;)V (155 bytes) @ 0x0000024e80265fa4 [0x0000024e80265980+0x624]
J 19767 C1 ui.views.R.a.J.gmF()V (52 bytes) @ 0x0000024e82a1157c [0x0000024e82a102c0+0x12bc]
J 19766 C1 ui.views.R.a.U.finished()V (70 bytes) @ 0x0000024e825d25b4 [0x0000024e825d2280+0x334]
J 19680 C1 ui.frmwork.C.run()V (15 bytes) @ 0x0000024e82bc4b64 [0x0000024e82bc49e0+0x184]
J 12379 C2 java.awt.EventQueue$3.run()Ljava/lang/Void; (60 bytes) @ 0x0000024e8249730c [0x0000024e82496fe0+0x32c]
J 12523 C2 java.awt.EventQueue$3.run()Ljava/lang/Object; (5 bytes) @ 0x0000024e8113db54 [0x0000024e8113db20+0x34]
v  ~StubRoutines::call_stub
J 1613  java.security.AccessController.doPrivileged(Ljava/security/PrivilegedAction;Ljava/security/AccessControlContext;)Ljava/lang/Object; (0 bytes) @ 0x0000024e80551766 [0x0000024e80551700+0x66]
J 9644 C2 ui.frmwork.a.d.dispatchEvent(Ljava/awt/AWTEvent;)V (30 bytes) @ 0x0000024e80cdf360 [0x0000024e80cdf100+0x260]
J 15079 C2 java.awt.EventDispatchThread.pumpOneEventForFilters(I)V (295 bytes) @ 0x0000024e82d5a544 [0x0000024e82d5a200+0x344]
J 18870% C2 java.awt.EventDispatchThread.pumpEventsForFilter(ILjava/awt/Conditional;Ljava/awt/EventFilter;)V (47 bytes) @ 0x0000024e80f78420 [0x0000024e80f78320+0x100]
j  java.awt.EventDispatchThread.pumpEventsForHierarchy(ILjava/awt/Conditional;Ljava/awt/Component;)V+11
j  java.awt.EventDispatchThread.pumpEvents(ILjava/awt/Conditional;)V+4
j  java.awt.EventDispatchThread.pumpEvents(Ljava/awt/Conditional;)V+3
j  java.awt.EventDispatchThread.run()V+9
v  ~StubRoutines::call_stub

---------------  P R O C E S S  ---------------

Java Threads: ( => current thread )
  0x0000024f14ba1800 JavaThread "Code Inspector" [_thread_in_native, id=10596, stack(0x0000008cf3500000,0x0000008cf3a00000)]
  0x0000024f14ea5000 JavaThread "Monitor File Timestamp Swing Worker" [_thread_blocked, id=13496, stack(0x0000008c0d800000,0x0000008c0dd00000)]
  0x0000024f14ea6000 JavaThread "Timer-1" [_thread_blocked, id=6716, stack(0x0000008c0d300000,0x0000008c0d800000)]
  0x0000024f1889f800 JavaThread "SyntheticaAnimation 50" daemon [_thread_blocked, id=11612, stack(0x0000008c08d00000,0x0000008c09200000)]
  0x0000024f03173000 JavaThread "Thread-26" [_thread_in_native, id=13772, stack(0x0000008c7e600000,0x0000008c7e700000)]
  0x0000024efd87c800 JavaThread "Thread-25" [_thread_in_native, id=3144, stack(0x0000008c78800000,0x0000008c78900000)]
  0x0000024efd389800 JavaThread "hw_ila_monitor" [_thread_blocked, id=6740, stack(0x0000008c7c300000,0x0000008c7c800000)]
  0x0000024eff085800 JavaThread "Update Runs Swing Worker" [_thread_blocked, id=7480, stack(0x0000008c7b900000,0x0000008c7be00000)]
  0x0000024f003ad800 JavaThread "Refresh Filesets Swing Worker" [_thread_blocked, id=8372, stack(0x0000008c7b400000,0x0000008c7b900000)]
  0x0000024f0021f800 JavaThread "SyntheticaAnimation 70" daemon [_thread_blocked, id=12348, stack(0x0000008c7a500000,0x0000008c7aa00000)]
  0x0000024eff1c6800 JavaThread "SyntheticaAnimation 25" daemon [_thread_blocked, id=5220, stack(0x0000008c79b00000,0x0000008c7a000000)]
  0x0000024efbb12800 JavaThread "SyntheticaAnimation 50" daemon [_thread_blocked, id=4644, stack(0x0000008c79100000,0x0000008c79600000)]
  0x0000024efdcb1000 JavaThread "Batik CleanerThread" daemon [_thread_blocked, id=2172, stack(0x0000008c76c00000,0x0000008c77100000)]
  0x0000024efdf16000 JavaThread "SyntheticaCleanerThread" daemon [_thread_blocked, id=7372, stack(0x0000008c75d00000,0x0000008c76200000)]
  0x0000024ef3672000 JavaThread "Process Messages" [_thread_blocked, id=9988, stack(0x0000008c74e00000,0x0000008c75300000)]
=>0x0000024efc247000 JavaThread "AWT-EventQueue-1" [_thread_in_native, id=16192, stack(0x0000008c74900000,0x0000008c74e00000)]
  0x0000024efc247800 JavaThread "AWT-Shutdown" [_thread_blocked, id=11848, stack(0x0000008c74400000,0x0000008c74900000)]
  0x0000024ef1fb2000 JavaThread "Thread-2" [_thread_in_native, id=1496, stack(0x0000008c6e700000,0x0000008c6fb00000)]
  0x0000024efbd52800 JavaThread "AWT-Windows" daemon [_thread_in_native, id=5808, stack(0x0000008c73000000,0x0000008c73500000)]
  0x0000024efc295800 JavaThread "Java2D Disposer" daemon [_thread_blocked, id=14708, stack(0x0000008c72600000,0x0000008c72b00000)]
  0x0000024efbc25800 JavaThread "TimerQueue" daemon [_thread_blocked, id=13444, stack(0x0000008c72100000,0x0000008c72600000)]
  0x0000024efb6f7000 JavaThread "Service Thread" daemon [_thread_blocked, id=13620, stack(0x0000008c71b00000,0x0000008c72000000)]
  0x0000024efb660800 JavaThread "C1 CompilerThread2" daemon [_thread_blocked, id=16568, stack(0x0000008c71a00000,0x0000008c71b00000)]
  0x0000024efb6a1000 JavaThread "C2 CompilerThread1" daemon [_thread_blocked, id=16820, stack(0x0000008c71900000,0x0000008c71a00000)]
  0x0000024efb6a2800 JavaThread "C2 CompilerThread0" daemon [_thread_blocked, id=6948, stack(0x0000008c71800000,0x0000008c71900000)]
  0x0000024efb6a3800 JavaThread "Attach Listener" daemon [_thread_blocked, id=11604, stack(0x0000008c71300000,0x0000008c71800000)]
  0x0000024efb691000 JavaThread "Signal Dispatcher" daemon [_thread_blocked, id=5408, stack(0x0000008c70e00000,0x0000008c71300000)]
  0x0000024efb698000 JavaThread "Finalizer" daemon [_thread_blocked, id=15844, stack(0x0000008c70900000,0x0000008c70e00000)]
  0x0000024efb5c6000 JavaThread "Reference Handler" daemon [_thread_blocked, id=2956, stack(0x0000008c70400000,0x0000008c70900000)]
  0x0000024eef934000 JavaThread "main" [_thread_blocked, id=13592, stack(0x0000008c6fe00000,0x0000008c6ff00000)]

Other Threads:
  0x0000024efb5cb000 VMThread [stack: 0x0000008c70300000,0x0000008c70400000] [id=17224]
  0x0000024ef2387800 WatcherThread [stack: 0x0000008c72000000,0x0000008c72100000] [id=4076]

VM state:not at safepoint (normal execution)

VM Mutex/Monitor currently owned by a thread: None

Heap:
 PSYoungGen      total 58880K, used 53149K [0x00000007bc400000, 0x00000007c0000000, 0x00000007c0000000)
  eden space 56320K, 92% used [0x00000007bc400000,0x00000007bf7075d8,0x00000007bfb00000)
  from space 2560K, 35% used [0x00000007bfd80000,0x00000007bfe60000,0x00000007c0000000)
  to   space 2560K, 0% used [0x00000007bfb00000,0x00000007bfb00000,0x00000007bfd80000)
 ParOldGen       total 79360K, used 52710K [0x0000000700000000, 0x0000000704d80000, 0x00000007bc400000)
  object space 79360K, 66% used [0x0000000700000000,0x0000000703379830,0x0000000704d80000)
 Metaspace       used 76739K, capacity 77495K, committed 78080K, reserved 1116160K
  class space    used 10582K, capacity 10748K, committed 10752K, reserved 1048576K

Card table byte_map: [0x0000024ef3b60000,0x0000024ef4170000] byte_map_base: 0x0000024ef0360000

Marking Bits: (ParMarkBitMap*) 0x000000006d9ba6d0
 Begin Bits: [0x0000024ef4760000, 0x0000024ef7760000)
 End Bits:   [0x0000024ef7760000, 0x0000024efa760000)

Polling page: 0x0000024eeea50000

CodeCache: size=245760Kb used=59900Kb max_used=59934Kb free=185859Kb
 bounds [0x0000024e80000000, 0x0000024e83b00000, 0x0000024e8f000000]
 total_blobs=15903 nmethods=14927 adapters=880
 compilation: enabled

Compilation events (10 events):
Event: 1898.961 Thread 0x0000024efb6a2800 19885       4       sun.java2d.pipe.PixelToParallelogramConverter::drawGeneralLine (641 bytes)
Event: 1899.039 Thread 0x0000024efb6a2800 nmethod 19885 0x0000024e82839c90 code [0x0000024e82839f40, 0x0000024e8283b388]
Event: 1899.389 Thread 0x0000024efb6a1000 19886       4       com.jidesoft.editor.CodeEditor::modelPositionToOffset (213 bytes)
Event: 1899.438 Thread 0x0000024efb6a1000 nmethod 19886 0x0000024e834d6bd0 code [0x0000024e834d6dc0, 0x0000024e834d75e8]
Event: 1899.663 Thread 0x0000024efb6a2800 19887       4       java.lang.reflect.Field::getBoolean (51 bytes)
Event: 1899.680 Thread 0x0000024efb6a2800 nmethod 19887 0x0000024e83af2250 code [0x0000024e83af23e0, 0x0000024e83af2708]
Event: 1901.212 Thread 0x0000024efb6a1000 19888       4       com.jidesoft.editor.folding.DefaultFoldingModel::setAdjusting (73 bytes)
Event: 1901.272 Thread 0x0000024efb6a1000 nmethod 19888 0x0000024e8146e7d0 code [0x0000024e8146e960, 0x0000024e8146f008]
Event: 1909.266 Thread 0x0000024efb6a2800 19889       4       ui.g.n.b.r::a (178 bytes)
Event: 1909.288 Thread 0x0000024efb6a2800 nmethod 19889 0x0000024e82837350 code [0x0000024e82837500, 0x0000024e82837b60]

GC Heap History (10 events):
Event: 1829.444 GC heap before
{Heap before GC invocations=221 (full 17):
 PSYoungGen      total 58880K, used 57504K [0x00000007bc400000, 0x00000007c0000000, 0x00000007c0000000)
  eden space 56320K, 100% used [0x00000007bc400000,0x00000007bfb00000,0x00000007bfb00000)
  from space 2560K, 46% used [0x00000007bfb00000,0x00000007bfc28000,0x00000007bfd80000)
  to   space 2560K, 0% used [0x00000007bfd80000,0x00000007bfd80000,0x00000007c0000000)
 ParOldGen       total 79360K, used 52392K [0x0000000700000000, 0x0000000704d80000, 0x00000007bc400000)
  object space 79360K, 66% used [0x0000000700000000,0x000000070332a118,0x0000000704d80000)
 Metaspace       used 76734K, capacity 77495K, committed 78080K, reserved 1116160K
  class space    used 10582K, capacity 10748K, committed 10752K, reserved 1048576K
Event: 1829.454 GC heap after
Heap after GC invocations=221 (full 17):
 PSYoungGen      total 58880K, used 1088K [0x00000007bc400000, 0x00000007c0000000, 0x00000007c0000000)
  eden space 56320K, 0% used [0x00000007bc400000,0x00000007bc400000,0x00000007bfb00000)
  from space 2560K, 42% used [0x00000007bfd80000,0x00000007bfe90000,0x00000007c0000000)
  to   space 2560K, 0% used [0x00000007bfb00000,0x00000007bfb00000,0x00000007bfd80000)
 ParOldGen       total 79360K, used 52456K [0x0000000700000000, 0x0000000704d80000, 0x00000007bc400000)
  object space 79360K, 66% used [0x0000000700000000,0x000000070333a118,0x0000000704d80000)
 Metaspace       used 76734K, capacity 77495K, committed 78080K, reserved 1116160K
  class space    used 10582K, capacity 10748K, committed 10752K, reserved 1048576K
}
Event: 1845.738 GC heap before
{Heap before GC invocations=222 (full 17):
 PSYoungGen      total 58880K, used 57408K [0x00000007bc400000, 0x00000007c0000000, 0x00000007c0000000)
  eden space 56320K, 100% used [0x00000007bc400000,0x00000007bfb00000,0x00000007bfb00000)
  from space 2560K, 42% used [0x00000007bfd80000,0x00000007bfe90000,0x00000007c0000000)
  to   space 2560K, 0% used [0x00000007bfb00000,0x00000007bfb00000,0x00000007bfd80000)
 ParOldGen       total 79360K, used 52456K [0x0000000700000000, 0x0000000704d80000, 0x00000007bc400000)
  object space 79360K, 66% used [0x0000000700000000,0x000000070333a1b0,0x0000000704d80000)
 Metaspace       used 76734K, capacity 77495K, committed 78080K, reserved 1116160K
  class space    used 10582K, capacity 10748K, committed 10752K, reserved 1048576K
Event: 1845.747 GC heap after
Heap after GC invocations=222 (full 17):
 PSYoungGen      total 58880K, used 1088K [0x00000007bc400000, 0x00000007c0000000, 0x00000007c0000000)
  eden space 56320K, 0% used [0x00000007bc400000,0x00000007bc400000,0x00000007bfb00000)
  from space 2560K, 42% used [0x00000007bfb00000,0x00000007bfc10000,0x00000007bfd80000)
  to   space 2560K, 0% used [0x00000007bfd80000,0x00000007bfd80000,0x00000007c0000000)
 ParOldGen       total 79360K, used 52472K [0x0000000700000000, 0x0000000704d80000, 0x00000007bc400000)
  object space 79360K, 66% used [0x0000000700000000,0x000000070333e1b0,0x0000000704d80000)
 Metaspace       used 76734K, capacity 77495K, committed 78080K, reserved 1116160K
  class space    used 10582K, capacity 10748K, committed 10752K, reserved 1048576K
}
Event: 1860.936 GC heap before
{Heap before GC invocations=223 (full 17):
 PSYoungGen      total 58880K, used 57408K [0x00000007bc400000, 0x00000007c0000000, 0x00000007c0000000)
  eden space 56320K, 100% used [0x00000007bc400000,0x00000007bfb00000,0x00000007bfb00000)
  from space 2560K, 42% used [0x00000007bfb00000,0x00000007bfc10000,0x00000007bfd80000)
  to   space 2560K, 0% used [0x00000007bfd80000,0x00000007bfd80000,0x00000007c0000000)
 ParOldGen       total 79360K, used 52474K [0x0000000700000000, 0x0000000704d80000, 0x00000007bc400000)
  object space 79360K, 66% used [0x0000000700000000,0x000000070333eab0,0x0000000704d80000)
 Metaspace       used 76734K, capacity 77495K, committed 78080K, reserved 1116160K
  class space    used 10582K, capacity 10748K, committed 10752K, reserved 1048576K
Event: 1860.947 GC heap after
Heap after GC invocations=223 (full 17):
 PSYoungGen      total 58880K, used 960K [0x00000007bc400000, 0x00000007c0000000, 0x00000007c0000000)
  eden space 56320K, 0% used [0x00000007bc400000,0x00000007bc400000,0x00000007bfb00000)
  from space 2560K, 37% used [0x00000007bfd80000,0x00000007bfe70000,0x00000007c0000000)
  to   space 2560K, 0% used [0x00000007bfb00000,0x00000007bfb00000,0x00000007bfd80000)
 ParOldGen       total 79360K, used 52522K [0x0000000700000000, 0x0000000704d80000, 0x00000007bc400000)
  object space 79360K, 66% used [0x0000000700000000,0x000000070334aac0,0x0000000704d80000)
 Metaspace       used 76734K, capacity 77495K, committed 78080K, reserved 1116160K
  class space    used 10582K, capacity 10748K, committed 10752K, reserved 1048576K
}
Event: 1889.465 GC heap before
{Heap before GC invocations=224 (full 17):
 PSYoungGen      total 58880K, used 57280K [0x00000007bc400000, 0x00000007c0000000, 0x00000007c0000000)
  eden space 56320K, 100% used [0x00000007bc400000,0x00000007bfb00000,0x00000007bfb00000)
  from space 2560K, 37% used [0x00000007bfd80000,0x00000007bfe70000,0x00000007c0000000)
  to   space 2560K, 0% used [0x00000007bfb00000,0x00000007bfb00000,0x00000007bfd80000)
 ParOldGen       total 79360K, used 52524K [0x0000000700000000, 0x0000000704d80000, 0x00000007bc400000)
  object space 79360K, 66% used [0x0000000700000000,0x000000070334b3c0,0x0000000704d80000)
 Metaspace       used 76739K, capacity 77495K, committed 78080K, reserved 1116160K
  class space    used 10582K, capacity 10748K, committed 10752K, reserved 1048576K
Event: 1889.483 GC heap after
Heap after GC invocations=224 (full 17):
 PSYoungGen      total 58880K, used 928K [0x00000007bc400000, 0x00000007c0000000, 0x00000007c0000000)
  eden space 56320K, 0% used [0x00000007bc400000,0x00000007bc400000,0x00000007bfb00000)
  from space 2560K, 36% used [0x00000007bfb00000,0x00000007bfbe8000,0x00000007bfd80000)
  to   space 2560K, 0% used [0x00000007bfd80000,0x00000007bfd80000,0x00000007c0000000)
 ParOldGen       total 79360K, used 52620K [0x0000000700000000, 0x0000000704d80000, 0x00000007bc400000)
  object space 79360K, 66% used [0x0000000700000000,0x00000007033633c0,0x0000000704d80000)
 Metaspace       used 76739K, capacity 77495K, committed 78080K, reserved 1116160K
  class space    used 10582K, capacity 10748K, committed 10752K, reserved 1048576K
}
Event: 1901.235 GC heap before
{Heap before GC invocations=225 (full 17):
 PSYoungGen      total 58880K, used 57248K [0x00000007bc400000, 0x00000007c0000000, 0x00000007c0000000)
  eden space 56320K, 100% used [0x00000007bc400000,0x00000007bfb00000,0x00000007bfb00000)
  from space 2560K, 36% used [0x00000007bfb00000,0x00000007bfbe8000,0x00000007bfd80000)
  to   space 2560K, 0% used [0x00000007bfd80000,0x00000007bfd80000,0x00000007c0000000)
 ParOldGen       total 79360K, used 52622K [0x0000000700000000, 0x0000000704d80000, 0x00000007bc400000)
  object space 79360K, 66% used [0x0000000700000000,0x0000000703363830,0x0000000704d80000)
 Metaspace       used 76739K, capacity 77495K, committed 78080K, reserved 1116160K
  class space    used 10582K, capacity 10748K, committed 10752K, reserved 1048576K
Event: 1901.246 GC heap after
Heap after GC invocations=225 (full 17):
 PSYoungGen      total 58880K, used 896K [0x00000007bc400000, 0x00000007c0000000, 0x00000007c0000000)
  eden space 56320K, 0% used [0x00000007bc400000,0x00000007bc400000,0x00000007bfb00000)
  from space 2560K, 35% used [0x00000007bfd80000,0x00000007bfe60000,0x00000007c0000000)
  to   space 2560K, 0% used [0x00000007bfb00000,0x00000007bfb00000,0x00000007bfd80000)
 ParOldGen       total 79360K, used 52710K [0x0000000700000000, 0x0000000704d80000, 0x00000007bc400000)
  object space 79360K, 66% used [0x0000000700000000,0x0000000703379830,0x0000000704d80000)
 Metaspace       used 76739K, capacity 77495K, committed 78080K, reserved 1116160K
  class space    used 10582K, capacity 10748K, committed 10752K, reserved 1048576K
}

Deoptimization events (10 events):
Event: 1540.753 Thread 0x0000024efc247000 Uncommon trap: reason=unstable_if action=reinterpret pc=0x0000024e80859b08 method=com.jidesoft.editor.CodeEditor.modelPositionToOffset(Lcom/jidesoft/editor/caret/CaretPosition;)I @ 126
Event: 1541.280 Thread 0x0000024efc247000 Uncommon trap: reason=unstable_if action=reinterpret pc=0x0000024e82ff6e6c method=javax.swing.JComponent.scrollRectToVisible(Ljava/awt/Rectangle;)V @ 74
Event: 1543.469 Thread 0x0000024efc247000 Uncommon trap: reason=unstable_if action=reinterpret pc=0x0000024e82b77ee4 method=com.jidesoft.editor.SyntaxUtils.a(Lcom/jidesoft/editor/CodeEditor;Ljavax/swing/text/Segment;IILjava/awt/Graphics;Ljavax/swing/text/TabExpander;I[I)I @ 398
Event: 1544.465 Thread 0x0000024efc247000 Uncommon trap: reason=unstable_if action=reinterpret pc=0x0000024e82f48ac0 method=com.jidesoft.editor.SyntaxDocument.a(Ljava/lang/String;Ljava/lang/StringBuffer;Ljava/lang/String;[I)I @ 82
Event: 1544.469 Thread 0x0000024efc247000 Uncommon trap: reason=unstable_if action=reinterpret pc=0x0000024e80157e9c method=com.jidesoft.editor.SyntaxDocument.a(Ljava/lang/String;Ljava/lang/StringBuffer;Ljava/lang/String;[I)I @ 82
Event: 1794.098 Thread 0x0000024efc247000 Uncommon trap: reason=unstable_if action=reinterpret pc=0x0000024e83144ac0 method=ui.views.R.a.aS.paintFolding(Ljava/awt/Graphics;Lcom/jidesoft/editor/folding/FoldingSpan;I)V @ 127
Event: 1794.098 Thread 0x0000024efc247000 Uncommon trap: reason=unstable_if action=reinterpret pc=0x0000024e8184c090 method=ui.g.i.k.paintFoldingStart(Ljava/awt/Component;Ljava/awt/Graphics;Lcom/jidesoft/editor/Span;Ljava/awt/Rectangle;I)I @ 3
Event: 1794.098 Thread 0x0000024efc247000 Uncommon trap: reason=unstable_if action=reinterpret pc=0x0000024e81f959d0 method=ui.g.i.k.paintFoldingEnd(Ljava/awt/Component;Ljava/awt/Graphics;Lcom/jidesoft/editor/Span;Ljava/awt/Rectangle;I)I @ 3
Event: 1794.098 Thread 0x0000024efc247000 Uncommon trap: reason=unstable_if action=reinterpret pc=0x0000024e81bf8104 method=com.jidesoft.editor.margin.DefaultCodeFoldingPainter.paintFoldingLine(Ljava/awt/Component;Ljava/awt/Graphics;Lcom/jidesoft/editor/Span;Ljava/awt/Rectangle;I)V @ 9
Event: 1890.541 Thread 0x0000024efc247000 Uncommon trap: reason=unstable_if action=reinterpret pc=0x0000024e80f85c64 method=com.jidesoft.editor.CodeEditor.modelPositionToOffset(Lcom/jidesoft/editor/caret/CaretPosition;)I @ 194

Internal exceptions (10 events):
Event: 1892.713 Thread 0x0000024efc247000 Exception <a 'java/io/FileNotFoundException'> (0x00000007bdc12b28) thrown at [C:\re\workspace\8-2-build-windows-amd64-cygwin\jdk8u112\7884\hotspot\src\share\vm\prims\jni.cpp, line 709]
Event: 1892.713 Thread 0x0000024efc247000 Exception <a 'java/io/FileNotFoundException'> (0x00000007bdc13028) thrown at [C:\re\workspace\8-2-build-windows-amd64-cygwin\jdk8u112\7884\hotspot\src\share\vm\prims\jni.cpp, line 709]
Event: 1897.713 Thread 0x0000024efc247000 Exception <a 'java/io/FileNotFoundException'> (0x00000007beb8f490) thrown at [C:\re\workspace\8-2-build-windows-amd64-cygwin\jdk8u112\7884\hotspot\src\share\vm\prims\jni.cpp, line 709]
Event: 1897.714 Thread 0x0000024efc247000 Exception <a 'java/io/FileNotFoundException'> (0x00000007beb8f990) thrown at [C:\re\workspace\8-2-build-windows-amd64-cygwin\jdk8u112\7884\hotspot\src\share\vm\prims\jni.cpp, line 709]
Event: 1902.714 Thread 0x0000024efc247000 Exception <a 'java/io/FileNotFoundException'> (0x00000007bc745768) thrown at [C:\re\workspace\8-2-build-windows-amd64-cygwin\jdk8u112\7884\hotspot\src\share\vm\prims\jni.cpp, line 709]
Event: 1902.714 Thread 0x0000024efc247000 Exception <a 'java/io/FileNotFoundException'> (0x00000007bc745c68) thrown at [C:\re\workspace\8-2-build-windows-amd64-cygwin\jdk8u112\7884\hotspot\src\share\vm\prims\jni.cpp, line 709]
Event: 1907.765 Thread 0x0000024efc247000 Exception <a 'java/io/FileNotFoundException'> (0x00000007bd638288) thrown at [C:\re\workspace\8-2-build-windows-amd64-cygwin\jdk8u112\7884\hotspot\src\share\vm\prims\jni.cpp, line 709]
Event: 1907.765 Thread 0x0000024efc247000 Exception <a 'java/io/FileNotFoundException'> (0x00000007bd638788) thrown at [C:\re\workspace\8-2-build-windows-amd64-cygwin\jdk8u112\7884\hotspot\src\share\vm\prims\jni.cpp, line 709]
Event: 1912.714 Thread 0x0000024efc247000 Exception <a 'java/io/FileNotFoundException'> (0x00000007bedfd9b0) thrown at [C:\re\workspace\8-2-build-windows-amd64-cygwin\jdk8u112\7884\hotspot\src\share\vm\prims\jni.cpp, line 709]
Event: 1912.715 Thread 0x0000024efc247000 Exception <a 'java/io/FileNotFoundException'> (0x00000007bedfdeb0) thrown at [C:\re\workspace\8-2-build-windows-amd64-cygwin\jdk8u112\7884\hotspot\src\share\vm\prims\jni.cpp, line 709]

Events (10 events):
Event: 1912.914 Thread 0x0000024f14ba5000 Thread added: 0x0000024f14ba5000
Event: 1912.952 Thread 0x0000024f14ba5000 Thread exited: 0x0000024f14ba5000
Event: 1913.603 Thread 0x0000024f14ba5000 Thread added: 0x0000024f14ba5000
Event: 1913.605 Thread 0x0000024f14baf800 Thread added: 0x0000024f14baf800
Event: 1913.629 Thread 0x0000024f14baf800 Thread exited: 0x0000024f14baf800
Event: 1913.955 Thread 0x0000024f14ba1800 Thread exited: 0x0000024f14ba1800
Event: 1914.650 Thread 0x0000024f14ba1800 Thread added: 0x0000024f14ba1800
Event: 1914.652 Thread 0x0000024f14baf800 Thread added: 0x0000024f14baf800
Event: 1914.676 Thread 0x0000024f14baf800 Thread exited: 0x0000024f14baf800
Event: 1914.688 Thread 0x0000024f14ba5000 Thread exited: 0x0000024f14ba5000


Dynamic libraries:
0x00007ff6c3db0000 - 0x00007ff6c3de2000 	C:\Xilinx\Vivado\2017.2\bin\unwrapped\win64.o\vivado.exe
0x00007ffa9ce90000 - 0x00007ffa9d06b000 	C:\WINDOWS\SYSTEM32\ntdll.dll
0x00007ffa9a750000 - 0x00007ffa9a7fe000 	C:\WINDOWS\System32\KERNEL32.DLL
0x00007ffa99660000 - 0x00007ffa998a9000 	C:\WINDOWS\System32\KERNELBASE.dll
0x00007ffa9a180000 - 0x00007ffa9a276000 	C:\WINDOWS\System32\ucrtbase.dll
0x00007ffa940c0000 - 0x00007ffa940d4000 	C:\Xilinx\Vivado\2017.2\lib\win64.o\librdi_commonmain.dll
0x00007ffa94a10000 - 0x00007ffa94aac000 	C:\WINDOWS\SYSTEM32\MSVCP140.dll
0x00007ffa97550000 - 0x00007ffa97566000 	C:\WINDOWS\SYSTEM32\VCRUNTIME140.dll
0x00007ffa84d10000 - 0x00007ffa84d24000 	C:\Xilinx\Vivado\2017.2\lib\win64.o\libboost_signals.dll
0x000000000a900000 - 0x000000000a983000 	C:\Xilinx\Vivado\2017.2\lib\win64.o\SHSMP64.dll
0x00007ffa9b1f0000 - 0x00007ffa9b33a000 	C:\WINDOWS\System32\USER32.dll
0x00007ffa99540000 - 0x00007ffa9955e000 	C:\WINDOWS\System32\win32u.dll
0x00007ffa9af00000 - 0x00007ffa9af27000 	C:\WINDOWS\System32\GDI32.dll
0x00007ffa7a300000 - 0x00007ffa7a326000 	C:\Xilinx\Vivado\2017.2\lib\win64.o\libboost_filesystem.dll
0x00007ffa9b430000 - 0x00007ffa9b4d1000 	C:\WINDOWS\System32\ADVAPI32.dll
0x00007ffa993b0000 - 0x00007ffa99537000 	C:\WINDOWS\System32\gdi32full.dll
0x00007ffa9a930000 - 0x00007ffa9a9cd000 	C:\WINDOWS\System32\msvcrt.dll
0x00007ffa9a280000 - 0x00007ffa9a31a000 	C:\WINDOWS\System32\msvcp_win.dll
0x00007ffa9b190000 - 0x00007ffa9b1e9000 	C:\WINDOWS\System32\sechost.dll
0x00007ffa9c920000 - 0x00007ffa9ca45000 	C:\WINDOWS\System32\RPCRT4.dll
0x00007ffa6a1f0000 - 0x00007ffa6a2f1000 	C:\Xilinx\Vivado\2017.2\lib\win64.o\librdi_commonxillic.dll
0x00007ffa5dcf0000 - 0x00007ffa5e8ff000 	C:\Xilinx\Vivado\2017.2\lib\win64.o\librdi_common.dll
0x00007ffa9b4e0000 - 0x00007ffa9c916000 	C:\WINDOWS\System32\SHELL32.dll
0x00007ffa99560000 - 0x00007ffa995a9000 	C:\WINDOWS\System32\cfgmgr32.dll
0x00007ffa9aa40000 - 0x00007ffa9aaea000 	C:\WINDOWS\System32\shcore.dll
0x00007ffa9a3f0000 - 0x00007ffa9a6e9000 	C:\WINDOWS\System32\combase.dll
0x00007ffa9a320000 - 0x00007ffa9a38a000 	C:\WINDOWS\System32\bcryptPrimitives.dll
0x00007ffa998b0000 - 0x00007ffa99fa1000 	C:\WINDOWS\System32\windows.storage.dll
0x00007ffa951f0000 - 0x00007ffa951fa000 	C:\Xilinx\Vivado\2017.2\lib\win64.o\librdi_commonversion.dll
0x00007ffa9ab90000 - 0x00007ffa9abe1000 	C:\WINDOWS\System32\shlwapi.dll
0x00007ffa99370000 - 0x00007ffa99381000 	C:\WINDOWS\System32\kernel.appcore.dll
0x00007ffa99300000 - 0x00007ffa9934c000 	C:\WINDOWS\System32\powrprof.dll
0x00007ffa99390000 - 0x00007ffa993a5000 	C:\WINDOWS\System32\profapi.dll
0x00007ffa93b90000 - 0x00007ffa93b9a000 	C:\WINDOWS\SYSTEM32\VERSION.dll
0x00007ffa95160000 - 0x00007ffa9516b000 	C:\Xilinx\Vivado\2017.2\lib\win64.o\libboost_system.dll
0x00007ffa69600000 - 0x00007ffa6996e000 	C:\Xilinx\Vivado\2017.2\lib\win64.o\libCOIN-all.dll
0x00007ffa69f00000 - 0x00007ffa6a00d000 	C:\Xilinx\Vivado\2017.2\lib\win64.o\libboost_regex.dll
0x00007ffa7a240000 - 0x00007ffa7a254000 	C:\Xilinx\Vivado\2017.2\lib\win64.o\libboost_date_time.dll
0x00007ffa71970000 - 0x00007ffa719ee000 	C:\Xilinx\Vivado\2017.2\lib\win64.o\libboost_program_options.dll
0x00007ffa7a220000 - 0x00007ffa7a240000 	C:\Xilinx\Vivado\2017.2\lib\win64.o\libboost_thread.dll
0x00007ffa68b10000 - 0x00007ffa68e01000 	C:\Xilinx\Vivado\2017.2\lib\win64.o\libXil_lmgr11.dll
0x00007ffa9af30000 - 0x00007ffa9b038000 	C:\WINDOWS\System32\COMDLG32.dll
0x00007ffa9b360000 - 0x00007ffa9b420000 	C:\WINDOWS\System32\OLEAUT32.dll
0x00007ffa9b040000 - 0x00007ffa9b185000 	C:\WINDOWS\System32\ole32.dll
0x00007ffa9a390000 - 0x00007ffa9a3e6000 	C:\WINDOWS\System32\WINTRUST.dll
0x00007ffa99350000 - 0x00007ffa99361000 	C:\WINDOWS\System32\MSASN1.dll
0x00007ffa99fb0000 - 0x00007ffa9a179000 	C:\WINDOWS\System32\CRYPT32.dll
0x00007ffa94b30000 - 0x00007ffa94b3f000 	C:\Xilinx\Vivado\2017.2\lib\win64.o\libboost_xilinx.dll
0x000000006e7e0000 - 0x000000006e90b000 	C:\Xilinx\Vivado\2017.2\lib\win64.o\tcl85t.dll
0x00007ffa9a800000 - 0x00007ffa9a86c000 	C:\WINDOWS\System32\WS2_32.dll
0x00007ffa6c700000 - 0x00007ffa6c7a5000 	C:\Xilinx\Vivado\2017.2\lib\win64.o\libhdxml.dll
0x00007ffa68730000 - 0x00007ffa68b0e000 	C:\Xilinx\Vivado\2017.2\lib\win64.o\libisl_iostreams.dll
0x00007ffa6da10000 - 0x00007ffa6da92000 	C:\Xilinx\Vivado\2017.2\lib\win64.o\libhdlpsolve.dll
0x00007ffa740e0000 - 0x00007ffa740f5000 	C:\Xilinx\Vivado\2017.2\lib\win64.o\pthreadVC2.dll
0x00007ffa74300000 - 0x00007ffa7432e000 	C:\Xilinx\Vivado\2017.2\lib\win64.o\libisl_sysinfo.dll
0x00007ffa73ba0000 - 0x00007ffa73bc1000 	C:\Xilinx\Vivado\2017.2\lib\win64.o\librdizlib.dll
0x00007ffa71e00000 - 0x00007ffa71e1c000 	C:\Xilinx\Vivado\2017.2\lib\win64.o\librdiconfig.dll
0x00007ffa8baf0000 - 0x00007ffa8be1e000 	C:\WINDOWS\SYSTEM32\WININET.dll
0x00007ffa91c20000 - 0x00007ffa91cf7000 	C:\WINDOWS\SYSTEM32\WINHTTP.dll
0x00007ffa8efc0000 - 0x00007ffa8f187000 	C:\WINDOWS\SYSTEM32\urlmon.dll
0x0000000012000000 - 0x0000000012272000 	C:\Xilinx\Vivado\2017.2\lib\win64.o\xerces-c_3_1.dll
0x00007ffa8f1e0000 - 0x00007ffa8f1e9000 	C:\WINDOWS\SYSTEM32\WSOCK32.dll
0x00007ffa71dd0000 - 0x00007ffa71dfe000 	C:\WINDOWS\SYSTEM32\VCOMP140.DLL
0x00007ffa87e90000 - 0x00007ffa87e9d000 	C:\Xilinx\Vivado\2017.2\lib\win64.o\libboost_chrono.dll
0x00007ffa8f9e0000 - 0x00007ffa8f9f7000 	C:\WINDOWS\SYSTEM32\NETAPI32.dll
0x00007ffa66d80000 - 0x00007ffa66e26000 	C:\WINDOWS\WinSxS\amd64_microsoft.windows.common-controls_6595b64144ccf1df_5.82.15063.413_none_0e0f5dcc67adff4e\COMCTL32.dll
0x00007ffa694a0000 - 0x00007ffa695f1000 	C:\Xilinx\Vivado\2017.2\lib\win64.o\librdi_curl.dll
0x00007ffa71410000 - 0x00007ffa7142b000 	C:\Xilinx\Vivado\2017.2\lib\win64.o\libboost_iostreams.dll
0x00007ffa713e0000 - 0x00007ffa71405000 	C:\Xilinx\Vivado\2017.2\lib\win64.o\libisl_iosutils.dll
0x00007ffa8b7c0000 - 0x00007ffa8b88e000 	C:\WINDOWS\SYSTEM32\MSVCR110.dll
0x000000006d1a0000 - 0x000000006da3a000 	C:\Xilinx\Vivado\2017.2\tps\win64\jre\bin\server\jvm.dll
0x00007ffa9aa30000 - 0x00007ffa9aa38000 	C:\WINDOWS\System32\PSAPI.DLL
0x00007ffa8bf80000 - 0x00007ffa8c20a000 	C:\WINDOWS\SYSTEM32\iertutil.dll
0x00007ffa90b10000 - 0x00007ffa90b33000 	C:\WINDOWS\SYSTEM32\WINMM.dll
0x00007ffa90ae0000 - 0x00007ffa90b0b000 	C:\WINDOWS\SYSTEM32\WINMMBASE.dll
0x00007ffa98dd0000 - 0x00007ffa98ddb000 	C:\WINDOWS\SYSTEM32\CRYPTBASE.DLL
0x000000006f410000 - 0x000000006f4e2000 	C:\WINDOWS\SYSTEM32\MSVCR100.dll
0x00007ffa5ce50000 - 0x00007ffa5dce1000 	C:\Xilinx\Vivado\2017.2\lib\win64.o\gurobi65.dll
0x00007ffa9a880000 - 0x00007ffa9a8ad000 	C:\WINDOWS\System32\IMM32.DLL
0x000000006fcc0000 - 0x000000006fcf9000 	C:\PROGRA~2\Sophos\SOPHOS~1\SOPHOS~2.DLL
0x00007ffa67e20000 - 0x00007ffa68283000 	C:\Xilinx\Vivado\2017.2\lib\win64.o\librdi_commontasks.dll
0x00007ffa67bf0000 - 0x00007ffa67e1a000 	C:\Xilinx\Vivado\2017.2\lib\win64.o\librdi_sio.dll
0x00007ffa989b0000 - 0x00007ffa989e7000 	C:\WINDOWS\SYSTEM32\IPHLPAPI.DLL
0x00007ffa5aec0000 - 0x00007ffa5ce41000 	C:\Xilinx\Vivado\2017.2\lib\win64.o\librdi_tcltasks.dll
0x00007ffa685b0000 - 0x00007ffa68725000 	C:\Xilinx\Vivado\2017.2\lib\win64.o\librdi_board.dll
0x00007ffa66b50000 - 0x00007ffa66d69000 	C:\Xilinx\Vivado\2017.2\lib\win64.o\librdi_chipscope.dll
0x00007ffa71070000 - 0x00007ffa710d8000 	C:\Xilinx\Vivado\2017.2\lib\win64.o\librdi_boarddep.dll
0x00007ffa693a0000 - 0x00007ffa6949e000 	C:\Xilinx\Vivado\2017.2\lib\win64.o\librdi_containers.dll
0x00007ffa663a0000 - 0x00007ffa66702000 	C:\Xilinx\Vivado\2017.2\lib\win64.o\librdi_bitstream.dll
0x00007ffa440a0000 - 0x00007ffa47b2d000 	C:\Xilinx\Vivado\2017.2\lib\win64.o\librdi_designutils.dll
0x00007ffa599c0000 - 0x00007ffa5aeb6000 	C:\Xilinx\Vivado\2017.2\lib\win64.o\librdi_constraints.dll
0x00007ffa66140000 - 0x00007ffa663a0000 	C:\Xilinx\Vivado\2017.2\lib\win64.o\librdi_dlyest.dll
0x00007ffa415b0000 - 0x00007ffa4409f000 	C:\Xilinx\Vivado\2017.2\lib\win64.o\librdi_coregen.dll
0x00007ffa4db20000 - 0x00007ffa4e023000 	C:\Xilinx\Vivado\2017.2\lib\win64.o\librdi_drc.dll
0x00007ffa2a940000 - 0x00007ffa36a1b000 	C:\Xilinx\Vivado\2017.2\lib\win64.o\librdi_device.dll
0x00007ffa65ec0000 - 0x00007ffa6613a000 	C:\Xilinx\Vivado\2017.2\lib\win64.o\librdi_guitools.dll
0x00007ffa4d5e0000 - 0x00007ffa4db20000 	C:\Xilinx\Vivado\2017.2\lib\win64.o\librdi_filemgmt.dll
0x00007ffa6bba0000 - 0x00007ffa6bc6e000 	C:\Xilinx\Vivado\2017.2\lib\win64.o\librdi_dsp.dll
0x00007ffa3db90000 - 0x00007ffa3fad9000 	C:\Xilinx\Vivado\2017.2\lib\win64.o\librdi_mig.dll
0x00007ffa513e0000 - 0x00007ffa51865000 	C:\Xilinx\Vivado\2017.2\lib\win64.o\librdi_netlist.dll
0x00007ffa4c6c0000 - 0x00007ffa4d5d3000 	C:\Xilinx\Vivado\2017.2\lib\win64.o\librdi_implflow.dll
0x00007ffa6b500000 - 0x00007ffa6b541000 	C:\Xilinx\Vivado\2017.2\lib\win64.o\librdi_pfi.dll
0x00007ffa48f10000 - 0x00007ffa49504000 	C:\Xilinx\Vivado\2017.2\lib\win64.o\librdi_memdata.dll
0x00007ffa67a30000 - 0x00007ffa67beb000 	C:\Xilinx\Vivado\2017.2\lib\win64.o\librdi_platform.dll
0x00007ffa48890000 - 0x00007ffa48f05000 	C:\Xilinx\Vivado\2017.2\lib\win64.o\librdi_power.dll
0x00007ffa3bf30000 - 0x00007ffa3db8a000 	C:\Xilinx\Vivado\2017.2\lib\win64.o\librdi_place.dll
0x00007ffa48380000 - 0x00007ffa4888e000 	C:\Xilinx\Vivado\2017.2\lib\win64.o\librdi_project.dll
0x00007ffa6a160000 - 0x00007ffa6a1e9000 	C:\Xilinx\Vivado\2017.2\lib\win64.o\librdi_runsbase.dll
0x00007ffa40fc0000 - 0x00007ffa415a2000 	C:\Xilinx\Vivado\2017.2\lib\win64.o\librdi_psta.dll
0x00007ffa408e0000 - 0x00007ffa40fb3000 	C:\Xilinx\Vivado\2017.2\lib\win64.o\librdi_rsb.dll
0x00007ffa4fcd0000 - 0x00007ffa50048000 	C:\Xilinx\Vivado\2017.2\lib\win64.o\librdi_runs.dll
0x00007ffa67180000 - 0x00007ffa671e5000 	C:\Xilinx\Vivado\2017.2\lib\win64.o\liblmx6.0.dll
0x00007ffa68560000 - 0x00007ffa685ab000 	C:\Xilinx\Vivado\2017.2\lib\win64.o\libboost_serialization.dll
0x00007ffa669a0000 - 0x00007ffa66b4e000 	C:\Xilinx\Vivado\2017.2\lib\win64.o\librdi_simdata.dll
0x00007ffa3fd10000 - 0x00007ffa408d9000 	C:\Xilinx\Vivado\2017.2\lib\win64.o\librdi_timing.dll
0x00007ffa65e20000 - 0x00007ffa65ebe000 	C:\Xilinx\Vivado\2017.2\lib\win64.o\libise.dll
0x00007ffa47e30000 - 0x00007ffa4837e000 	C:\Xilinx\Vivado\2017.2\lib\win64.o\librdi_xdm.dll
0x00007ffa3b4b0000 - 0x00007ffa3bf22000 	C:\Xilinx\Vivado\2017.2\lib\win64.o\libverific.dll
0x00007ffa3b090000 - 0x00007ffa3b4ae000 	C:\Xilinx\Vivado\2017.2\lib\win64.o\librdi_wavedata.dll
0x00007ffa66950000 - 0x00007ffa66998000 	C:\Xilinx\Vivado\2017.2\lib\win64.o\librdi_hdf.dll
0x00007ffa67130000 - 0x00007ffa67175000 	C:\Xilinx\Vivado\2017.2\lib\win64.o\librdi_wavedata_SimpleApi.dll
0x00007ffa3a9c0000 - 0x00007ffa3b086000 	C:\Xilinx\Vivado\2017.2\lib\win64.o\librdi_coregenipxact.dll
0x00007ffa3a3f0000 - 0x00007ffa3a9b2000 	C:\Xilinx\Vivado\2017.2\lib\win64.o\librdi_abc_nomp.dll
0x00007ffa39650000 - 0x00007ffa3a3ef000 	C:\Xilinx\Vivado\2017.2\lib\win64.o\librdi_route.dll
0x00007ffa4c490000 - 0x00007ffa4c6b6000 	C:\Xilinx\Vivado\2017.2\lib\win64.o\librdi_hsm.dll
0x00007ffa798b0000 - 0x00007ffa798ca000 	C:\Xilinx\Vivado\2017.2\lib\win64.o\librdi_hmetis.dll
0x00007ffa28db0000 - 0x00007ffa2a940000 	C:\Xilinx\Vivado\2017.2\lib\win64.o\librdi_synth.dll
0x00007ffa6bdf0000 - 0x00007ffa6be42000 	C:\Xilinx\Vivado\2017.2\lib\win64.o\librdi_projectbase.dll

VM Arguments:
jvm_args: -Dsun.java2d.pmoffscreen=false -Dsun.java2d.d3d=false -Dsun.awt.nopixfmt=true -Xverify:none -Dswing.aatext=true -XX:-UsePerfData -Djdk.map.althashing.threshold=512 -XX:StringTableSize=4072 -XX:NewSize=60m -XX:MaxNewSize=60m -Xms128m -Xmx3072m -Xss5m 
java_command: <unknown>
java_class_path (initial): C:/Xilinx/Vivado/2017.2\lib\classes\alloy.jar;C:/Xilinx/Vivado/2017.2\lib\classes\batik-anim.jar;C:/Xilinx/Vivado/2017.2\lib\classes\batik-awt-util.jar;C:/Xilinx/Vivado/2017.2\lib\classes\batik-bridge.jar;C:/Xilinx/Vivado/2017.2\lib\classes\batik-codec.jar;C:/Xilinx/Vivado/2017.2\lib\classes\batik-css.jar;C:/Xilinx/Vivado/2017.2\lib\classes\batik-dom.jar;C:/Xilinx/Vivado/2017.2\lib\classes\batik-ext.jar;C:/Xilinx/Vivado/2017.2\lib\classes\batik-gui-util.jar;C:/Xilinx/Vivado/2017.2\lib\classes\batik-gvt.jar;C:/Xilinx/Vivado/2017.2\lib\classes\batik-parser.jar;C:/Xilinx/Vivado/2017.2\lib\classes\batik-script.jar;C:/Xilinx/Vivado/2017.2\lib\classes\batik-svg-dom.jar;C:/Xilinx/Vivado/2017.2\lib\classes\batik-swing.jar;C:/Xilinx/Vivado/2017.2\lib\classes\batik-transcoder.jar;C:/Xilinx/Vivado/2017.2\lib\classes\batik-util.jar;C:/Xilinx/Vivado/2017.2\lib\classes\batik-xml.jar;C:/Xilinx/Vivado/2017.2\lib\classes\commons-math-2.2.jar;C:/Xilinx/Vivado/2017.2\lib\classes\dom4j-1.6.1.jar;C:/Xilinx/Vivado/2017.2\lib\classes\forms.jar;C:/Xilinx/Vivado/2017.2\lib\classes\guava-18.0.jar;C:/Xilinx/Vivado/2017.2\lib\classes\help.jar;C:/Xilinx/Vivado/2017.2\lib\classes\hsqldb.jar;C:/Xilinx/Vivado/2017.2\lib\classes\jh.jar;C:/Xilinx/Vivado/2017.2\lib\classes\jide-action.jar;C:/Xilinx/Vivado/2017.2\lib\classes\jide-charts.jar;C:/Xilinx/Vivado/2017.2\lib\classes\jide-common.jar;C:/Xilinx/Vivado/2017.2\lib\classes\jide-components.jar;C:/Xilinx/Vivado/2017.2\lib\classes\jide-dashboard.jar;C:/Xilinx/Vivado/2017.2\lib\classes\jide-data.jar;C:/Xilinx/Vivado/2017.2\lib\classes\jide-dialogs.jar;C:/Xilinx/Vivado/2017.2\lib\classes\jide-diff.jar;C:/Xilinx/Vivado/2017.2\lib\classes\jide-dock.jar;C:/Xilinx/Vivado/2017.2\lib\classes\jide-editor.jar;C:/Xilinx/Vivado/2017.2\lib\classes\jide-gantt.jar;C:/Xilinx/Vivado/2017.2\lib\classes\jide-grids.jar;C:/Xilinx/Vivado/2017.2\lib\classes\jide-pivot.jar;C:/Xilinx/Vivado/2017.2\lib\classes\jide-plaf-jdk7.jar;C:/Xilinx/Vivado/2
Launcher Type: generic

Environment Variables:
PATH=C:/Xilinx/Vivado/2017.2/bin;C:/Xilinx/Vivado/2017.2/lib/win64.o;C:/Xilinx/Vivado/2017.2/tps/win64/jre/bin/server;C:/Xilinx/Vivado/2017.2/tps/win64/jre/bin;C:/Xilinx/Vivado/2017.2/ids_lite/ISE/bin/nt64;C:/Xilinx/Vivado/2017.2/ids_lite/ISE/lib/nt64;C:/Xilinx/Vivado_HLS/2017.2/bin;C:\ProgramData\Oracle\Java\javapath;C:\Program Files (x86)\Intel\iCLS Client\;C:\Program Files\Intel\iCLS Client\;C:\windows\system32;C:\windows;C:\windows\System32\Wbem;C:\windows\System32\WindowsPowerShell\v1.0\;C:\Program Files\Intel\Intel(R) Management Engine Components\DAL;C:\Program Files\Intel\Intel(R) Management Engine Components\IPT;C:\Program Files (x86)\Intel\Intel(R) Management Engine Components\DAL;C:\Program Files (x86)\Intel\Intel(R) Management Engine Components\IPT;C:\Program Files\Condusiv Technologies\ExpressCache\;C:\Program Files (x86)\Windows Live\Shared;C:\Program Files\Intel\WiFi\bin\;C:\Program Files\Common Files\Intel\WirelessCommon\;C:\Program Files\TortoiseSVN\bin;C:\Program Files (x86)\QuickTime\QTSystem\;C:\Program Files (x86)\Skype\Phone\;C:\Program Files\MATLAB\R2016a\runtime\win64;C:\Program Files\MATLAB\R2016a\bin;C:\Program Files (x86)\Brackets\command;C:\Program Files\Microsoft SQL Server\130\Tools\Binn\;C:\Program Files\dotnet\;C:\Users\Ryan\AppData\Local\Microsoft\WindowsApps;;C:/Xilinx/Vivado/2017.2\tps\mingw\6.2.0\win64.o\nt\bin;C:/Xilinx/Vivado/2017.2\tps\mingw\6.2.0\win64.o\nt\libexec\gcc\x86_64-w64-mingw32\6.2.0
USERNAME=Ryan
OS=Windows_NT
PROCESSOR_IDENTIFIER=Intel64 Family 6 Model 69 Stepping 1, GenuineIntel



---------------  S Y S T E M  ---------------

OS: Windows 10.0 , 64 bit Build 15063 (10.0.15063.296)

CPU:total 4 (2 cores per cpu, 2 threads per core) family 6 model 69 stepping 1, cmov, cx8, fxsr, mmx, sse, sse2, sse3, ssse3, sse4.1, sse4.2, popcnt, avx, avx2, aes, clmul, erms, lzcnt, ht, tsc, tscinvbit, bmi1, bmi2

Memory: 4k page, physical 8298776k(4500864k free), swap 11706648k(6511812k free)

vm_info: Java HotSpot(TM) 64-Bit Server VM (25.112-b15) for windows-amd64 JRE (1.8.0_112-b15), built on Sep 22 2016 21:31:56 by "java_re" with MS VC++ 10.0 (VS2010)

time: Sun Oct 29 09:24:21 2017
elapsed time: 1914 seconds (0d 0h 31m 54s)

