#
# A fatal error has been detected by the Java Runtime Environment:
#
#  EXCEPTION_ACCESS_VIOLATION (0xc0000005) at pc=0x00007ffc1554bb90, pid=46556, tid=0x000000000000cb74
#
# JRE version: Java(TM) SE Runtime Environment (8.0_112-b15) (build 1.8.0_112-b15)
# Java VM: Java HotSpot(TM) 64-Bit Server VM (25.112-b15 mixed mode windows-amd64 compressed oops)
# Problematic frame:
# C  [librdi_common.dll+0x4bbb90]
#
# Failed to write core dump. Minidumps are not enabled by default on client versions of Windows
#
# If you would like to submit a bug report, please visit:
#   http://bugreport.java.com/bugreport/crash.jsp
# The crash happened outside the Java Virtual Machine in native code.
# See problematic frame for where to report the bug.
#

---------------  T H R E A D  ---------------

Current thread (0x00000201911dc000):  JavaThread "AWT-EventQueue-0" [_thread_in_native, id=52084, stack(0x000000da00500000,0x000000da00a00000)]

siginfo: ExceptionCode=0xc0000005, reading address 0x00002615d6935540

Registers:
RAX=0x00002615d6935518, RBX=0x00000201a97ecbb8, RCX=0x000000da7c5f8540, RDX=0x0000000000000000
RSP=0x000000da009f8900, RBP=0x000000da009f8a20, RSI=0x00000000000195d8, RDI=0x00000201cdc52640
R8 =0x000000da7c5f8540, R9 =0x0000000000000000, R10=0x00007ffc1554bb60, R11=0x0000020193629f20
R12=0x0000000000000000, R13=0x000000da009f8a90, R14=0x000000da009f8a10, R15=0x00000201911dc000
RIP=0x00007ffc1554bb90, EFLAGS=0x0000000000010206

Top of Stack: (sp=0x000000da009f8900)
0x000000da009f8900:   8000000000000000 000000000000bfff
0x000000da009f8910:   00000000e0087819 0000000000000000
0x000000da009f8920:   00000201911dc1f8 fffffffffffffffe
0x000000da009f8930:   00000000f7eb6d1e 0000000000000000
0x000000da009f8940:   00740073006e006f 006e006900610072
0x000000da009f8950:   0000000000000000 0000000000000000
0x000000da009f8960:   0000000000000000 0000000000000000
0x000000da009f8970:   00000000c154af53 0000000000000000
0x000000da009f8980:   00000007bf36ab98 0000000000000000
0x000000da009f8990:   000000003f800000 0000000000000000
0x000000da009f89a0:   000000003f800000 00002615aa5358b8
0x000000da009f89b0:   0000000000000000 000002019362a421
0x000000da009f89c0:   000000003f800000 0000000000000000
0x000000da009f89d0:   00000000e0047aae 0000000000000000
0x000000da009f89e0:   0000000000000000 00007ffc1554bbf5
0x000000da009f89f0:   00000000e0047ab2 0000000000000000 

Instructions: (pc=0x00007ffc1554bb90)
0x00007ffc1554bb70:   48 8b 05 c9 80 6b 00 48 33 c4 48 89 84 24 a8 00
0x00007ffc1554bb80:   00 00 48 89 4c 24 20 49 8b 00 41 8b d1 49 8b c8
0x00007ffc1554bb90:   ff 50 28 90 eb 02 33 c0 48 8b 8c 24 a8 00 00 00
0x00007ffc1554bba0:   48 33 cc e8 98 bd 14 00 48 81 c4 b8 00 00 00 c3 


Register to memory mapping:

RAX=0x00002615d6935518 is an unknown value
RBX={method} {0x00000201a97ecbc0} 'dPb' '()J' in 'ui/frmwork/a/h'
RCX=0x000000da7c5f8540 is pointing into the stack for thread: 0x00000201ad52f800
RDX=0x0000000000000000 is an unknown value
RSP=0x000000da009f8900 is pointing into the stack for thread: 0x00000201911dc000
RBP=0x000000da009f8a20 is pointing into the stack for thread: 0x00000201911dc000
RSI=0x00000000000195d8 is an unknown value
RDI=0x00000201cdc52640 is pointing into metadata
R8 =0x000000da7c5f8540 is pointing into the stack for thread: 0x00000201ad52f800
R9 =0x0000000000000000 is an unknown value
R10=0x00007ffc1554bb60 is an unknown value
R11=0x0000020193629f20 is at entry_point+32 in (nmethod*)0x0000020193629d90
R12=0x0000000000000000 is an unknown value
R13=0x000000da009f8a90 is pointing into the stack for thread: 0x00000201911dc000
R14=0x000000da009f8a10 is pointing into the stack for thread: 0x00000201911dc000
R15=0x00000201911dc000 is a thread


Stack: [0x000000da00500000,0x000000da00a00000],  sp=0x000000da009f8900,  free space=5090k
Native frames: (J=compiled Java code, j=interpreted, Vv=VM code, C=native code)
C  [librdi_common.dll+0x4bbb90]
C  0x000002019362a421

Java frames: (J=compiled Java code, j=interpreted, Vv=VM code)
J 15202  ui.data.common.utils.GuiEventBase_getDataPtr(JI)J (0 bytes) @ 0x000002019362a384 [0x000002019362a340+0x44]
J 15203 C1 ui.frmwork.a.h.dPb()J (6 bytes) @ 0x0000020193629fe4 [0x0000020193629f00+0xe4]
j  ui.project.x.a(Lui/frmwork/a/h;)V+9
J 27913 C1 ui.frmwork.HTclEventBroker.i(JZ)V (497 bytes) @ 0x00000201950849d4 [0x0000020195080280+0x4754]
J 23028 C1 ui.frmwork.HTclEventBroker$$Lambda$35.run()V (12 bytes) @ 0x0000020196b625f4 [0x0000020196b62500+0xf4]
J 10808 C2 java.awt.EventQueue$3.run()Ljava/lang/Object; (5 bytes) @ 0x0000020193282f9c [0x00000201932827a0+0x7fc]
v  ~StubRoutines::call_stub
J 1605  java.security.AccessController.doPrivileged(Ljava/security/PrivilegedAction;Ljava/security/AccessControlContext;)Ljava/lang/Object; (0 bytes) @ 0x00000201931a7fa6 [0x00000201931a7f40+0x66]
J 9353 C2 ui.frmwork.a.d.dispatchEvent(Ljava/awt/AWTEvent;)V (30 bytes) @ 0x0000020193504960 [0x0000020193504700+0x260]
J 25938 C2 java.awt.EventDispatchThread.pumpOneEventForFilters(I)V (295 bytes) @ 0x00000201954e77d8 [0x00000201954e7480+0x358]
J 20119 C2 java.awt.EventDispatchThread.pumpEventsForFilter(ILjava/awt/Conditional;Ljava/awt/EventFilter;)V (47 bytes) @ 0x00000201965ea424 [0x00000201965ea220+0x204]
j  java.awt.EventDispatchThread.pumpEventsForFilter(Ljava/awt/Conditional;Ljava/awt/EventFilter;)V+4
j  java.awt.WaitDispatchSupport$2.run()V+59
j  java.awt.WaitDispatchSupport$4.run()Ljava/lang/Void;+4
j  java.awt.WaitDispatchSupport$4.run()Ljava/lang/Object;+1
v  ~StubRoutines::call_stub
J 168  java.security.AccessController.doPrivileged(Ljava/security/PrivilegedAction;)Ljava/lang/Object; (0 bytes) @ 0x0000020192d4e792 [0x0000020192d4e740+0x52]
j  java.awt.WaitDispatchSupport.enter()Z+279
j  java.awt.Dialog.show()V+233
j  com.jidesoft.dialog.StandardDialog.show()V+13
J 26013 C1 java.awt.Window.setVisible(Z)V (6 bytes) @ 0x00000201941fed24 [0x00000201941feae0+0x244]
j  java.awt.Dialog.setVisible(Z)V+2
j  ui.b.c.X.setVisible(Z)V+22
j  ui.co.a(Ljava/lang/Exception;)V+183
j  ui.co.b(Ljava/lang/Exception;)V+1
j  ui.cq.d(Ljava/lang/Exception;)V+1
j  ui.cq$$Lambda$100.run()V+4
J 10808 C2 java.awt.EventQueue$3.run()Ljava/lang/Object; (5 bytes) @ 0x0000020193282ac8 [0x00000201932827a0+0x328]
v  ~StubRoutines::call_stub
J 1605  java.security.AccessController.doPrivileged(Ljava/security/PrivilegedAction;Ljava/security/AccessControlContext;)Ljava/lang/Object; (0 bytes) @ 0x00000201931a7fa6 [0x00000201931a7f40+0x66]
J 9353 C2 ui.frmwork.a.d.dispatchEvent(Ljava/awt/AWTEvent;)V (30 bytes) @ 0x0000020193504960 [0x0000020193504700+0x260]
J 25938 C2 java.awt.EventDispatchThread.pumpOneEventForFilters(I)V (295 bytes) @ 0x00000201954e77d8 [0x00000201954e7480+0x358]
J 20119 C2 java.awt.EventDispatchThread.pumpEventsForFilter(ILjava/awt/Conditional;Ljava/awt/EventFilter;)V (47 bytes) @ 0x00000201965ea424 [0x00000201965ea220+0x204]
j  java.awt.EventDispatchThread.pumpEventsForFilter(Ljava/awt/Conditional;Ljava/awt/EventFilter;)V+4
j  java.awt.WaitDispatchSupport$2.run()V+59
j  java.awt.WaitDispatchSupport$4.run()Ljava/lang/Void;+4
j  java.awt.WaitDispatchSupport$4.run()Ljava/lang/Object;+1
v  ~StubRoutines::call_stub
J 168  java.security.AccessController.doPrivileged(Ljava/security/PrivilegedAction;)Ljava/lang/Object; (0 bytes) @ 0x0000020192d4e792 [0x0000020192d4e740+0x52]
j  java.awt.WaitDispatchSupport.enter()Z+279
j  java.awt.Dialog.show()V+233
J 26013 C1 java.awt.Window.setVisible(Z)V (6 bytes) @ 0x00000201941fed24 [0x00000201941feae0+0x244]
j  java.awt.Dialog.setVisible(Z)V+2
j  ui.b.c.g.setVisible(Z)V+2
j  ui.b.c.bs.showDialog()V+64
j  ui.b.c.bz.actionPerformed(Ljava/awt/event/ActionEvent;)V+8
j  ui.b.c.bs.cHa()V+464
j  ui.views.O.l.a(Lui/views/O/n;)V+17
j  ui.views.O.l.init()V+450
j  ui.views.O.l.a(Lui/views/O/l;)V+1
j  ui.views.O.m.run()V+4
j  ui.views.O.W.a(Ljava/lang/String;ZLjava/lang/Runnable;Ljava/lang/Runnable;)Z+252
j  ui.views.O.W.a(Ljava/lang/String;Ljava/lang/Runnable;Ljava/lang/Runnable;)Z+5
j  ui.views.O.W.a(Ljava/lang/String;Ljava/lang/Runnable;)Z+4
j  ui.views.O.l.<init>(Lui/views/O/s;Lui/views/O/f;Lui/frmwork/L;Z)V+49
j  ui.views.O.l.<init>(Lui/views/O/s;Lui/views/O/f;Lui/frmwork/L;)V+5
j  ui.views.c.w.a(Lui/frmwork/b;Lui/views/O/f;)V+152
j  ui.views.O.b.l.N(Lui/views/O/s;)V+75
j  ui.views.O.b.x.mouseReleased(Ljava/awt/event/MouseEvent;)V+92
J 19353 C1 java.awt.AWTEventMulticaster.mouseReleased(Ljava/awt/event/MouseEvent;)V (27 bytes) @ 0x000002019529d7f4 [0x000002019529d420+0x3d4]
J 19353 C1 java.awt.AWTEventMulticaster.mouseReleased(Ljava/awt/event/MouseEvent;)V (27 bytes) @ 0x000002019529d63c [0x000002019529d420+0x21c]
J 19353 C1 java.awt.AWTEventMulticaster.mouseReleased(Ljava/awt/event/MouseEvent;)V (27 bytes) @ 0x000002019529d63c [0x000002019529d420+0x21c]
J 24802 C2 javax.swing.JComponent.processMouseEvent(Ljava/awt/event/MouseEvent;)V (27 bytes) @ 0x000002019721ca80 [0x000002019721c940+0x140]
J 28002 C2 java.awt.Component.processEvent(Ljava/awt/AWTEvent;)V (220 bytes) @ 0x000002019659fa0c [0x000002019659f8c0+0x14c]
J 21170 C1 ui.g.n.x.M.processEvent(Ljava/awt/AWTEvent;)V (76 bytes) @ 0x0000020194f9c0fc [0x0000020194f9a840+0x18bc]
J 25995 C2 java.awt.Component.dispatchEventImpl(Ljava/awt/AWTEvent;)V (883 bytes) @ 0x00000201974fdaa0 [0x00000201974fcf00+0xba0]
J 21006 C2 java.awt.Container.dispatchEventImpl(Ljava/awt/AWTEvent;)V (129 bytes) @ 0x0000020195a698c0 [0x0000020195a69860+0x60]
J 20771 C2 java.awt.LightweightDispatcher.retargetMouseEvent(Ljava/awt/Component;ILjava/awt/event/MouseEvent;)V (350 bytes) @ 0x00000201967bbfec [0x00000201967bbac0+0x52c]
J 18821 C2 java.awt.LightweightDispatcher.processMouseEvent(Ljava/awt/event/MouseEvent;)Z (286 bytes) @ 0x00000201955f6444 [0x00000201955f5f80+0x4c4]
J 21006 C2 java.awt.Container.dispatchEventImpl(Ljava/awt/AWTEvent;)V (129 bytes) @ 0x0000020195a69d0c [0x0000020195a69860+0x4ac]
J 18639 C2 java.awt.Window.dispatchEventImpl(Ljava/awt/AWTEvent;)V (23 bytes) @ 0x000002019339cc4c [0x000002019339cc00+0x4c]
J 10808 C2 java.awt.EventQueue$3.run()Ljava/lang/Object; (5 bytes) @ 0x0000020193282b90 [0x00000201932827a0+0x3f0]
v  ~StubRoutines::call_stub
J 1605  java.security.AccessController.doPrivileged(Ljava/security/PrivilegedAction;Ljava/security/AccessControlContext;)Ljava/lang/Object; (0 bytes) @ 0x00000201931a7fa6 [0x00000201931a7f40+0x66]
J 18035 C2 java.awt.EventQueue$4.run()Ljava/lang/Object; (5 bytes) @ 0x0000020195ed10b4 [0x0000020195ed0f20+0x194]
v  ~StubRoutines::call_stub
J 1605  java.security.AccessController.doPrivileged(Ljava/security/PrivilegedAction;Ljava/security/AccessControlContext;)Ljava/lang/Object; (0 bytes) @ 0x00000201931a7fa6 [0x00000201931a7f40+0x66]
J 9353 C2 ui.frmwork.a.d.dispatchEvent(Ljava/awt/AWTEvent;)V (30 bytes) @ 0x0000020193504b74 [0x0000020193504700+0x474]
J 25938 C2 java.awt.EventDispatchThread.pumpOneEventForFilters(I)V (295 bytes) @ 0x00000201954e77d8 [0x00000201954e7480+0x358]
J 13950% C2 java.awt.EventDispatchThread.pumpEventsForFilter(ILjava/awt/Conditional;Ljava/awt/EventFilter;)V (47 bytes) @ 0x0000020192e7d500 [0x0000020192e7d400+0x100]
j  java.awt.EventDispatchThread.pumpEventsForHierarchy(ILjava/awt/Conditional;Ljava/awt/Component;)V+11
j  java.awt.EventDispatchThread.pumpEvents(ILjava/awt/Conditional;)V+4
j  java.awt.EventDispatchThread.pumpEvents(Ljava/awt/Conditional;)V+3
j  java.awt.EventDispatchThread.run()V+9
v  ~StubRoutines::call_stub

---------------  P R O C E S S  ---------------

Java Threads: ( => current thread )
  0x00000201b2aa1800 JavaThread "Image Fetcher 0" daemon [_thread_blocked, id=57956, stack(0x000000ddcb400000,0x000000ddcb900000)]
  0x00000201c20f4000 JavaThread "Open Elaborated Design" [_thread_blocked, id=57940, stack(0x000000ddcaa00000,0x000000ddcaf00000)]
  0x00000201c6d0f000 JavaThread "Thread-1695" [_thread_in_native, id=56360, stack(0x000000dd42800000,0x000000dd42900000)]
  0x00000201f349e000 JavaThread "Thread-1694" [_thread_in_native, id=53400, stack(0x000000dbb9b00000,0x000000dbb9c00000)]
  0x00000201b2a63800 JavaThread "SyntheticaAnimation 50" daemon [_thread_blocked, id=54108, stack(0x000000db4fb00000,0x000000db50000000)]
  0x00000201ac3d2000 JavaThread "Thread-374" [_thread_in_native, id=56120, stack(0x000000da75a00000,0x000000da75b00000)]
  0x00000201c8a79800 JavaThread "Thread-373" [_thread_in_native, id=51848, stack(0x000000da75c00000,0x000000da75d00000)]
  0x00000201b2b6e800 JavaThread "SyntheticaAnimation 50" daemon [_thread_blocked, id=55416, stack(0x000000da1ba00000,0x000000da1bf00000)]
  0x00000201ade51800 JavaThread "hw_ila_monitor" [_thread_blocked, id=34848, stack(0x000000da07600000,0x000000da07b00000)]
  0x00000201b170d800 JavaThread "Update Runs Swing Worker" [_thread_blocked, id=57172, stack(0x000000da06200000,0x000000da06700000)]
  0x00000201b0a5d800 JavaThread "Refresh Filesets Swing Worker" [_thread_blocked, id=53084, stack(0x000000da05d00000,0x000000da06200000)]
  0x00000201acc27800 JavaThread "SyntheticaAnimation 70" daemon [_thread_blocked, id=44652, stack(0x000000da05800000,0x000000da05d00000)]
  0x00000201af8dc000 JavaThread "SyntheticaAnimation 25" daemon [_thread_blocked, id=57092, stack(0x000000da04e00000,0x000000da05300000)]
  0x00000201ac7a2800 JavaThread "SyntheticaAnimation 50" daemon [_thread_blocked, id=57068, stack(0x000000da03a00000,0x000000da03f00000)]
  0x00000201aa273800 JavaThread "Batik CleanerThread" daemon [_thread_blocked, id=56752, stack(0x000000da02300000,0x000000da02800000)]
  0x00000201ae07f800 JavaThread "SyntheticaCleanerThread" daemon [_thread_blocked, id=34660, stack(0x000000da01e00000,0x000000da02300000)]
  0x00000201aaf42000 JavaThread "Process Messages" [_thread_blocked, id=37908, stack(0x000000da00f00000,0x000000da01400000)]
  0x00000201ad52f800 JavaThread "Thread-2" [_thread_in_native, id=28376, stack(0x000000da7b200000,0x000000da7c600000)]
=>0x00000201911dc000 JavaThread "AWT-EventQueue-0" [_thread_in_native, id=52084, stack(0x000000da00500000,0x000000da00a00000)]
  0x00000201aa5aa800 JavaThread "AWT-Windows" daemon [_thread_in_native, id=55908, stack(0x000000da00000000,0x000000da00500000)]
  0x00000201aa5ab000 JavaThread "AWT-Shutdown" [_thread_blocked, id=55064, stack(0x000000da7fb00000,0x000000da80000000)]
  0x00000201aa5ac000 JavaThread "Java2D Disposer" daemon [_thread_blocked, id=55244, stack(0x000000da7f600000,0x000000da7fb00000)]
  0x00000201aa3e1000 JavaThread "TimerQueue" daemon [_thread_blocked, id=49540, stack(0x000000da7f100000,0x000000da7f600000)]
  0x00000201a9ec7800 JavaThread "Service Thread" daemon [_thread_blocked, id=51548, stack(0x000000da7eb00000,0x000000da7f000000)]
  0x00000201a9b47800 JavaThread "C1 CompilerThread3" daemon [_thread_blocked, id=52848, stack(0x000000da7ea00000,0x000000da7eb00000)]
  0x00000201a9b49000 JavaThread "C2 CompilerThread2" daemon [_thread_blocked, id=47136, stack(0x000000da7e900000,0x000000da7ea00000)]
  0x00000201a9b4a000 JavaThread "C2 CompilerThread1" daemon [_thread_blocked, id=1256, stack(0x000000da7e800000,0x000000da7e900000)]
  0x00000201a9b4b000 JavaThread "C2 CompilerThread0" daemon [_thread_blocked, id=35440, stack(0x000000da7e700000,0x000000da7e800000)]
  0x00000201a9b4c800 JavaThread "Attach Listener" daemon [_thread_blocked, id=56544, stack(0x000000da7e200000,0x000000da7e700000)]
  0x00000201a9b4d800 JavaThread "Signal Dispatcher" daemon [_thread_blocked, id=35100, stack(0x000000da7dd00000,0x000000da7e200000)]
  0x00000201a9bf1000 JavaThread "Finalizer" daemon [_thread_blocked, id=56396, stack(0x000000da7d800000,0x000000da7dd00000)]
  0x0000020191a60800 JavaThread "Reference Handler" daemon [_thread_blocked, id=56724, stack(0x000000da7d300000,0x000000da7d800000)]
  0x0000020192b85800 JavaThread "main" [_thread_blocked, id=56900, stack(0x000000da7c900000,0x000000da7ca00000)]

Other Threads:
  0x0000020191a65000 VMThread [stack: 0x000000da7d200000,0x000000da7d300000] [id=50240]
  0x00000201a9aa7800 WatcherThread [stack: 0x000000da7f000000,0x000000da7f100000] [id=23324]

VM state:not at safepoint (normal execution)

VM Mutex/Monitor currently owned by a thread: None

Heap:
 PSYoungGen      total 57344K, used 53343K [0x00000007bc400000, 0x00000007c0000000, 0x00000007c0000000)
  eden space 53760K, 98% used [0x00000007bc400000,0x00000007bf7b7d90,0x00000007bf880000)
  from space 3584K, 10% used [0x00000007bf880000,0x00000007bf8e0000,0x00000007bfc00000)
  to   space 3584K, 0% used [0x00000007bfc80000,0x00000007bfc80000,0x00000007c0000000)
 ParOldGen       total 145408K, used 116519K [0x0000000700000000, 0x0000000708e00000, 0x00000007bc400000)
  object space 145408K, 80% used [0x0000000700000000,0x00000007071c9e08,0x0000000708e00000)
 Metaspace       used 85784K, capacity 86695K, committed 87424K, reserved 1124352K
  class space    used 11628K, capacity 11786K, committed 11904K, reserved 1048576K

Card table byte_map: [0x00000201a1fa0000,0x00000201a25b0000] byte_map_base: 0x000002019e7a0000

Marking Bits: (ParMarkBitMap*) 0x000000005f42a6d0
 Begin Bits: [0x00000201a2ba0000, 0x00000201a5ba0000)
 End Bits:   [0x00000201a5ba0000, 0x00000201a8ba0000)

Polling page: 0x000002018df40000

CodeCache: size=245760Kb used=80060Kb max_used=80253Kb free=165699Kb
 bounds [0x0000020192be0000, 0x0000020197b00000, 0x00000201a1be0000]
 total_blobs=21300 nmethods=20288 adapters=914
 compilation: enabled

Compilation events (10 events):
Event: 11979.936 Thread 0x00000201a9b47800 nmethod 28640 0x0000020193d06c10 code [0x0000020193d06d60, 0x0000020193d06e58]
Event: 11979.940 Thread 0x00000201a9b49000 nmethod 28638 0x0000020193342c90 code [0x0000020193342e20, 0x0000020193343218]
Event: 11979.950 Thread 0x00000201a9b47800 28641       1       java.awt.WaitDispatchSupport::access$500 (5 bytes)
Event: 11979.950 Thread 0x00000201a9b47800 nmethod 28641 0x0000020193dacf90 code [0x0000020193dad0e0, 0x0000020193dad1d8]
Event: 11980.039 Thread 0x00000201a9b47800 28642       3       com.jidesoft.dialog.ButtonPanelLayout::getButtonCountof (45 bytes)
Event: 11980.040 Thread 0x00000201a9b47800 nmethod 28642 0x00000201960da290 code [0x00000201960da440, 0x00000201960daa80]
Event: 11980.048 Thread 0x00000201a9b47800 28643       3       java.awt.Window::setTemporaryLostComponent (31 bytes)
Event: 11980.052 Thread 0x00000201a9b47800 nmethod 28643 0x00000201961a4a10 code [0x00000201961a4bc0, 0x00000201961a53d0]
Event: 11980.280 Thread 0x00000201a9b47800 28644       3       javax.swing.plaf.synth.SynthBorder::getBorderInsets (409 bytes)
Event: 11980.284 Thread 0x00000201a9b47800 nmethod 28644 0x0000020193dda2d0 code [0x0000020193dda5e0, 0x0000020193ddc560]

GC Heap History (10 events):
Event: 11972.521 GC heap before
{Heap before GC invocations=2091 (full 566):
 PSYoungGen      total 57344K, used 53664K [0x00000007bc400000, 0x00000007c0000000, 0x00000007c0000000)
  eden space 53248K, 100% used [0x00000007bc400000,0x00000007bf800000,0x00000007bf800000)
  from space 4096K, 10% used [0x00000007bfc00000,0x00000007bfc68000,0x00000007c0000000)
  to   space 4096K, 0% used [0x00000007bf800000,0x00000007bf800000,0x00000007bfc00000)
 ParOldGen       total 145408K, used 116447K [0x0000000700000000, 0x0000000708e00000, 0x00000007bc400000)
  object space 145408K, 80% used [0x0000000700000000,0x00000007071b7e08,0x0000000708e00000)
 Metaspace       used 85734K, capacity 86625K, committed 87168K, reserved 1124352K
  class space    used 11609K, capacity 11785K, committed 11904K, reserved 1048576K
Event: 11972.528 GC heap after
Heap after GC invocations=2091 (full 566):
 PSYoungGen      total 57344K, used 480K [0x00000007bc400000, 0x00000007c0000000, 0x00000007c0000000)
  eden space 53248K, 0% used [0x00000007bc400000,0x00000007bc400000,0x00000007bf800000)
  from space 4096K, 11% used [0x00000007bf800000,0x00000007bf878000,0x00000007bfc00000)
  to   space 4096K, 0% used [0x00000007bfc00000,0x00000007bfc00000,0x00000007c0000000)
 ParOldGen       total 145408K, used 116447K [0x0000000700000000, 0x0000000708e00000, 0x00000007bc400000)
  object space 145408K, 80% used [0x0000000700000000,0x00000007071b7e08,0x0000000708e00000)
 Metaspace       used 85734K, capacity 86625K, committed 87168K, reserved 1124352K
  class space    used 11609K, capacity 11785K, committed 11904K, reserved 1048576K
}
Event: 11973.376 GC heap before
{Heap before GC invocations=2092 (full 566):
 PSYoungGen      total 57344K, used 53728K [0x00000007bc400000, 0x00000007c0000000, 0x00000007c0000000)
  eden space 53248K, 100% used [0x00000007bc400000,0x00000007bf800000,0x00000007bf800000)
  from space 4096K, 11% used [0x00000007bf800000,0x00000007bf878000,0x00000007bfc00000)
  to   space 4096K, 0% used [0x00000007bfc00000,0x00000007bfc00000,0x00000007c0000000)
 ParOldGen       total 145408K, used 116447K [0x0000000700000000, 0x0000000708e00000, 0x00000007bc400000)
  object space 145408K, 80% used [0x0000000700000000,0x00000007071b7e08,0x0000000708e00000)
 Metaspace       used 85734K, capacity 86625K, committed 87168K, reserved 1124352K
  class space    used 11609K, capacity 11785K, committed 11904K, reserved 1048576K
Event: 11973.383 GC heap after
Heap after GC invocations=2092 (full 566):
 PSYoungGen      total 57344K, used 448K [0x00000007bc400000, 0x00000007c0000000, 0x00000007c0000000)
  eden space 53248K, 0% used [0x00000007bc400000,0x00000007bc400000,0x00000007bf800000)
  from space 4096K, 10% used [0x00000007bfc00000,0x00000007bfc70000,0x00000007c0000000)
  to   space 4096K, 0% used [0x00000007bf800000,0x00000007bf800000,0x00000007bfc00000)
 ParOldGen       total 145408K, used 116471K [0x0000000700000000, 0x0000000708e00000, 0x00000007bc400000)
  object space 145408K, 80% used [0x0000000700000000,0x00000007071bde08,0x0000000708e00000)
 Metaspace       used 85734K, capacity 86625K, committed 87168K, reserved 1124352K
  class space    used 11609K, capacity 11785K, committed 11904K, reserved 1048576K
}
Event: 11975.294 GC heap before
{Heap before GC invocations=2093 (full 566):
 PSYoungGen      total 57344K, used 53696K [0x00000007bc400000, 0x00000007c0000000, 0x00000007c0000000)
  eden space 53248K, 100% used [0x00000007bc400000,0x00000007bf800000,0x00000007bf800000)
  from space 4096K, 10% used [0x00000007bfc00000,0x00000007bfc70000,0x00000007c0000000)
  to   space 4096K, 0% used [0x00000007bf800000,0x00000007bf800000,0x00000007bfc00000)
 ParOldGen       total 145408K, used 116471K [0x0000000700000000, 0x0000000708e00000, 0x00000007bc400000)
  object space 145408K, 80% used [0x0000000700000000,0x00000007071bde08,0x0000000708e00000)
 Metaspace       used 85736K, capacity 86689K, committed 87424K, reserved 1124352K
  class space    used 11609K, capacity 11785K, committed 11904K, reserved 1048576K
Event: 11975.301 GC heap after
Heap after GC invocations=2093 (full 566):
 PSYoungGen      total 57344K, used 448K [0x00000007bc400000, 0x00000007c0000000, 0x00000007c0000000)
  eden space 53248K, 0% used [0x00000007bc400000,0x00000007bc400000,0x00000007bf800000)
  from space 4096K, 10% used [0x00000007bf800000,0x00000007bf870000,0x00000007bfc00000)
  to   space 4096K, 0% used [0x00000007bfc00000,0x00000007bfc00000,0x00000007c0000000)
 ParOldGen       total 145408K, used 116495K [0x0000000700000000, 0x0000000708e00000, 0x00000007bc400000)
  object space 145408K, 80% used [0x0000000700000000,0x00000007071c3e08,0x0000000708e00000)
 Metaspace       used 85736K, capacity 86689K, committed 87424K, reserved 1124352K
  class space    used 11609K, capacity 11785K, committed 11904K, reserved 1048576K
}
Event: 11976.044 GC heap before
{Heap before GC invocations=2094 (full 566):
 PSYoungGen      total 57344K, used 53696K [0x00000007bc400000, 0x00000007c0000000, 0x00000007c0000000)
  eden space 53248K, 100% used [0x00000007bc400000,0x00000007bf800000,0x00000007bf800000)
  from space 4096K, 10% used [0x00000007bf800000,0x00000007bf870000,0x00000007bfc00000)
  to   space 4096K, 0% used [0x00000007bfc00000,0x00000007bfc00000,0x00000007c0000000)
 ParOldGen       total 145408K, used 116495K [0x0000000700000000, 0x0000000708e00000, 0x00000007bc400000)
  object space 145408K, 80% used [0x0000000700000000,0x00000007071c3e08,0x0000000708e00000)
 Metaspace       used 85736K, capacity 86689K, committed 87424K, reserved 1124352K
  class space    used 11609K, capacity 11785K, committed 11904K, reserved 1048576K
Event: 11976.051 GC heap after
Heap after GC invocations=2094 (full 566):
 PSYoungGen      total 57856K, used 448K [0x00000007bc400000, 0x00000007c0000000, 0x00000007c0000000)
  eden space 53760K, 0% used [0x00000007bc400000,0x00000007bc400000,0x00000007bf880000)
  from space 4096K, 10% used [0x00000007bfc00000,0x00000007bfc70000,0x00000007c0000000)
  to   space 3584K, 0% used [0x00000007bf880000,0x00000007bf880000,0x00000007bfc00000)
 ParOldGen       total 145408K, used 116519K [0x0000000700000000, 0x0000000708e00000, 0x00000007bc400000)
  object space 145408K, 80% used [0x0000000700000000,0x00000007071c9e08,0x0000000708e00000)
 Metaspace       used 85736K, capacity 86689K, committed 87424K, reserved 1124352K
  class space    used 11609K, capacity 11785K, committed 11904K, reserved 1048576K
}
Event: 11976.778 GC heap before
{Heap before GC invocations=2095 (full 566):
 PSYoungGen      total 57856K, used 54208K [0x00000007bc400000, 0x00000007c0000000, 0x00000007c0000000)
  eden space 53760K, 100% used [0x00000007bc400000,0x00000007bf880000,0x00000007bf880000)
  from space 4096K, 10% used [0x00000007bfc00000,0x00000007bfc70000,0x00000007c0000000)
  to   space 3584K, 0% used [0x00000007bf880000,0x00000007bf880000,0x00000007bfc00000)
 ParOldGen       total 145408K, used 116519K [0x0000000700000000, 0x0000000708e00000, 0x00000007bc400000)
  object space 145408K, 80% used [0x0000000700000000,0x00000007071c9e08,0x0000000708e00000)
 Metaspace       used 85736K, capacity 86689K, committed 87424K, reserved 1124352K
  class space    used 11609K, capacity 11785K, committed 11904K, reserved 1048576K
Event: 11976.785 GC heap after
Heap after GC invocations=2095 (full 566):
 PSYoungGen      total 57344K, used 384K [0x00000007bc400000, 0x00000007c0000000, 0x00000007c0000000)
  eden space 53760K, 0% used [0x00000007bc400000,0x00000007bc400000,0x00000007bf880000)
  from space 3584K, 10% used [0x00000007bf880000,0x00000007bf8e0000,0x00000007bfc00000)
  to   space 3584K, 0% used [0x00000007bfc80000,0x00000007bfc80000,0x00000007c0000000)
 ParOldGen       total 145408K, used 116519K [0x0000000700000000, 0x0000000708e00000, 0x00000007bc400000)
  object space 145408K, 80% used [0x0000000700000000,0x00000007071c9e08,0x0000000708e00000)
 Metaspace       used 85736K, capacity 86689K, committed 87424K, reserved 1124352K
  class space    used 11609K, capacity 11785K, committed 11904K, reserved 1048576K
}

Deoptimization events (10 events):
Event: 11979.923 Thread 0x00000201911dc000 Uncommon trap: reason=unstable_if action=reinterpret pc=0x0000020196283a1c method=javax.swing.plaf.synth.SynthGraphicsUtils.getMinimumSize(Ljavax/swing/plaf/synth/SynthContext;Ljava/awt/Font;Ljava/lang/String;Ljavax/swing/Icon;IIIIII)Ljava/awt/Dimension; 
Event: 11979.925 Thread 0x00000201911dc000 Uncommon trap: reason=unstable_if action=reinterpret pc=0x0000020193a72120 method=javax.swing.plaf.synth.SynthGraphicsUtils.getMinimumSize(Ljavax/swing/plaf/synth/SynthContext;Ljava/awt/Font;Ljava/lang/String;Ljavax/swing/Icon;IIIIII)Ljava/awt/Dimension; 
Event: 11979.926 Thread 0x00000201911dc000 Uncommon trap: reason=unstable_if action=reinterpret pc=0x0000020193dab820 method=javax.swing.plaf.synth.SynthBorder.getBorderInsets(Ljava/awt/Component;Ljava/awt/Insets;)Ljava/awt/Insets; @ 261
Event: 11980.031 Thread 0x00000201911dc000 Uncommon trap: reason=unstable_if action=reinterpret pc=0x00000201935ed818 method=javax.swing.AbstractButton.setTextFromAction(Ljavax/swing/Action;Z)V @ 6
Event: 11980.042 Thread 0x00000201911dc000 Uncommon trap: reason=class_check action=maybe_recompile pc=0x00000201949c39e8 method=java.util.Arrays.mergeSort([Ljava/lang/Object;[Ljava/lang/Object;IIILjava/util/Comparator;)V @ 195
Event: 11980.042 Thread 0x00000201911dc000 Uncommon trap: reason=class_check action=maybe_recompile pc=0x00000201949c3cdc method=java.util.Arrays.mergeSort([Ljava/lang/Object;[Ljava/lang/Object;IIILjava/util/Comparator;)V @ 195
Event: 11980.044 Thread 0x00000201911dc000 Uncommon trap: reason=class_check action=maybe_recompile pc=0x00000201949c39e8 method=java.util.Arrays.mergeSort([Ljava/lang/Object;[Ljava/lang/Object;IIILjava/util/Comparator;)V @ 195
Event: 11980.044 Thread 0x00000201911dc000 Uncommon trap: reason=class_check action=maybe_recompile pc=0x00000201949c3cdc method=java.util.Arrays.mergeSort([Ljava/lang/Object;[Ljava/lang/Object;IIILjava/util/Comparator;)V @ 195
Event: 11980.046 Thread 0x00000201911dc000 Uncommon trap: reason=unstable_if action=reinterpret pc=0x0000020194a4233c method=de.javasoft.plaf.synthetica.painter.ScrollPanePainter.paintScrollPaneBackground(Ljavax/swing/plaf/synth/SynthContext;Ljava/awt/Graphics;IIII)V @ 63
Event: 11980.061 Thread 0x00000201911dc000 Uncommon trap: reason=unstable_if action=reinterpret pc=0x00000201949d8e48 method=javax.swing.text.Utilities.drawTabbedText(Ljavax/swing/text/View;Ljavax/swing/text/Segment;IILjava/awt/Graphics;Ljavax/swing/text/TabExpander;I[I)I @ 335

Internal exceptions (10 events):
Event: 11342.745 Thread 0x00000201911dc000 Exception <a 'de/concept/nlview/NlviewException'> (0x00000007bd3ebbe0) thrown at [C:\re\workspace\8-2-build-windows-amd64-cygwin\jdk8u112\7884\hotspot\src\share\vm\prims\jni.cpp, line 709]
Event: 11342.808 Thread 0x00000201911dc000 Exception <a 'de/concept/nlview/NlviewException'> (0x00000007bd56a070) thrown at [C:\re\workspace\8-2-build-windows-amd64-cygwin\jdk8u112\7884\hotspot\src\share\vm\prims\jni.cpp, line 709]
Event: 11357.063 Thread 0x00000201911dc000 Exception <a 'de/concept/nlview/NlviewException'> (0x00000007bd915128) thrown at [C:\re\workspace\8-2-build-windows-amd64-cygwin\jdk8u112\7884\hotspot\src\share\vm\prims\jni.cpp, line 709]
Event: 11490.545 Thread 0x00000201911dc000 Implicit null exception at 0x0000020195e89276 to 0x0000020195e89811
Event: 11585.420 Thread 0x00000201911dc000 Exception <a 'de/concept/nlview/NlviewException'> (0x00000007bf3c7370) thrown at [C:\re\workspace\8-2-build-windows-amd64-cygwin\jdk8u112\7884\hotspot\src\share\vm\prims\jni.cpp, line 709]
Event: 11686.609 Thread 0x000002020bde2000 Exception <a 'java/lang/InterruptedException': sleep interrupted> (0x00000007bd1124f0) thrown at [C:\re\workspace\8-2-build-windows-amd64-cygwin\jdk8u112\7884\hotspot\src\share\vm\prims\jvm.cpp, line 3228]
Event: 11705.477 Thread 0x0000020200870800 Exception <a 'ui/frmwork/CommandFailedException'> (0x00000007bd5529e0) thrown at [C:\re\workspace\8-2-build-windows-amd64-cygwin\jdk8u112\7884\hotspot\src\share\vm\prims\jni.cpp, line 709]
Event: 11734.917 Thread 0x00000201911dc000 Exception <a 'java/io/FileNotFoundException'> (0x00000007bce47ad0) thrown at [C:\re\workspace\8-2-build-windows-amd64-cygwin\jdk8u112\7884\hotspot\src\share\vm\prims\jni.cpp, line 709]
Event: 11742.086 Thread 0x00000201ac538800 Exception <a 'java/lang/InterruptedException': sleep interrupted> (0x00000007bc784058) thrown at [C:\re\workspace\8-2-build-windows-amd64-cygwin\jdk8u112\7884\hotspot\src\share\vm\prims\jvm.cpp, line 3180]
Event: 11841.762 Thread 0x00000201ac532800 Exception <a 'java/lang/InterruptedException': sleep interrupted> (0x00000007be21c928) thrown at [C:\re\workspace\8-2-build-windows-amd64-cygwin\jdk8u112\7884\hotspot\src\share\vm\prims\jvm.cpp, line 3180]

Events (10 events):
Event: 11980.061 Thread 0x00000201911dc000 DEOPT UNPACKING pc=0x0000020192c25832 sp=0x000000da009f6648 mode 2
Event: 11980.094 Executing VM operation: RevokeBias
Event: 11980.094 Executing VM operation: RevokeBias done
Event: 11980.158 Executing VM operation: RevokeBias
Event: 11980.159 Executing VM operation: RevokeBias done
Event: 11980.159 Thread 0x00000201b059f800 Thread exited: 0x00000201b059f800
Event: 11982.584 Thread 0x000002020bde2800 Thread added: 0x000002020bde2800
Event: 11982.586 Executing VM operation: RevokeBias
Event: 11982.587 Executing VM operation: RevokeBias done
Event: 11982.587 Thread 0x000002020bde2800 Thread exited: 0x000002020bde2800


Dynamic libraries:
0x00007ff68ac20000 - 0x00007ff68ac52000 	C:\Xilinx\Vivado\2017.2\bin\unwrapped\win64.o\vivado.exe
0x00007ffc67050000 - 0x00007ffc6722b000 	C:\WINDOWS\SYSTEM32\ntdll.dll
0x00007ffc64920000 - 0x00007ffc649ce000 	C:\WINDOWS\System32\KERNEL32.DLL
0x00007ffc63570000 - 0x00007ffc637b9000 	C:\WINDOWS\System32\KERNELBASE.dll
0x00007ffc64270000 - 0x00007ffc64366000 	C:\WINDOWS\System32\ucrtbase.dll
0x000000000a900000 - 0x000000000a983000 	C:\Xilinx\Vivado\2017.2\lib\win64.o\SHSMP64.dll
0x00007ffc64b00000 - 0x00007ffc64c4a000 	C:\WINDOWS\System32\USER32.dll
0x00007ffc4f1a0000 - 0x00007ffc4f1b4000 	C:\Xilinx\Vivado\2017.2\lib\win64.o\libboost_signals.dll
0x00007ffc64100000 - 0x00007ffc6411e000 	C:\WINDOWS\System32\win32u.dll
0x00007ffc64c50000 - 0x00007ffc64c77000 	C:\WINDOWS\System32\GDI32.dll
0x00007ffc63f10000 - 0x00007ffc64097000 	C:\WINDOWS\System32\gdi32full.dll
0x00007ffc64120000 - 0x00007ffc641ba000 	C:\WINDOWS\System32\msvcp_win.dll
0x00007ffc15090000 - 0x00007ffc15c9f000 	C:\Xilinx\Vivado\2017.2\lib\win64.o\librdi_common.dll
0x00007ffc664f0000 - 0x00007ffc66591000 	C:\WINDOWS\System32\ADVAPI32.dll
0x00007ffc4f180000 - 0x00007ffc4f194000 	C:\Xilinx\Vivado\2017.2\lib\win64.o\librdi_commonmain.dll
0x00007ffc66450000 - 0x00007ffc664ed000 	C:\WINDOWS\System32\msvcrt.dll
0x00007ffc64dd0000 - 0x00007ffc66206000 	C:\WINDOWS\System32\SHELL32.dll
0x00007ffc66fc0000 - 0x00007ffc67019000 	C:\WINDOWS\System32\sechost.dll
0x00007ffc649d0000 - 0x00007ffc64af5000 	C:\WINDOWS\System32\RPCRT4.dll
0x00007ffc63ec0000 - 0x00007ffc63f09000 	C:\WINDOWS\System32\cfgmgr32.dll
0x00007ffc64870000 - 0x00007ffc6491a000 	C:\WINDOWS\System32\shcore.dll
0x00007ffc66bb0000 - 0x00007ffc66ea9000 	C:\WINDOWS\System32\combase.dll
0x00007ffc64370000 - 0x00007ffc643da000 	C:\WINDOWS\System32\bcryptPrimitives.dll
0x00007ffc637c0000 - 0x00007ffc63eb1000 	C:\WINDOWS\System32\windows.storage.dll
0x00007ffc64750000 - 0x00007ffc647a1000 	C:\WINDOWS\System32\shlwapi.dll
0x00007ffc4e620000 - 0x00007ffc4e6bd000 	C:\WINDOWS\SYSTEM32\MSVCP140.dll
0x00007ffc63550000 - 0x00007ffc63561000 	C:\WINDOWS\System32\kernel.appcore.dll
0x00007ffc63500000 - 0x00007ffc6354c000 	C:\WINDOWS\System32\powrprof.dll
0x00007ffc634c0000 - 0x00007ffc634d5000 	C:\WINDOWS\System32\profapi.dll
0x00007ffc51a00000 - 0x00007ffc51a17000 	C:\WINDOWS\SYSTEM32\VCRUNTIME140.dll
0x00007ffc1a050000 - 0x00007ffc1a3be000 	C:\Xilinx\Vivado\2017.2\lib\win64.o\libCOIN-all.dll
0x00007ffc19d50000 - 0x00007ffc1a041000 	C:\Xilinx\Vivado\2017.2\lib\win64.o\libXil_lmgr11.dll
0x00007ffc66340000 - 0x00007ffc66448000 	C:\WINDOWS\System32\COMDLG32.dll
0x00007ffc4f160000 - 0x00007ffc4f174000 	C:\Xilinx\Vivado\2017.2\lib\win64.o\libboost_date_time.dll
0x00007ffc647b0000 - 0x00007ffc64870000 	C:\WINDOWS\System32\OLEAUT32.dll
0x00007ffc64c80000 - 0x00007ffc64dc5000 	C:\WINDOWS\System32\ole32.dll
0x00007ffc640a0000 - 0x00007ffc640f6000 	C:\WINDOWS\System32\WINTRUST.dll
0x00007ffc4e5f0000 - 0x00007ffc4e616000 	C:\Xilinx\Vivado\2017.2\lib\win64.o\libboost_filesystem.dll
0x00007ffc634e0000 - 0x00007ffc634f1000 	C:\WINDOWS\System32\MSASN1.dll
0x00007ffc643e0000 - 0x00007ffc645a9000 	C:\WINDOWS\System32\CRYPT32.dll
0x00007ffc47430000 - 0x00007ffc474ae000 	C:\Xilinx\Vivado\2017.2\lib\win64.o\libboost_program_options.dll
0x00007ffc2b120000 - 0x00007ffc2b22d000 	C:\Xilinx\Vivado\2017.2\lib\win64.o\libboost_regex.dll
0x00007ffc50ac0000 - 0x00007ffc50acb000 	C:\Xilinx\Vivado\2017.2\lib\win64.o\libboost_system.dll
0x00007ffc4f0d0000 - 0x00007ffc4f0f0000 	C:\Xilinx\Vivado\2017.2\lib\win64.o\libboost_thread.dll
0x00007ffc4f910000 - 0x00007ffc4f91f000 	C:\Xilinx\Vivado\2017.2\lib\win64.o\libboost_xilinx.dll
0x00007ffc3a950000 - 0x00007ffc3a9d2000 	C:\Xilinx\Vivado\2017.2\lib\win64.o\libhdlpsolve.dll
0x00007ffc39310000 - 0x00007ffc393b5000 	C:\Xilinx\Vivado\2017.2\lib\win64.o\libhdxml.dll
0x00007ffc19490000 - 0x00007ffc1986e000 	C:\Xilinx\Vivado\2017.2\lib\win64.o\libisl_iostreams.dll
0x00007ffc4e4c0000 - 0x00007ffc4e4ee000 	C:\Xilinx\Vivado\2017.2\lib\win64.o\libisl_sysinfo.dll
0x00007ffc66f50000 - 0x00007ffc66fbc000 	C:\WINDOWS\System32\WS2_32.dll
0x000000005ec10000 - 0x000000005f4aa000 	C:\Xilinx\Vivado\2017.2\tps\win64\jre\bin\server\jvm.dll
0x00007ffc4e530000 - 0x00007ffc4e545000 	C:\Xilinx\Vivado\2017.2\lib\win64.o\pthreadVC2.dll
0x00007ffc38630000 - 0x00007ffc38731000 	C:\Xilinx\Vivado\2017.2\lib\win64.o\librdi_commonxillic.dll
0x00007ffc29290000 - 0x00007ffc293e1000 	C:\Xilinx\Vivado\2017.2\lib\win64.o\librdi_curl.dll
0x00007ffc66f40000 - 0x00007ffc66f48000 	C:\WINDOWS\System32\PSAPI.DLL
0x00007ffc4b860000 - 0x00007ffc4b87c000 	C:\Xilinx\Vivado\2017.2\lib\win64.o\librdiconfig.dll
0x00007ffc510e0000 - 0x00007ffc510ea000 	C:\Xilinx\Vivado\2017.2\lib\win64.o\librdi_commonversion.dll
0x00007ffc44dd0000 - 0x00007ffc44df1000 	C:\Xilinx\Vivado\2017.2\lib\win64.o\librdizlib.dll
0x000000005f4b0000 - 0x000000005f5db000 	C:\Xilinx\Vivado\2017.2\lib\win64.o\tcl85t.dll
0x0000000012000000 - 0x0000000012272000 	C:\Xilinx\Vivado\2017.2\lib\win64.o\xerces-c_3_1.dll
0x00007ffc5df60000 - 0x00007ffc5e28e000 	C:\WINDOWS\SYSTEM32\WININET.dll
0x00007ffc56230000 - 0x00007ffc56307000 	C:\WINDOWS\SYSTEM32\WINHTTP.dll
0x00007ffc59a00000 - 0x00007ffc59bc7000 	C:\WINDOWS\SYSTEM32\urlmon.dll
0x00007ffc599b0000 - 0x00007ffc599ba000 	C:\WINDOWS\SYSTEM32\VERSION.dll
0x00007ffc141f0000 - 0x00007ffc15081000 	C:\Xilinx\Vivado\2017.2\lib\win64.o\gurobi65.dll
0x00007ffc52f10000 - 0x00007ffc52f19000 	C:\WINDOWS\SYSTEM32\WSOCK32.dll
0x00007ffc44bf0000 - 0x00007ffc44c1e000 	C:\WINDOWS\SYSTEM32\VCOMP140.DLL
0x00007ffc58bd0000 - 0x00007ffc58c76000 	C:\WINDOWS\WinSxS\amd64_microsoft.windows.common-controls_6595b64144ccf1df_5.82.15063.413_none_0e0f5dcc67adff4e\COMCTL32.dll
0x00007ffc56020000 - 0x00007ffc56037000 	C:\WINDOWS\SYSTEM32\NETAPI32.dll
0x00007ffc28a90000 - 0x00007ffc28b64000 	C:\WINDOWS\SYSTEM32\MSVCR110.dll
0x00007ffc4f580000 - 0x00007ffc4f58d000 	C:\Xilinx\Vivado\2017.2\lib\win64.o\libboost_chrono.dll
0x00007ffc49b60000 - 0x00007ffc49b7b000 	C:\Xilinx\Vivado\2017.2\lib\win64.o\libboost_iostreams.dll
0x00007ffc40410000 - 0x00007ffc40435000 	C:\Xilinx\Vivado\2017.2\lib\win64.o\libisl_iosutils.dll
0x00007ffc61810000 - 0x00007ffc61833000 	C:\WINDOWS\SYSTEM32\WINMM.dll
0x00000000608a0000 - 0x0000000060972000 	C:\WINDOWS\SYSTEM32\MSVCR100.dll
0x00007ffc5cbd0000 - 0x00007ffc5ce5a000 	C:\WINDOWS\SYSTEM32\iertutil.dll
0x00007ffc61650000 - 0x00007ffc6167b000 	C:\WINDOWS\SYSTEM32\WINMMBASE.dll
0x00007ffc62f30000 - 0x00007ffc62f3b000 	C:\WINDOWS\SYSTEM32\CRYPTBASE.DLL
0x00007ffc67020000 - 0x00007ffc6704d000 	C:\WINDOWS\System32\IMM32.DLL
0x00007ffc13d80000 - 0x00007ffc141e3000 	C:\Xilinx\Vivado\2017.2\lib\win64.o\librdi_commontasks.dll
0x00007ffc1d090000 - 0x00007ffc1d2ba000 	C:\Xilinx\Vivado\2017.2\lib\win64.o\librdi_sio.dll
0x00007ffc62b10000 - 0x00007ffc62b47000 	C:\WINDOWS\SYSTEM32\IPHLPAPI.DLL
0x00007ffc10710000 - 0x00007ffc12691000 	C:\Xilinx\Vivado\2017.2\lib\win64.o\librdi_tcltasks.dll
0x00007ffc13690000 - 0x00007ffc139f2000 	C:\Xilinx\Vivado\2017.2\lib\win64.o\librdi_bitstream.dll
0x00007ffc19bd0000 - 0x00007ffc19d45000 	C:\Xilinx\Vivado\2017.2\lib\win64.o\librdi_board.dll
0x00007ffc19270000 - 0x00007ffc19489000 	C:\Xilinx\Vivado\2017.2\lib\win64.o\librdi_chipscope.dll
0x00007ffc3a3a0000 - 0x00007ffc3a408000 	C:\Xilinx\Vivado\2017.2\lib\win64.o\librdi_boarddep.dll
0x00007ffc0f210000 - 0x00007ffc10706000 	C:\Xilinx\Vivado\2017.2\lib\win64.o\librdi_constraints.dll
0x00007ffc188f0000 - 0x00007ffc189ee000 	C:\Xilinx\Vivado\2017.2\lib\win64.o\librdi_containers.dll
0x00007ffbfec50000 - 0x00007ffc0173f000 	C:\Xilinx\Vivado\2017.2\lib\win64.o\librdi_coregen.dll
0x00007ffbf2b70000 - 0x00007ffbfec4b000 	C:\Xilinx\Vivado\2017.2\lib\win64.o\librdi_device.dll
0x00007ffc01740000 - 0x00007ffc051cd000 	C:\Xilinx\Vivado\2017.2\lib\win64.o\librdi_designutils.dll
0x00007ffc13430000 - 0x00007ffc13690000 	C:\Xilinx\Vivado\2017.2\lib\win64.o\librdi_dlyest.dll
0x00007ffc0ed00000 - 0x00007ffc0f203000 	C:\Xilinx\Vivado\2017.2\lib\win64.o\librdi_drc.dll
0x00007ffc19b00000 - 0x00007ffc19bce000 	C:\Xilinx\Vivado\2017.2\lib\win64.o\librdi_dsp.dll
0x00007ffc061d0000 - 0x00007ffc06710000 	C:\Xilinx\Vivado\2017.2\lib\win64.o\librdi_filemgmt.dll
0x00007ffc0ea80000 - 0x00007ffc0ecfa000 	C:\Xilinx\Vivado\2017.2\lib\win64.o\librdi_guitools.dll
0x00007ffbf1c50000 - 0x00007ffbf2b63000 	C:\Xilinx\Vivado\2017.2\lib\win64.o\librdi_implflow.dll
0x00007ffbf1650000 - 0x00007ffbf1c44000 	C:\Xilinx\Vivado\2017.2\lib\win64.o\librdi_memdata.dll
0x00007ffbef700000 - 0x00007ffbf1649000 	C:\Xilinx\Vivado\2017.2\lib\win64.o\librdi_mig.dll
0x00007ffbef270000 - 0x00007ffbef6f5000 	C:\Xilinx\Vivado\2017.2\lib\win64.o\librdi_netlist.dll
0x00007ffbed610000 - 0x00007ffbef26a000 	C:\Xilinx\Vivado\2017.2\lib\win64.o\librdi_place.dll
0x00007ffc3a1d0000 - 0x00007ffc3a211000 	C:\Xilinx\Vivado\2017.2\lib\win64.o\librdi_pfi.dll
0x00007ffc18730000 - 0x00007ffc188eb000 	C:\Xilinx\Vivado\2017.2\lib\win64.o\librdi_platform.dll
0x00007ffbecf90000 - 0x00007ffbed605000 	C:\Xilinx\Vivado\2017.2\lib\win64.o\librdi_power.dll
0x00007ffbeca80000 - 0x00007ffbecf8e000 	C:\Xilinx\Vivado\2017.2\lib\win64.o\librdi_project.dll
0x00007ffbec490000 - 0x00007ffbeca72000 	C:\Xilinx\Vivado\2017.2\lib\win64.o\librdi_psta.dll
0x00007ffbebdb0000 - 0x00007ffbec483000 	C:\Xilinx\Vivado\2017.2\lib\win64.o\librdi_rsb.dll
0x00007ffc0e700000 - 0x00007ffc0ea78000 	C:\Xilinx\Vivado\2017.2\lib\win64.o\librdi_runs.dll
0x00007ffc39e70000 - 0x00007ffc39ef9000 	C:\Xilinx\Vivado\2017.2\lib\win64.o\librdi_runsbase.dll
0x00007ffc165f0000 - 0x00007ffc1679e000 	C:\Xilinx\Vivado\2017.2\lib\win64.o\librdi_simdata.dll
0x00007ffbeb1e0000 - 0x00007ffbebda9000 	C:\Xilinx\Vivado\2017.2\lib\win64.o\librdi_timing.dll
0x00007ffc39260000 - 0x00007ffc392c5000 	C:\Xilinx\Vivado\2017.2\lib\win64.o\liblmx6.0.dll
0x00007ffbe9720000 - 0x00007ffbe9de6000 	C:\Xilinx\Vivado\2017.2\lib\win64.o\librdi_coregenipxact.dll
0x00007ffbea760000 - 0x00007ffbeb1d2000 	C:\Xilinx\Vivado\2017.2\lib\win64.o\libverific.dll
0x00007ffc39700000 - 0x00007ffc3974b000 	C:\Xilinx\Vivado\2017.2\lib\win64.o\libboost_serialization.dll
0x00007ffc35270000 - 0x00007ffc3530e000 	C:\Xilinx\Vivado\2017.2\lib\win64.o\libise.dll
0x00007ffbea210000 - 0x00007ffbea75e000 	C:\Xilinx\Vivado\2017.2\lib\win64.o\librdi_xdm.dll
0x00007ffbe9df0000 - 0x00007ffbea20e000 	C:\Xilinx\Vivado\2017.2\lib\win64.o\librdi_wavedata.dll
0x00007ffc39660000 - 0x00007ffc396a5000 	C:\Xilinx\Vivado\2017.2\lib\win64.o\librdi_wavedata_SimpleApi.dll
0x00007ffbe8980000 - 0x00007ffbe971f000 	C:\Xilinx\Vivado\2017.2\lib\win64.o\librdi_route.dll
0x00007ffc06870000 - 0x00007ffc06e32000 	C:\Xilinx\Vivado\2017.2\lib\win64.o\librdi_abc_nomp.dll
0x00007ffc49770000 - 0x00007ffc4978a000 	C:\Xilinx\Vivado\2017.2\lib\win64.o\librdi_hmetis.dll
0x00007ffc38430000 - 0x00007ffc38478000 	C:\Xilinx\Vivado\2017.2\lib\win64.o\librdi_hdf.dll
0x00007ffc0b780000 - 0x00007ffc0b9a6000 	C:\Xilinx\Vivado\2017.2\lib\win64.o\librdi_hsm.dll
0x00007ffbe8250000 - 0x00007ffbe8976000 	C:\Xilinx\Vivado\2017.2\lib\win64.o\librdi_labtools.dll
0x00007ffc36fa0000 - 0x00007ffc36ff2000 	C:\Xilinx\Vivado\2017.2\lib\win64.o\librdi_projectbase.dll
0x00007ffbe66c0000 - 0x00007ffbe8250000 	C:\Xilinx\Vivado\2017.2\lib\win64.o\librdi_synth.dll

VM Arguments:
jvm_args: -Dsun.java2d.pmoffscreen=false -Dsun.java2d.d3d=false -Dsun.awt.nopixfmt=true -Xverify:none -Dswing.aatext=true -XX:-UsePerfData -Djdk.map.althashing.threshold=512 -XX:StringTableSize=4072 -XX:NewSize=60m -XX:MaxNewSize=60m -Xms128m -Xmx3072m -Xss5m 
java_command: <unknown>
java_class_path (initial): C:/Xilinx/Vivado/2017.2\lib\classes\alloy.jar;C:/Xilinx/Vivado/2017.2\lib\classes\batik-anim.jar;C:/Xilinx/Vivado/2017.2\lib\classes\batik-awt-util.jar;C:/Xilinx/Vivado/2017.2\lib\classes\batik-bridge.jar;C:/Xilinx/Vivado/2017.2\lib\classes\batik-codec.jar;C:/Xilinx/Vivado/2017.2\lib\classes\batik-css.jar;C:/Xilinx/Vivado/2017.2\lib\classes\batik-dom.jar;C:/Xilinx/Vivado/2017.2\lib\classes\batik-ext.jar;C:/Xilinx/Vivado/2017.2\lib\classes\batik-gui-util.jar;C:/Xilinx/Vivado/2017.2\lib\classes\batik-gvt.jar;C:/Xilinx/Vivado/2017.2\lib\classes\batik-parser.jar;C:/Xilinx/Vivado/2017.2\lib\classes\batik-script.jar;C:/Xilinx/Vivado/2017.2\lib\classes\batik-svg-dom.jar;C:/Xilinx/Vivado/2017.2\lib\classes\batik-swing.jar;C:/Xilinx/Vivado/2017.2\lib\classes\batik-transcoder.jar;C:/Xilinx/Vivado/2017.2\lib\classes\batik-util.jar;C:/Xilinx/Vivado/2017.2\lib\classes\batik-xml.jar;C:/Xilinx/Vivado/2017.2\lib\classes\commons-math-2.2.jar;C:/Xilinx/Vivado/2017.2\lib\classes\dom4j-1.6.1.jar;C:/Xilinx/Vivado/2017.2\lib\classes\forms.jar;C:/Xilinx/Vivado/2017.2\lib\classes\guava-18.0.jar;C:/Xilinx/Vivado/2017.2\lib\classes\help.jar;C:/Xilinx/Vivado/2017.2\lib\classes\hsqldb.jar;C:/Xilinx/Vivado/2017.2\lib\classes\jh.jar;C:/Xilinx/Vivado/2017.2\lib\classes\jide-action.jar;C:/Xilinx/Vivado/2017.2\lib\classes\jide-charts.jar;C:/Xilinx/Vivado/2017.2\lib\classes\jide-common.jar;C:/Xilinx/Vivado/2017.2\lib\classes\jide-components.jar;C:/Xilinx/Vivado/2017.2\lib\classes\jide-dashboard.jar;C:/Xilinx/Vivado/2017.2\lib\classes\jide-data.jar;C:/Xilinx/Vivado/2017.2\lib\classes\jide-dialogs.jar;C:/Xilinx/Vivado/2017.2\lib\classes\jide-diff.jar;C:/Xilinx/Vivado/2017.2\lib\classes\jide-dock.jar;C:/Xilinx/Vivado/2017.2\lib\classes\jide-editor.jar;C:/Xilinx/Vivado/2017.2\lib\classes\jide-gantt.jar;C:/Xilinx/Vivado/2017.2\lib\classes\jide-grids.jar;C:/Xilinx/Vivado/2017.2\lib\classes\jide-pivot.jar;C:/Xilinx/Vivado/2017.2\lib\classes\jide-plaf-jdk7.jar;C:/Xilinx/Vivado/2
Launcher Type: generic

Environment Variables:
JAVA_HOME=C:\Program Files\Java\jdk1.8.0_111
PATH=C:/Xilinx/Vivado/2017.2/bin;C:/Xilinx/Vivado/2017.2/lib/win64.o;C:/Xilinx/Vivado/2017.2/tps/win64/jre/bin/server;C:/Xilinx/Vivado/2017.2/tps/win64/jre/bin;C:/Xilinx/Vivado/2017.2/ids_lite/ISE/bin/nt64;C:/Xilinx/Vivado/2017.2/ids_lite/ISE/lib/nt64;C:/Xilinx/Vivado_HLS/2017.2/bin;C:\Program Files (x86)\Common Files\Intel\Shared Libraries\redist\intel64\compiler;C:\ProgramData\Oracle\Java\javapath;C:\Program Files (x86)\HP SimplePass\x64;C:\Program Files (x86)\HP SimplePass\;C:\Program Files (x86)\Intel\iCLS Client\;C:\Program Files\Intel\iCLS Client\;C:\WINDOWS\system32;C:\WINDOWS;C:\WINDOWS\System32\Wbem;C:\WINDOWS\System32\WindowsPowerShell\v1.0\;C:\Program Files\Intel\Intel(R) Management Engine Components\DAL;C:\Program Files\Intel\Intel(R) Management Engine Components\IPT;C:\Program Files (x86)\Intel\Intel(R) Management Engine Components\DAL;C:\Program Files (x86)\Intel\Intel(R) Management Engine Components\IPT;C:\Program Files (x86)\Intel\OpenCL SDK\2.0\bin\x86;C:\Program Files (x86)\Intel\OpenCL SDK\2.0\bin\x64;C:\Program Files (x86)\QuickTime\QTSystem\;C:\WINDOWS\system32\config\systemprofile\.dnx\bin;C:\Program Files\Microsoft DNX\Dnvm\;C:\Program Files\Microsoft SQL Server\120\Tools\Binn\;C:\Program Files (x86)\Windows Kits\10\Windows Performance Toolkit\;C:\Program Files (x86)\nodejs\;C:\Program Files\MATLAB\R2016b\runtime\win64;C:\Program Files\MATLAB\R2016b\bin;C:\Program Files\LLVM\bin;C:\Program Files\Git\cmd;C:\Program Files (x86)\Windows Live\Shared;C:\Users\Jesus\AppData\Roaming\npm;C:\Users\Jesus\AppData\Local\Microsoft\WindowsApps;C:\Users\Jesus\AppData\Local\atom\bin;C:\Users\Jesus\AppData\Local\GitHubDesktop\bin;C:/Xilinx/Vivado/2017.2\tps\mingw\6.2.0\win64.o\nt\bin;C:/Xilinx/Vivado/2017.2\tps\mingw\6.2.0\win64.o\nt\libexec\gcc\x86_64-w64-mingw32\6.2.0
USERNAME=Jesus
OS=Windows_NT
PROCESSOR_IDENTIFIER=Intel64 Family 6 Model 58 Stepping 9, GenuineIntel



---------------  S Y S T E M  ---------------

OS: Windows 10.0 , 64 bit Build 15063 (10.0.15063.296)

CPU:total 8 (4 cores per cpu, 2 threads per core) family 6 model 58 stepping 9, cmov, cx8, fxsr, mmx, sse, sse2, sse3, ssse3, sse4.1, sse4.2, popcnt, avx, aes, clmul, erms, ht, tsc, tscinvbit, tscinv

Memory: 4k page, physical 16663832k(9470468k free), swap 33590552k(19469668k free)

vm_info: Java HotSpot(TM) 64-Bit Server VM (25.112-b15) for windows-amd64 JRE (1.8.0_112-b15), built on Sep 22 2016 21:31:56 by "java_re" with MS VC++ 10.0 (VS2010)

time: Mon Nov 06 18:20:49 2017
elapsed time: 11982 seconds (0d 3h 19m 42s)

