#
# A fatal error has been detected by the Java Runtime Environment:
#
#  EXCEPTION_ACCESS_VIOLATION (0xc0000005) at pc=0x00007ffc0624b23a, pid=42972, tid=0x000000000000a71c
#
# JRE version: Java(TM) SE Runtime Environment (8.0_112-b15) (build 1.8.0_112-b15)
# Java VM: Java HotSpot(TM) 64-Bit Server VM (25.112-b15 mixed mode windows-amd64 compressed oops)
# Problematic frame:
# C  [librdi_filemgmt.dll+0x7b23a]
#
# Failed to write core dump. Minidumps are not enabled by default on client versions of Windows
#
# If you would like to submit a bug report, please visit:
#   http://bugreport.java.com/bugreport/crash.jsp
# The crash happened outside the Java Virtual Machine in native code.
# See problematic frame for where to report the bug.
#

---------------  T H R E A D  ---------------

Current thread (0x000001ac384dc000):  JavaThread "AWT-EventQueue-0" [_thread_in_native, id=42780, stack(0x0000006dc5d00000,0x0000006dc6200000)]

siginfo: ExceptionCode=0xc0000005, reading address 0xffffffffffffffff

Registers:
RAX=0x006c0074006c0075, RBX=0x000001ac6c2eea40, RCX=0x000001ac33deb010, RDX=0x000001ac70dab2a0
RSP=0x0000006dc61fc740, RBP=0x0000006dc61fc930, RSI=0x006c0074006c0075, RDI=0x000001ac6c2eea40
R8 =0x006c0074006c0075, R9 =0x00007ffc01272c80, R10=0x00007ffc062e6ab0, R11=0x00000007000139f8
R12=0x0000000000000000, R13=0x0000000000000001, R14=0x0000000000000000, R15=0x000001ac384dc000
RIP=0x00007ffc0624b23a, EFLAGS=0x0000000000010206

Top of Stack: (sp=0x0000006dc61fc740)
0x0000006dc61fc740:   0000000000000002 000001ac384dc000
0x0000006dc61fc750:   000001ac52060080 000001ac50720080
0x0000006dc61fc760:   000001ac507200c0 000001ac50720168
0x0000006dc61fc770:   00000000000000d8 0000006dc61fdcd8
0x0000006dc61fc780:   fffffffffffffffe 0000000000000000
0x0000006dc61fc790:   000001ac384dc000 000001ac384dc000
0x0000006dc61fc7a0:   0000006dc61fc920 00000007bf0a8438
0x0000006dc61fc7b0:   0000000000000000 0000000000000076
0x0000006dc61fc7c0:   0000000000000001 0000006dc61fc930
0x0000006dc61fc7d0:   000001ac6c2eea40 00007ffc0624b536
0x0000006dc61fc7e0:   0000006dc61fc880 000001ac0000000a
0x0000006dc61fc7f0:   0000006dc61fc860 000000005ee24973
0x0000006dc61fc800:   00000007bf0a8450 00007ffc062e6adf
0x0000006dc61fc810:   0000000000000000 00006614c31e3720
0x0000006dc61fc820:   000001ac384dc000 000001ac384dc1f8
0x0000006dc61fc830:   000001ac384dc1f8 fffffffffffffffe 

Instructions: (pc=0x00007ffc0624b23a)
0x00007ffc0624b21a:   66 0f 1f 44 00 00 48 8b 47 28 48 8b 48 f8 48 8b
0x00007ffc0624b22a:   01 80 79 08 00 0f 84 a3 02 00 00 ff 10 48 8b f0
0x00007ffc0624b23a:   48 8b 10 48 8b c8 ff 92 38 01 00 00 84 c0 74 3a
0x00007ffc0624b24a:   48 8b 4f 10 e8 bd f0 01 00 84 c0 74 2d 48 8b 4f 


Register to memory mapping:

RAX=0x006c0074006c0075 is an unknown value
RBX=0x000001ac6c2eea40 is an unknown value
RCX=0x000001ac33deb010 is an unknown value
RDX=0x000001ac70dab2a0 is an unknown value
RSP=0x0000006dc61fc740 is pointing into the stack for thread: 0x000001ac384dc000
RBP=0x0000006dc61fc930 is pointing into the stack for thread: 0x000001ac384dc000
RSI=0x006c0074006c0075 is an unknown value
RDI=0x000001ac6c2eea40 is an unknown value
R8 =0x006c0074006c0075 is an unknown value
R9 =0x00007ffc01272c80 is an unknown value
R10=0x00007ffc062e6ab0 is an unknown value
R11=0x00000007000139f8 is an oop
java.lang.Object 
 - klass: 'java/lang/Object'
R12=0x0000000000000000 is an unknown value
R13=0x0000000000000001 is an unknown value
R14=0x0000000000000000 is an unknown value
R15=0x000001ac384dc000 is a thread


Stack: [0x0000006dc5d00000,0x0000006dc6200000],  sp=0x0000006dc61fc740,  free space=5105k
Native frames: (J=compiled Java code, j=interpreted, Vv=VM code, C=native code)
C  [librdi_filemgmt.dll+0x7b23a]
C  [librdi_filemgmt.dll+0x7b536]
C  [librdi_filemgmt.dll+0x116adf]
C  0x000001ac39dd0c9a

Java frames: (J=compiled Java code, j=interpreted, Vv=VM code)
J 8160  ui.data.design.dai.SrcFileIter_next(J)J (0 bytes) @ 0x000001ac39dd0c01 [0x000001ac39dd0bc0+0x41]
J 10506 C2 ui.data.design.aa.asw()Lui/data/design/X; (17 bytes) @ 0x000001ac39f98ef8 [0x000001ac39f98ec0+0x38]
J 21498 C2 ui.project.r.efe()Z (167 bytes) @ 0x000001ac3c5b0c64 [0x000001ac3c5afb80+0x10e4]
J 20140 C1 ui.views.c.o.m.k(Lui/views/O/f;)Z (8 bytes) @ 0x000001ac3c133d54 [0x000001ac3c133cc0+0x94]
J 17686 C2 ui.views.O.b.l.L(Lui/views/O/s;)Z (51 bytes) @ 0x000001ac3af3b1bc [0x000001ac3af3b160+0x5c]
J 19208 C1 ui.views.O.b.j.createModel()V (997 bytes) @ 0x000001ac3bdb9bf4 [0x000001ac3bdb8720+0x14d4]
J 19850 C1 ui.views.O.b.s.update()V (45 bytes) @ 0x000001ac3aee1dcc [0x000001ac3aee11e0+0xbec]
J 19015 C1 ui.bf.R()V (88 bytes) @ 0x000001ac3922b5ec [0x000001ac3922b2e0+0x30c]
J 21452 C1 ui.views.d.b.rz(Z)V (283 bytes) @ 0x000001ac3c2fba34 [0x000001ac3c2fa980+0x10b4]
J 22807 C1 ui.views.d.o.focusLost(Ljava/awt/event/FocusEvent;)V (9 bytes) @ 0x000001ac3ae4a194 [0x000001ac3ae4a0c0+0xd4]
J 19327 C1 java.awt.AWTEventMulticaster.focusLost(Ljava/awt/event/FocusEvent;)V (27 bytes) @ 0x000001ac3be21674 [0x000001ac3be212a0+0x3d4]
J 19327 C1 java.awt.AWTEventMulticaster.focusLost(Ljava/awt/event/FocusEvent;)V (27 bytes) @ 0x000001ac3be214bc [0x000001ac3be212a0+0x21c]
J 19327 C1 java.awt.AWTEventMulticaster.focusLost(Ljava/awt/event/FocusEvent;)V (27 bytes) @ 0x000001ac3be214bc [0x000001ac3be212a0+0x21c]
J 19327 C1 java.awt.AWTEventMulticaster.focusLost(Ljava/awt/event/FocusEvent;)V (27 bytes) @ 0x000001ac3be214bc [0x000001ac3be212a0+0x21c]
J 19327 C1 java.awt.AWTEventMulticaster.focusLost(Ljava/awt/event/FocusEvent;)V (27 bytes) @ 0x000001ac3be214bc [0x000001ac3be212a0+0x21c]
J 19327 C1 java.awt.AWTEventMulticaster.focusLost(Ljava/awt/event/FocusEvent;)V (27 bytes) @ 0x000001ac3be214bc [0x000001ac3be212a0+0x21c]
J 19327 C1 java.awt.AWTEventMulticaster.focusLost(Ljava/awt/event/FocusEvent;)V (27 bytes) @ 0x000001ac3be214bc [0x000001ac3be212a0+0x21c]
J 19327 C1 java.awt.AWTEventMulticaster.focusLost(Ljava/awt/event/FocusEvent;)V (27 bytes) @ 0x000001ac3be214bc [0x000001ac3be212a0+0x21c]
J 19327 C1 java.awt.AWTEventMulticaster.focusLost(Ljava/awt/event/FocusEvent;)V (27 bytes) @ 0x000001ac3be214bc [0x000001ac3be212a0+0x21c]
J 19327 C1 java.awt.AWTEventMulticaster.focusLost(Ljava/awt/event/FocusEvent;)V (27 bytes) @ 0x000001ac3be214bc [0x000001ac3be212a0+0x21c]
J 19327 C1 java.awt.AWTEventMulticaster.focusLost(Ljava/awt/event/FocusEvent;)V (27 bytes) @ 0x000001ac3be214bc [0x000001ac3be212a0+0x21c]
J 19327 C1 java.awt.AWTEventMulticaster.focusLost(Ljava/awt/event/FocusEvent;)V (27 bytes) @ 0x000001ac3be214bc [0x000001ac3be212a0+0x21c]
J 19327 C1 java.awt.AWTEventMulticaster.focusLost(Ljava/awt/event/FocusEvent;)V (27 bytes) @ 0x000001ac3be214bc [0x000001ac3be212a0+0x21c]
J 19327 C1 java.awt.AWTEventMulticaster.focusLost(Ljava/awt/event/FocusEvent;)V (27 bytes) @ 0x000001ac3be214bc [0x000001ac3be212a0+0x21c]
J 20417 C1 java.awt.Component.processFocusEvent(Ljava/awt/event/FocusEvent;)V (58 bytes) @ 0x000001ac3c13b21c [0x000001ac3c13b020+0x1fc]
J 23300 C1 java.awt.Component.processEvent(Ljava/awt/AWTEvent;)V (220 bytes) @ 0x000001ac394ea9bc [0x000001ac394e9260+0x175c]
J 22891 C2 ui.views.R.a.J.processEvent(Ljava/awt/AWTEvent;)V (138 bytes) @ 0x000001ac3b3aecc8 [0x000001ac3b3aeba0+0x128]
J 23938 C2 java.awt.Component.dispatchEventImpl(Ljava/awt/AWTEvent;)V (883 bytes) @ 0x000001ac3cc44564 [0x000001ac3cc438c0+0xca4]
J 10764 C2 java.awt.Container.dispatchEventImpl(Ljava/awt/AWTEvent;)V (129 bytes) @ 0x000001ac3a5cdc38 [0x000001ac3a5cdbe0+0x58]
J 24003 C2 java.awt.DefaultKeyboardFocusManager.typeAheadAssertions(Ljava/awt/Component;Ljava/awt/AWTEvent;)Z (352 bytes) @ 0x000001ac3cccd7e0 [0x000001ac3cccd4c0+0x320]
J 12484 C2 java.awt.DefaultKeyboardFocusManager.dispatchEvent(Ljava/awt/AWTEvent;)Z (1589 bytes) @ 0x000001ac38a5ac2c [0x000001ac38a593a0+0x188c]
J 23938 C2 java.awt.Component.dispatchEventImpl(Ljava/awt/AWTEvent;)V (883 bytes) @ 0x000001ac3cc43b10 [0x000001ac3cc438c0+0x250]
J 10764 C2 java.awt.Container.dispatchEventImpl(Ljava/awt/AWTEvent;)V (129 bytes) @ 0x000001ac3a5cdc38 [0x000001ac3a5cdbe0+0x58]
J 10312 C2 java.awt.EventQueue$3.run()Ljava/lang/Object; (5 bytes) @ 0x000001ac39eb9c20 [0x000001ac39eb9820+0x400]
v  ~StubRoutines::call_stub
J 1617  java.security.AccessController.doPrivileged(Ljava/security/PrivilegedAction;Ljava/security/AccessControlContext;)Ljava/lang/Object; (0 bytes) @ 0x000001ac38be12e6 [0x000001ac38be1280+0x66]
J 16785 C2 java.awt.EventQueue$4.run()Ljava/lang/Object; (5 bytes) @ 0x000001ac3b581f34 [0x000001ac3b581da0+0x194]
v  ~StubRoutines::call_stub
J 1617  java.security.AccessController.doPrivileged(Ljava/security/PrivilegedAction;Ljava/security/AccessControlContext;)Ljava/lang/Object; (0 bytes) @ 0x000001ac38be12e6 [0x000001ac38be1280+0x66]
J 10304 C2 ui.frmwork.a.d.dispatchEvent(Ljava/awt/AWTEvent;)V (30 bytes) @ 0x000001ac395f1bb4 [0x000001ac395f1900+0x2b4]
J 24159 C2 java.awt.EventDispatchThread.pumpOneEventForFilters(I)V (295 bytes) @ 0x000001ac3cc04a80 [0x000001ac3cc04720+0x360]
J 12716% C2 java.awt.EventDispatchThread.pumpEventsForFilter(ILjava/awt/Conditional;Ljava/awt/EventFilter;)V (47 bytes) @ 0x000001ac3a85d040 [0x000001ac3a85cf40+0x100]
j  java.awt.EventDispatchThread.pumpEventsForHierarchy(ILjava/awt/Conditional;Ljava/awt/Component;)V+11
j  java.awt.EventDispatchThread.pumpEvents(ILjava/awt/Conditional;)V+4
j  java.awt.EventDispatchThread.pumpEvents(Ljava/awt/Conditional;)V+3
j  java.awt.EventDispatchThread.run()V+9
v  ~StubRoutines::call_stub

---------------  P R O C E S S  ---------------

Java Threads: ( => current thread )
  0x000001ac526f1800 JavaThread "Update Design Hierarchy" [_thread_blocked, id=51012, stack(0x00000074aa100000,0x00000074aa600000)]
  0x000001ac5c6bf000 JavaThread "Thread-5691" [_thread_in_native, id=3872, stack(0x0000007484300000,0x0000007484400000)]
  0x000001ac503fa800 JavaThread "Thread-5690" [_thread_in_native, id=47068, stack(0x0000007484200000,0x0000007484300000)]
  0x000001ac6be07800 JavaThread "SyntheticaAnimation 50" daemon [_thread_blocked, id=50292, stack(0x000000746a300000,0x000000746a800000)]
  0x000001ac6d9cd000 JavaThread "Thread-5592" [_thread_in_native, id=28796, stack(0x0000007467000000,0x0000007467100000)]
  0x000001ac717fc800 JavaThread "Thread-5591" [_thread_in_native, id=51992, stack(0x0000007466f00000,0x0000007467000000)]
  0x000001ac54c42800 JavaThread "Thread-5285" [_thread_in_native, id=53020, stack(0x0000007407100000,0x0000007407200000)]
  0x000001ac53e4d000 JavaThread "Thread-5284" [_thread_in_native, id=29452, stack(0x0000007407000000,0x0000007407100000)]
  0x000001ac51c5f800 JavaThread "Monitor File Timestamp Swing Worker" [_thread_blocked, id=23932, stack(0x0000007196c00000,0x0000007197100000)]
  0x000001ac51c5d800 JavaThread "Timer-1" [_thread_blocked, id=40156, stack(0x0000007196700000,0x0000007196c00000)]
  0x000001ac57fed800 JavaThread "Thread-3246" [_thread_in_native, id=43572, stack(0x0000007189e00000,0x0000007189f00000)]
  0x000001ac55022800 JavaThread "Thread-3245" [_thread_in_native, id=50904, stack(0x0000007189d00000,0x0000007189e00000)]
  0x000001ac53e74800 JavaThread "Thread-119" [_thread_in_native, id=41948, stack(0x0000006deea00000,0x0000006deeb00000)]
  0x000001ac5cf17800 JavaThread "SyntheticaAnimation 50" daemon [_thread_blocked, id=22244, stack(0x0000006dcdf00000,0x0000006dce400000)]
  0x000001ac5fca1000 JavaThread "Thread-23" [_thread_in_native, id=35648, stack(0x0000006dcd900000,0x0000006dcda00000)]
  0x000001ac57867000 JavaThread "Thread-22" [_thread_in_native, id=30196, stack(0x0000006dcd800000,0x0000006dcd900000)]
  0x000001ac4f85d000 JavaThread "hw_ila_monitor" [_thread_blocked, id=35564, stack(0x0000006dcce00000,0x0000006dcd300000)]
  0x000001ac51695800 JavaThread "Update Runs Swing Worker" [_thread_blocked, id=40672, stack(0x0000006dcba00000,0x0000006dcbf00000)]
  0x000001ac5903d800 JavaThread "Refresh Filesets Swing Worker" [_thread_blocked, id=35960, stack(0x0000006dcb500000,0x0000006dcba00000)]
  0x000001ac515b7800 JavaThread "SyntheticaAnimation 70" daemon [_thread_blocked, id=34000, stack(0x0000006dcb000000,0x0000006dcb500000)]
  0x000001ac51900800 JavaThread "SyntheticaAnimation 25" daemon [_thread_blocked, id=42740, stack(0x0000006dca600000,0x0000006dcab00000)]
  0x000001ac5196f000 JavaThread "SyntheticaAnimation 50" daemon [_thread_blocked, id=42852, stack(0x0000006dc9200000,0x0000006dc9700000)]
  0x000001ac539b1800 JavaThread "Batik CleanerThread" daemon [_thread_blocked, id=40520, stack(0x0000006dc7b00000,0x0000006dc8000000)]
  0x000001ac520ff800 JavaThread "SyntheticaCleanerThread" daemon [_thread_blocked, id=22368, stack(0x0000006dc7600000,0x0000006dc7b00000)]
  0x000001ac504ad800 JavaThread "Process Messages" [_thread_blocked, id=42268, stack(0x0000006dc6700000,0x0000006dc6c00000)]
  0x000001ac5123f800 JavaThread "Thread-2" [_thread_in_native, id=42224, stack(0x0000006dc0a00000,0x0000006dc1e00000)]
=>0x000001ac384dc000 JavaThread "AWT-EventQueue-0" [_thread_in_native, id=42780, stack(0x0000006dc5d00000,0x0000006dc6200000)]
  0x000001ac4ff56000 JavaThread "AWT-Windows" daemon [_thread_in_native, id=42768, stack(0x0000006dc5800000,0x0000006dc5d00000)]
  0x000001ac4ff01800 JavaThread "AWT-Shutdown" [_thread_blocked, id=32140, stack(0x0000006dc5300000,0x0000006dc5800000)]
  0x000001ac4fbb7000 JavaThread "Java2D Disposer" daemon [_thread_blocked, id=42896, stack(0x0000006dc4e00000,0x0000006dc5300000)]
  0x000001ac4fea5000 JavaThread "TimerQueue" daemon [_thread_blocked, id=42360, stack(0x0000006dc4900000,0x0000006dc4e00000)]
  0x000001ac4f487800 JavaThread "Service Thread" daemon [_thread_blocked, id=40420, stack(0x0000006dc4300000,0x0000006dc4800000)]
  0x000001ac4f490800 JavaThread "C1 CompilerThread3" daemon [_thread_blocked, id=41600, stack(0x0000006dc4200000,0x0000006dc4300000)]
  0x000001ac4f4b0800 JavaThread "C2 CompilerThread2" daemon [_thread_blocked, id=22340, stack(0x0000006dc4100000,0x0000006dc4200000)]
  0x000001ac4f4b2000 JavaThread "C2 CompilerThread1" daemon [_thread_blocked, id=40056, stack(0x0000006dc4000000,0x0000006dc4100000)]
  0x000001ac4f4b3000 JavaThread "C2 CompilerThread0" daemon [_thread_blocked, id=42300, stack(0x0000006dc3f00000,0x0000006dc4000000)]
  0x000001ac4f4e7000 JavaThread "Attach Listener" daemon [_thread_blocked, id=42104, stack(0x0000006dc3a00000,0x0000006dc3f00000)]
  0x000001ac4f4e0800 JavaThread "Signal Dispatcher" daemon [_thread_blocked, id=33068, stack(0x0000006dc3500000,0x0000006dc3a00000)]
  0x000001ac4f4ea000 JavaThread "Finalizer" daemon [_thread_blocked, id=42020, stack(0x0000006dc3000000,0x0000006dc3500000)]
  0x000001ac371c0800 JavaThread "Reference Handler" daemon [_thread_blocked, id=10832, stack(0x0000006dc2b00000,0x0000006dc3000000)]
  0x000001ac38485800 JavaThread "main" [_thread_blocked, id=20652, stack(0x0000006dc2100000,0x0000006dc2200000)]

Other Threads:
  0x000001ac371c5000 VMThread [stack: 0x0000006dc2a00000,0x0000006dc2b00000] [id=11108]
  0x000001ac4f417800 WatcherThread [stack: 0x0000006dc4800000,0x0000006dc4900000] [id=42212]

VM state:not at safepoint (normal execution)

VM Mutex/Monitor currently owned by a thread: None

Heap:
 PSYoungGen      total 58880K, used 47282K [0x00000007bc400000, 0x00000007c0000000, 0x00000007c0000000)
  eden space 56320K, 81% used [0x00000007bc400000,0x00000007bf114978,0x00000007bfb00000)
  from space 2560K, 43% used [0x00000007bfb00000,0x00000007bfc18000,0x00000007bfd80000)
  to   space 2560K, 0% used [0x00000007bfd80000,0x00000007bfd80000,0x00000007c0000000)
 ParOldGen       total 272384K, used 93667K [0x0000000700000000, 0x0000000710a00000, 0x00000007bc400000)
  object space 272384K, 34% used [0x0000000700000000,0x0000000705b78fb8,0x0000000710a00000)
 Metaspace       used 81398K, capacity 82163K, committed 82944K, reserved 1120256K
  class space    used 11256K, capacity 11402K, committed 11520K, reserved 1048576K

Card table byte_map: [0x000001ac479c0000,0x000001ac47fd0000] byte_map_base: 0x000001ac441c0000

Marking Bits: (ParMarkBitMap*) 0x000000005f42a6d0
 Begin Bits: [0x000001ac485c0000, 0x000001ac4b5c0000)
 End Bits:   [0x000001ac4b5c0000, 0x000001ac4e5c0000)

Polling page: 0x000001ac33900000

CodeCache: size=245760Kb used=71000Kb max_used=72336Kb free=174759Kb
 bounds [0x000001ac38600000, 0x000001ac3cd30000, 0x000001ac47600000]
 total_blobs=18534 nmethods=17535 adapters=901
 compilation: enabled

Compilation events (10 events):
Event: 162738.562 Thread 0x000001ac4f490800 nmethod 24311 0x000001ac3bbf2a10 code [0x000001ac3bbf2ce0, 0x000001ac3bbf4420]
Event: 162738.562 Thread 0x000001ac4f490800 24312       3       com.sun.org.apache.xerces.internal.impl.XMLEntityManager::<init> (181 bytes)
Event: 162738.566 Thread 0x000001ac4f490800 nmethod 24312 0x000001ac3a013b10 code [0x000001ac3a013da0, 0x000001ac3a015100]
Event: 162738.566 Thread 0x000001ac4f490800 24313       3       com.sun.org.apache.xerces.internal.parsers.AbstractXMLDocumentParser::<init> (27 bytes)
Event: 162738.568 Thread 0x000001ac4f490800 nmethod 24313 0x000001ac3b8fd050 code [0x000001ac3b8fd240, 0x000001ac3b8fdc80]
Event: 162738.647 Thread 0x000001ac4f4b0800 nmethod 24306 0x000001ac3ca3a390 code [0x000001ac3ca3a680, 0x000001ac3ca3d290]
Event: 162738.715 Thread 0x000001ac4f4b3000 24314       4       java.util.ArrayList::removeAll (12 bytes)
Event: 162738.739 Thread 0x000001ac4f4b3000 nmethod 24314 0x000001ac38d6f290 code [0x000001ac38d6f3e0, 0x000001ac38d6f898]
Event: 162741.229 Thread 0x000001ac4f4b2000 24315       4       java.util.TimSort::mergeLo (659 bytes)
Event: 162741.277 Thread 0x000001ac4f4b2000 nmethod 24315 0x000001ac39dd8c10 code [0x000001ac39dd8dc0, 0x000001ac39dda298]

GC Heap History (10 events):
Event: 162697.438 GC heap before
{Heap before GC invocations=958 (full 53):
 PSYoungGen      total 58880K, used 57152K [0x00000007bc400000, 0x00000007c0000000, 0x00000007c0000000)
  eden space 55808K, 100% used [0x00000007bc400000,0x00000007bfa80000,0x00000007bfa80000)
  from space 3072K, 43% used [0x00000007bfd00000,0x00000007bfe50000,0x00000007c0000000)
  to   space 2560K, 0% used [0x00000007bfa80000,0x00000007bfa80000,0x00000007bfd00000)
 ParOldGen       total 272384K, used 93323K [0x0000000700000000, 0x0000000710a00000, 0x00000007bc400000)
  object space 272384K, 34% used [0x0000000700000000,0x0000000705b22fa8,0x0000000710a00000)
 Metaspace       used 81374K, capacity 82099K, committed 82944K, reserved 1120256K
  class space    used 11256K, capacity 11402K, committed 11520K, reserved 1048576K
Event: 162697.447 GC heap after
Heap after GC invocations=958 (full 53):
 PSYoungGen      total 58368K, used 1472K [0x00000007bc400000, 0x00000007c0000000, 0x00000007c0000000)
  eden space 55808K, 0% used [0x00000007bc400000,0x00000007bc400000,0x00000007bfa80000)
  from space 2560K, 57% used [0x00000007bfa80000,0x00000007bfbf0000,0x00000007bfd00000)
  to   space 2560K, 0% used [0x00000007bfd80000,0x00000007bfd80000,0x00000007c0000000)
 ParOldGen       total 272384K, used 93371K [0x0000000700000000, 0x0000000710a00000, 0x00000007bc400000)
  object space 272384K, 34% used [0x0000000700000000,0x0000000705b2efa8,0x0000000710a00000)
 Metaspace       used 81374K, capacity 82099K, committed 82944K, reserved 1120256K
  class space    used 11256K, capacity 11402K, committed 11520K, reserved 1048576K
}
Event: 162719.187 GC heap before
{Heap before GC invocations=959 (full 53):
 PSYoungGen      total 58368K, used 57280K [0x00000007bc400000, 0x00000007c0000000, 0x00000007c0000000)
  eden space 55808K, 100% used [0x00000007bc400000,0x00000007bfa80000,0x00000007bfa80000)
  from space 2560K, 57% used [0x00000007bfa80000,0x00000007bfbf0000,0x00000007bfd00000)
  to   space 2560K, 0% used [0x00000007bfd80000,0x00000007bfd80000,0x00000007c0000000)
 ParOldGen       total 272384K, used 93371K [0x0000000700000000, 0x0000000710a00000, 0x00000007bc400000)
  object space 272384K, 34% used [0x0000000700000000,0x0000000705b2efa8,0x0000000710a00000)
 Metaspace       used 81387K, capacity 82163K, committed 82944K, reserved 1120256K
  class space    used 11256K, capacity 11402K, committed 11520K, reserved 1048576K
Event: 162719.196 GC heap after
Heap after GC invocations=959 (full 53):
 PSYoungGen      total 58880K, used 960K [0x00000007bc400000, 0x00000007c0000000, 0x00000007c0000000)
  eden space 56320K, 0% used [0x00000007bc400000,0x00000007bc400000,0x00000007bfb00000)
  from space 2560K, 37% used [0x00000007bfd80000,0x00000007bfe70000,0x00000007c0000000)
  to   space 2560K, 0% used [0x00000007bfb00000,0x00000007bfb00000,0x00000007bfd80000)
 ParOldGen       total 272384K, used 93395K [0x0000000700000000, 0x0000000710a00000, 0x00000007bc400000)
  object space 272384K, 34% used [0x0000000700000000,0x0000000705b34fa8,0x0000000710a00000)
 Metaspace       used 81387K, capacity 82163K, committed 82944K, reserved 1120256K
  class space    used 11256K, capacity 11402K, committed 11520K, reserved 1048576K
}
Event: 162723.593 GC heap before
{Heap before GC invocations=960 (full 53):
 PSYoungGen      total 58880K, used 57280K [0x00000007bc400000, 0x00000007c0000000, 0x00000007c0000000)
  eden space 56320K, 100% used [0x00000007bc400000,0x00000007bfb00000,0x00000007bfb00000)
  from space 2560K, 37% used [0x00000007bfd80000,0x00000007bfe70000,0x00000007c0000000)
  to   space 2560K, 0% used [0x00000007bfb00000,0x00000007bfb00000,0x00000007bfd80000)
 ParOldGen       total 272384K, used 93395K [0x0000000700000000, 0x0000000710a00000, 0x00000007bc400000)
  object space 272384K, 34% used [0x0000000700000000,0x0000000705b34fa8,0x0000000710a00000)
 Metaspace       used 81387K, capacity 82163K, committed 82944K, reserved 1120256K
  class space    used 11256K, capacity 11402K, committed 11520K, reserved 1048576K
Event: 162723.600 GC heap after
Heap after GC invocations=960 (full 53):
 PSYoungGen      total 58880K, used 896K [0x00000007bc400000, 0x00000007c0000000, 0x00000007c0000000)
  eden space 56320K, 0% used [0x00000007bc400000,0x00000007bc400000,0x00000007bfb00000)
  from space 2560K, 35% used [0x00000007bfb00000,0x00000007bfbe0000,0x00000007bfd80000)
  to   space 2560K, 0% used [0x00000007bfd80000,0x00000007bfd80000,0x00000007c0000000)
 ParOldGen       total 272384K, used 93515K [0x0000000700000000, 0x0000000710a00000, 0x00000007bc400000)
  object space 272384K, 34% used [0x0000000700000000,0x0000000705b52fb8,0x0000000710a00000)
 Metaspace       used 81387K, capacity 82163K, committed 82944K, reserved 1120256K
  class space    used 11256K, capacity 11402K, committed 11520K, reserved 1048576K
}
Event: 162737.945 GC heap before
{Heap before GC invocations=961 (full 53):
 PSYoungGen      total 58880K, used 57216K [0x00000007bc400000, 0x00000007c0000000, 0x00000007c0000000)
  eden space 56320K, 100% used [0x00000007bc400000,0x00000007bfb00000,0x00000007bfb00000)
  from space 2560K, 35% used [0x00000007bfb00000,0x00000007bfbe0000,0x00000007bfd80000)
  to   space 2560K, 0% used [0x00000007bfd80000,0x00000007bfd80000,0x00000007c0000000)
 ParOldGen       total 272384K, used 93515K [0x0000000700000000, 0x0000000710a00000, 0x00000007bc400000)
  object space 272384K, 34% used [0x0000000700000000,0x0000000705b52fb8,0x0000000710a00000)
 Metaspace       used 81387K, capacity 82163K, committed 82944K, reserved 1120256K
  class space    used 11256K, capacity 11402K, committed 11520K, reserved 1048576K
Event: 162737.952 GC heap after
Heap after GC invocations=961 (full 53):
 PSYoungGen      total 58880K, used 928K [0x00000007bc400000, 0x00000007c0000000, 0x00000007c0000000)
  eden space 56320K, 0% used [0x00000007bc400000,0x00000007bc400000,0x00000007bfb00000)
  from space 2560K, 36% used [0x00000007bfd80000,0x00000007bfe68000,0x00000007c0000000)
  to   space 2560K, 0% used [0x00000007bfb00000,0x00000007bfb00000,0x00000007bfd80000)
 ParOldGen       total 272384K, used 93627K [0x0000000700000000, 0x0000000710a00000, 0x00000007bc400000)
  object space 272384K, 34% used [0x0000000700000000,0x0000000705b6efb8,0x0000000710a00000)
 Metaspace       used 81387K, capacity 82163K, committed 82944K, reserved 1120256K
  class space    used 11256K, capacity 11402K, committed 11520K, reserved 1048576K
}
Event: 162740.529 GC heap before
{Heap before GC invocations=962 (full 53):
 PSYoungGen      total 58880K, used 57248K [0x00000007bc400000, 0x00000007c0000000, 0x00000007c0000000)
  eden space 56320K, 100% used [0x00000007bc400000,0x00000007bfb00000,0x00000007bfb00000)
  from space 2560K, 36% used [0x00000007bfd80000,0x00000007bfe68000,0x00000007c0000000)
  to   space 2560K, 0% used [0x00000007bfb00000,0x00000007bfb00000,0x00000007bfd80000)
 ParOldGen       total 272384K, used 93627K [0x0000000700000000, 0x0000000710a00000, 0x00000007bc400000)
  object space 272384K, 34% used [0x0000000700000000,0x0000000705b6efb8,0x0000000710a00000)
 Metaspace       used 81398K, capacity 82163K, committed 82944K, reserved 1120256K
  class space    used 11256K, capacity 11402K, committed 11520K, reserved 1048576K
Event: 162740.536 GC heap after
Heap after GC invocations=962 (full 53):
 PSYoungGen      total 58880K, used 1120K [0x00000007bc400000, 0x00000007c0000000, 0x00000007c0000000)
  eden space 56320K, 0% used [0x00000007bc400000,0x00000007bc400000,0x00000007bfb00000)
  from space 2560K, 43% used [0x00000007bfb00000,0x00000007bfc18000,0x00000007bfd80000)
  to   space 2560K, 0% used [0x00000007bfd80000,0x00000007bfd80000,0x00000007c0000000)
 ParOldGen       total 272384K, used 93667K [0x0000000700000000, 0x0000000710a00000, 0x00000007bc400000)
  object space 272384K, 34% used [0x0000000700000000,0x0000000705b78fb8,0x0000000710a00000)
 Metaspace       used 81398K, capacity 82163K, committed 82944K, reserved 1120256K
  class space    used 11256K, capacity 11402K, committed 11520K, reserved 1048576K
}

Deoptimization events (10 events):
Event: 162556.216 Thread 0x000001ac384dc000 Uncommon trap: reason=unstable_if action=reinterpret pc=0x000001ac3b5be5e8 method=javax.swing.JMenuBar.processBindingForKeyStrokeRecursive(Ljavax/swing/MenuElement;Ljavax/swing/KeyStroke;Ljava/awt/event/KeyEvent;IZ)Z @ 66
Event: 162556.216 Thread 0x000001ac384dc000 Uncommon trap: reason=unstable_if action=reinterpret pc=0x000001ac3cbbfee0 method=javax.swing.JMenuBar.processBindingForKeyStrokeRecursive(Ljavax/swing/MenuElement;Ljavax/swing/KeyStroke;Ljava/awt/event/KeyEvent;IZ)Z @ 115
Event: 162563.128 Thread 0x000001ac384dc000 Uncommon trap: reason=unstable_if action=reinterpret pc=0x000001ac3c0c1cec method=javax.swing.JMenuBar.processBindingForKeyStrokeRecursive(Ljavax/swing/MenuElement;Ljavax/swing/KeyStroke;Ljava/awt/event/KeyEvent;IZ)Z @ 115
Event: 162598.880 Thread 0x000001ac384dc000 Uncommon trap: reason=array_check action=maybe_recompile pc=0x000001ac3c957e2c method=java.util.TimSort.mergeLo(IIII)V @ 81
Event: 162598.894 Thread 0x000001ac384dc000 Uncommon trap: reason=array_check action=maybe_recompile pc=0x000001ac3c957e2c method=java.util.TimSort.mergeLo(IIII)V @ 81
Event: 162600.660 Thread 0x000001ac384dc000 Uncommon trap: reason=array_check action=maybe_recompile pc=0x000001ac3c957e2c method=java.util.TimSort.mergeLo(IIII)V @ 81
Event: 162600.665 Thread 0x000001ac384dc000 Uncommon trap: reason=array_check action=maybe_recompile pc=0x000001ac3c957e2c method=java.util.TimSort.mergeLo(IIII)V @ 81
Event: 162699.311 Thread 0x000001ac384dc000 Uncommon trap: reason=predicate action=maybe_recompile pc=0x000001ac3af6ba80 method=java.util.TimSort.mergeLo(IIII)V @ 153
Event: 162731.884 Thread 0x000001ac384dc000 Uncommon trap: reason=array_check action=maybe_recompile pc=0x000001ac3a8b30c0 method=java.util.TimSort.mergeLo(IIII)V @ 212
Event: 162732.029 Thread 0x000001ac384dc000 Uncommon trap: reason=array_check action=maybe_recompile pc=0x000001ac3a8b30c0 method=java.util.TimSort.mergeLo(IIII)V @ 212

Internal exceptions (10 events):
Event: 161434.824 Thread 0x000001ac384dc000 Exception <a 'sun/nio/fs/WindowsException'> (0x00000007bdf08140) thrown at [C:\re\workspace\8-2-build-windows-amd64-cygwin\jdk8u112\7884\hotspot\src\share\vm\prims\jni.cpp, line 709]
Event: 161612.864 Thread 0x000001ac384dc000 Exception <a 'sun/nio/fs/WindowsException'> (0x00000007be4ca420) thrown at [C:\re\workspace\8-2-build-windows-amd64-cygwin\jdk8u112\7884\hotspot\src\share\vm\prims\jni.cpp, line 709]
Event: 161612.864 Thread 0x000001ac384dc000 Exception <a 'sun/nio/fs/WindowsException'> (0x00000007be4cac80) thrown at [C:\re\workspace\8-2-build-windows-amd64-cygwin\jdk8u112\7884\hotspot\src\share\vm\prims\jni.cpp, line 709]
Event: 161873.420 Thread 0x000001ac384dc000 Exception <a 'sun/nio/fs/WindowsException'> (0x00000007be44e6d0) thrown at [C:\re\workspace\8-2-build-windows-amd64-cygwin\jdk8u112\7884\hotspot\src\share\vm\prims\jni.cpp, line 709]
Event: 161873.420 Thread 0x000001ac384dc000 Exception <a 'sun/nio/fs/WindowsException'> (0x00000007be44ef30) thrown at [C:\re\workspace\8-2-build-windows-amd64-cygwin\jdk8u112\7884\hotspot\src\share\vm\prims\jni.cpp, line 709]
Event: 162077.130 Thread 0x000001ac74f2e800 Exception <a 'java/lang/InterruptedException': sleep interrupted> (0x00000007bec0fdc0) thrown at [C:\re\workspace\8-2-build-windows-amd64-cygwin\jdk8u112\7884\hotspot\src\share\vm\prims\jvm.cpp, line 3228]
Event: 162433.704 Thread 0x000001ac384dc000 Implicit null exception at 0x000001ac3ba1d480 to 0x000001ac3ba1f980
Event: 162433.704 Thread 0x000001ac384dc000 Implicit null exception at 0x000001ac39134a54 to 0x000001ac391350c1
Event: 162435.774 Thread 0x000001ac384dc000 Implicit null exception at 0x000001ac3a6e114e to 0x000001ac3a6e2315
Event: 162444.240 Thread 0x000001ac384dc000 Implicit null exception at 0x000001ac38ea5f7c to 0x000001ac38ea6301

Events (10 events):
Event: 162738.366 Executing VM operation: RevokeBias
Event: 162738.367 Executing VM operation: RevokeBias done
Event: 162738.367 Thread 0x000001ac5124d800 Thread exited: 0x000001ac5124d800
Event: 162738.555 Executing VM operation: RevokeBias
Event: 162738.556 Executing VM operation: RevokeBias done
Event: 162740.528 Executing VM operation: ParallelGCFailedAllocation
Event: 162740.537 Executing VM operation: ParallelGCFailedAllocation done
Event: 162741.387 Thread 0x000001ac526f1800 Thread added: 0x000001ac526f1800
Event: 162741.390 Executing VM operation: RevokeBias
Event: 162741.390 Executing VM operation: RevokeBias done


Dynamic libraries:
0x00007ff68ac20000 - 0x00007ff68ac52000 	C:\Xilinx\Vivado\2017.2\bin\unwrapped\win64.o\vivado.exe
0x00007ffc67050000 - 0x00007ffc6722b000 	C:\WINDOWS\SYSTEM32\ntdll.dll
0x00007ffc64920000 - 0x00007ffc649ce000 	C:\WINDOWS\System32\KERNEL32.DLL
0x00007ffc63570000 - 0x00007ffc637b9000 	C:\WINDOWS\System32\KERNELBASE.dll
0x00007ffc64270000 - 0x00007ffc64366000 	C:\WINDOWS\System32\ucrtbase.dll
0x00007ffc4f1a0000 - 0x00007ffc4f1b4000 	C:\Xilinx\Vivado\2017.2\lib\win64.o\libboost_signals.dll
0x000000000a900000 - 0x000000000a983000 	C:\Xilinx\Vivado\2017.2\lib\win64.o\SHSMP64.dll
0x00007ffc64b00000 - 0x00007ffc64c4a000 	C:\WINDOWS\System32\USER32.dll
0x00007ffc64100000 - 0x00007ffc6411e000 	C:\WINDOWS\System32\win32u.dll
0x00007ffc4f180000 - 0x00007ffc4f194000 	C:\Xilinx\Vivado\2017.2\lib\win64.o\librdi_commonmain.dll
0x00007ffc64c50000 - 0x00007ffc64c77000 	C:\WINDOWS\System32\GDI32.dll
0x00007ffc63f10000 - 0x00007ffc64097000 	C:\WINDOWS\System32\gdi32full.dll
0x00007ffc64120000 - 0x00007ffc641ba000 	C:\WINDOWS\System32\msvcp_win.dll
0x00007ffc664f0000 - 0x00007ffc66591000 	C:\WINDOWS\System32\ADVAPI32.dll
0x00007ffc15090000 - 0x00007ffc15c9f000 	C:\Xilinx\Vivado\2017.2\lib\win64.o\librdi_common.dll
0x00007ffc66450000 - 0x00007ffc664ed000 	C:\WINDOWS\System32\msvcrt.dll
0x00007ffc66fc0000 - 0x00007ffc67019000 	C:\WINDOWS\System32\sechost.dll
0x00007ffc649d0000 - 0x00007ffc64af5000 	C:\WINDOWS\System32\RPCRT4.dll
0x00007ffc64dd0000 - 0x00007ffc66206000 	C:\WINDOWS\System32\SHELL32.dll
0x00007ffc63ec0000 - 0x00007ffc63f09000 	C:\WINDOWS\System32\cfgmgr32.dll
0x00007ffc4e620000 - 0x00007ffc4e6bd000 	C:\WINDOWS\SYSTEM32\MSVCP140.dll
0x00007ffc64870000 - 0x00007ffc6491a000 	C:\WINDOWS\System32\shcore.dll
0x00007ffc66bb0000 - 0x00007ffc66ea9000 	C:\WINDOWS\System32\combase.dll
0x00007ffc64370000 - 0x00007ffc643da000 	C:\WINDOWS\System32\bcryptPrimitives.dll
0x00007ffc637c0000 - 0x00007ffc63eb1000 	C:\WINDOWS\System32\windows.storage.dll
0x00007ffc51a00000 - 0x00007ffc51a17000 	C:\WINDOWS\SYSTEM32\VCRUNTIME140.dll
0x00007ffc64750000 - 0x00007ffc647a1000 	C:\WINDOWS\System32\shlwapi.dll
0x00007ffc63550000 - 0x00007ffc63561000 	C:\WINDOWS\System32\kernel.appcore.dll
0x00007ffc63500000 - 0x00007ffc6354c000 	C:\WINDOWS\System32\powrprof.dll
0x00007ffc634c0000 - 0x00007ffc634d5000 	C:\WINDOWS\System32\profapi.dll
0x00007ffc4e5f0000 - 0x00007ffc4e616000 	C:\Xilinx\Vivado\2017.2\lib\win64.o\libboost_filesystem.dll
0x00007ffc510e0000 - 0x00007ffc510ea000 	C:\Xilinx\Vivado\2017.2\lib\win64.o\librdi_commonversion.dll
0x00007ffc38630000 - 0x00007ffc38731000 	C:\Xilinx\Vivado\2017.2\lib\win64.o\librdi_commonxillic.dll
0x000000005f4b0000 - 0x000000005f5db000 	C:\Xilinx\Vivado\2017.2\lib\win64.o\tcl85t.dll
0x00007ffc66f50000 - 0x00007ffc66fbc000 	C:\WINDOWS\System32\WS2_32.dll
0x00007ffc1a050000 - 0x00007ffc1a3be000 	C:\Xilinx\Vivado\2017.2\lib\win64.o\libCOIN-all.dll
0x00007ffc19d50000 - 0x00007ffc1a041000 	C:\Xilinx\Vivado\2017.2\lib\win64.o\libXil_lmgr11.dll
0x00007ffc66340000 - 0x00007ffc66448000 	C:\WINDOWS\System32\COMDLG32.dll
0x00007ffc4f160000 - 0x00007ffc4f174000 	C:\Xilinx\Vivado\2017.2\lib\win64.o\libboost_date_time.dll
0x00007ffc47430000 - 0x00007ffc474ae000 	C:\Xilinx\Vivado\2017.2\lib\win64.o\libboost_program_options.dll
0x00007ffc647b0000 - 0x00007ffc64870000 	C:\WINDOWS\System32\OLEAUT32.dll
0x00007ffc64c80000 - 0x00007ffc64dc5000 	C:\WINDOWS\System32\ole32.dll
0x00007ffc2b120000 - 0x00007ffc2b22d000 	C:\Xilinx\Vivado\2017.2\lib\win64.o\libboost_regex.dll
0x00007ffc640a0000 - 0x00007ffc640f6000 	C:\WINDOWS\System32\WINTRUST.dll
0x00007ffc634e0000 - 0x00007ffc634f1000 	C:\WINDOWS\System32\MSASN1.dll
0x00007ffc643e0000 - 0x00007ffc645a9000 	C:\WINDOWS\System32\CRYPT32.dll
0x00007ffc50ac0000 - 0x00007ffc50acb000 	C:\Xilinx\Vivado\2017.2\lib\win64.o\libboost_system.dll
0x00007ffc4f0d0000 - 0x00007ffc4f0f0000 	C:\Xilinx\Vivado\2017.2\lib\win64.o\libboost_thread.dll
0x00007ffc4f910000 - 0x00007ffc4f91f000 	C:\Xilinx\Vivado\2017.2\lib\win64.o\libboost_xilinx.dll
0x00007ffc3a950000 - 0x00007ffc3a9d2000 	C:\Xilinx\Vivado\2017.2\lib\win64.o\libhdlpsolve.dll
0x00007ffc39310000 - 0x00007ffc393b5000 	C:\Xilinx\Vivado\2017.2\lib\win64.o\libhdxml.dll
0x00007ffc19490000 - 0x00007ffc1986e000 	C:\Xilinx\Vivado\2017.2\lib\win64.o\libisl_iostreams.dll
0x00007ffc4e4c0000 - 0x00007ffc4e4ee000 	C:\Xilinx\Vivado\2017.2\lib\win64.o\libisl_sysinfo.dll
0x000000005ec10000 - 0x000000005f4aa000 	C:\Xilinx\Vivado\2017.2\tps\win64\jre\bin\server\jvm.dll
0x00007ffc4e530000 - 0x00007ffc4e545000 	C:\Xilinx\Vivado\2017.2\lib\win64.o\pthreadVC2.dll
0x00007ffc29290000 - 0x00007ffc293e1000 	C:\Xilinx\Vivado\2017.2\lib\win64.o\librdi_curl.dll
0x00007ffc4b860000 - 0x00007ffc4b87c000 	C:\Xilinx\Vivado\2017.2\lib\win64.o\librdiconfig.dll
0x00007ffc44dd0000 - 0x00007ffc44df1000 	C:\Xilinx\Vivado\2017.2\lib\win64.o\librdizlib.dll
0x00007ffc5df60000 - 0x00007ffc5e28e000 	C:\WINDOWS\SYSTEM32\WININET.dll
0x0000000012000000 - 0x0000000012272000 	C:\Xilinx\Vivado\2017.2\lib\win64.o\xerces-c_3_1.dll
0x00007ffc56230000 - 0x00007ffc56307000 	C:\WINDOWS\SYSTEM32\WINHTTP.dll
0x00007ffc59a00000 - 0x00007ffc59bc7000 	C:\WINDOWS\SYSTEM32\urlmon.dll
0x00007ffc599b0000 - 0x00007ffc599ba000 	C:\WINDOWS\SYSTEM32\VERSION.dll
0x00007ffc141f0000 - 0x00007ffc15081000 	C:\Xilinx\Vivado\2017.2\lib\win64.o\gurobi65.dll
0x00007ffc52f10000 - 0x00007ffc52f19000 	C:\WINDOWS\SYSTEM32\WSOCK32.dll
0x00007ffc44bf0000 - 0x00007ffc44c1e000 	C:\WINDOWS\SYSTEM32\VCOMP140.DLL
0x00007ffc58bd0000 - 0x00007ffc58c76000 	C:\WINDOWS\WinSxS\amd64_microsoft.windows.common-controls_6595b64144ccf1df_5.82.15063.413_none_0e0f5dcc67adff4e\COMCTL32.dll
0x00007ffc56020000 - 0x00007ffc56037000 	C:\WINDOWS\SYSTEM32\NETAPI32.dll
0x00007ffc28a90000 - 0x00007ffc28b64000 	C:\WINDOWS\SYSTEM32\MSVCR110.dll
0x00007ffc4f580000 - 0x00007ffc4f58d000 	C:\Xilinx\Vivado\2017.2\lib\win64.o\libboost_chrono.dll
0x00007ffc40410000 - 0x00007ffc40435000 	C:\Xilinx\Vivado\2017.2\lib\win64.o\libisl_iosutils.dll
0x00007ffc49b60000 - 0x00007ffc49b7b000 	C:\Xilinx\Vivado\2017.2\lib\win64.o\libboost_iostreams.dll
0x00007ffc5cbd0000 - 0x00007ffc5ce5a000 	C:\WINDOWS\SYSTEM32\iertutil.dll
0x00007ffc62f30000 - 0x00007ffc62f3b000 	C:\WINDOWS\SYSTEM32\CRYPTBASE.DLL
0x00007ffc66f40000 - 0x00007ffc66f48000 	C:\WINDOWS\System32\PSAPI.DLL
0x00007ffc61810000 - 0x00007ffc61833000 	C:\WINDOWS\SYSTEM32\WINMM.dll
0x00000000608a0000 - 0x0000000060972000 	C:\WINDOWS\SYSTEM32\MSVCR100.dll
0x00007ffc61650000 - 0x00007ffc6167b000 	C:\WINDOWS\SYSTEM32\winmmbase.dll
0x00007ffc67020000 - 0x00007ffc6704d000 	C:\WINDOWS\System32\IMM32.DLL
0x00007ffc13d80000 - 0x00007ffc141e3000 	C:\Xilinx\Vivado\2017.2\lib\win64.o\librdi_commontasks.dll
0x00007ffc1d090000 - 0x00007ffc1d2ba000 	C:\Xilinx\Vivado\2017.2\lib\win64.o\librdi_sio.dll
0x00007ffc62b10000 - 0x00007ffc62b47000 	C:\WINDOWS\SYSTEM32\IPHLPAPI.DLL
0x00007ffc10710000 - 0x00007ffc12691000 	C:\Xilinx\Vivado\2017.2\lib\win64.o\librdi_tcltasks.dll
0x00007ffc3a3a0000 - 0x00007ffc3a408000 	C:\Xilinx\Vivado\2017.2\lib\win64.o\librdi_boarddep.dll
0x00007ffc19bd0000 - 0x00007ffc19d45000 	C:\Xilinx\Vivado\2017.2\lib\win64.o\librdi_board.dll
0x00007ffc13690000 - 0x00007ffc139f2000 	C:\Xilinx\Vivado\2017.2\lib\win64.o\librdi_bitstream.dll
0x00007ffc19270000 - 0x00007ffc19489000 	C:\Xilinx\Vivado\2017.2\lib\win64.o\librdi_chipscope.dll
0x00007ffc188f0000 - 0x00007ffc189ee000 	C:\Xilinx\Vivado\2017.2\lib\win64.o\librdi_containers.dll
0x00007ffc0f210000 - 0x00007ffc10706000 	C:\Xilinx\Vivado\2017.2\lib\win64.o\librdi_constraints.dll
0x00007ffc01740000 - 0x00007ffc051cd000 	C:\Xilinx\Vivado\2017.2\lib\win64.o\librdi_designutils.dll
0x00007ffbfec50000 - 0x00007ffc0173f000 	C:\Xilinx\Vivado\2017.2\lib\win64.o\librdi_coregen.dll
0x00007ffc13430000 - 0x00007ffc13690000 	C:\Xilinx\Vivado\2017.2\lib\win64.o\librdi_dlyest.dll
0x00007ffbf2b70000 - 0x00007ffbfec4b000 	C:\Xilinx\Vivado\2017.2\lib\win64.o\librdi_device.dll
0x00007ffc0ed00000 - 0x00007ffc0f203000 	C:\Xilinx\Vivado\2017.2\lib\win64.o\librdi_drc.dll
0x00007ffc19b00000 - 0x00007ffc19bce000 	C:\Xilinx\Vivado\2017.2\lib\win64.o\librdi_dsp.dll
0x00007ffc0ea80000 - 0x00007ffc0ecfa000 	C:\Xilinx\Vivado\2017.2\lib\win64.o\librdi_guitools.dll
0x00007ffbf1c50000 - 0x00007ffbf2b63000 	C:\Xilinx\Vivado\2017.2\lib\win64.o\librdi_implflow.dll
0x00007ffc061d0000 - 0x00007ffc06710000 	C:\Xilinx\Vivado\2017.2\lib\win64.o\librdi_filemgmt.dll
0x00007ffbf1650000 - 0x00007ffbf1c44000 	C:\Xilinx\Vivado\2017.2\lib\win64.o\librdi_memdata.dll
0x00007ffc3a1d0000 - 0x00007ffc3a211000 	C:\Xilinx\Vivado\2017.2\lib\win64.o\librdi_pfi.dll
0x00007ffbef700000 - 0x00007ffbf1649000 	C:\Xilinx\Vivado\2017.2\lib\win64.o\librdi_mig.dll
0x00007ffbef270000 - 0x00007ffbef6f5000 	C:\Xilinx\Vivado\2017.2\lib\win64.o\librdi_netlist.dll
0x00007ffc18730000 - 0x00007ffc188eb000 	C:\Xilinx\Vivado\2017.2\lib\win64.o\librdi_platform.dll
0x00007ffbed610000 - 0x00007ffbef26a000 	C:\Xilinx\Vivado\2017.2\lib\win64.o\librdi_place.dll
0x00007ffbecf90000 - 0x00007ffbed605000 	C:\Xilinx\Vivado\2017.2\lib\win64.o\librdi_power.dll
0x00007ffbeca80000 - 0x00007ffbecf8e000 	C:\Xilinx\Vivado\2017.2\lib\win64.o\librdi_project.dll
0x00007ffbec490000 - 0x00007ffbeca72000 	C:\Xilinx\Vivado\2017.2\lib\win64.o\librdi_psta.dll
0x00007ffbebdb0000 - 0x00007ffbec483000 	C:\Xilinx\Vivado\2017.2\lib\win64.o\librdi_rsb.dll
0x00007ffc0e700000 - 0x00007ffc0ea78000 	C:\Xilinx\Vivado\2017.2\lib\win64.o\librdi_runs.dll
0x00007ffc39e70000 - 0x00007ffc39ef9000 	C:\Xilinx\Vivado\2017.2\lib\win64.o\librdi_runsbase.dll
0x00007ffc165f0000 - 0x00007ffc1679e000 	C:\Xilinx\Vivado\2017.2\lib\win64.o\librdi_simdata.dll
0x00007ffc39700000 - 0x00007ffc3974b000 	C:\Xilinx\Vivado\2017.2\lib\win64.o\libboost_serialization.dll
0x00007ffc39260000 - 0x00007ffc392c5000 	C:\Xilinx\Vivado\2017.2\lib\win64.o\liblmx6.0.dll
0x00007ffbeb1e0000 - 0x00007ffbebda9000 	C:\Xilinx\Vivado\2017.2\lib\win64.o\librdi_timing.dll
0x00007ffbea760000 - 0x00007ffbeb1d2000 	C:\Xilinx\Vivado\2017.2\lib\win64.o\libverific.dll
0x00007ffbea210000 - 0x00007ffbea75e000 	C:\Xilinx\Vivado\2017.2\lib\win64.o\librdi_xdm.dll
0x00007ffc35270000 - 0x00007ffc3530e000 	C:\Xilinx\Vivado\2017.2\lib\win64.o\libise.dll
0x00007ffbe9df0000 - 0x00007ffbea20e000 	C:\Xilinx\Vivado\2017.2\lib\win64.o\librdi_wavedata.dll
0x00007ffc39660000 - 0x00007ffc396a5000 	C:\Xilinx\Vivado\2017.2\lib\win64.o\librdi_wavedata_SimpleApi.dll
0x00007ffbe9720000 - 0x00007ffbe9de6000 	C:\Xilinx\Vivado\2017.2\lib\win64.o\librdi_coregenipxact.dll
0x00007ffbe8980000 - 0x00007ffbe971f000 	C:\Xilinx\Vivado\2017.2\lib\win64.o\librdi_route.dll
0x00007ffc38430000 - 0x00007ffc38478000 	C:\Xilinx\Vivado\2017.2\lib\win64.o\librdi_hdf.dll
0x00007ffc0b780000 - 0x00007ffc0b9a6000 	C:\Xilinx\Vivado\2017.2\lib\win64.o\librdi_hsm.dll
0x00007ffc06870000 - 0x00007ffc06e32000 	C:\Xilinx\Vivado\2017.2\lib\win64.o\librdi_abc_nomp.dll
0x00007ffc49770000 - 0x00007ffc4978a000 	C:\Xilinx\Vivado\2017.2\lib\win64.o\librdi_hmetis.dll
0x00007ffc36fa0000 - 0x00007ffc36ff2000 	C:\Xilinx\Vivado\2017.2\lib\win64.o\librdi_projectbase.dll
0x00007ffbe8250000 - 0x00007ffbe8976000 	C:\Xilinx\Vivado\2017.2\lib\win64.o\librdi_labtools.dll
0x00007ffc181e0000 - 0x00007ffc182a1000 	C:\Xilinx\Vivado\2017.2\lib\win64.o\librdi_hwh.dll

VM Arguments:
jvm_args: -Dsun.java2d.pmoffscreen=false -Dsun.java2d.d3d=false -Dsun.awt.nopixfmt=true -Xverify:none -Dswing.aatext=true -XX:-UsePerfData -Djdk.map.althashing.threshold=512 -XX:StringTableSize=4072 -XX:NewSize=60m -XX:MaxNewSize=60m -Xms128m -Xmx3072m -Xss5m 
java_command: <unknown>
java_class_path (initial): C:/Xilinx/Vivado/2017.2\lib\classes\alloy.jar;C:/Xilinx/Vivado/2017.2\lib\classes\batik-anim.jar;C:/Xilinx/Vivado/2017.2\lib\classes\batik-awt-util.jar;C:/Xilinx/Vivado/2017.2\lib\classes\batik-bridge.jar;C:/Xilinx/Vivado/2017.2\lib\classes\batik-codec.jar;C:/Xilinx/Vivado/2017.2\lib\classes\batik-css.jar;C:/Xilinx/Vivado/2017.2\lib\classes\batik-dom.jar;C:/Xilinx/Vivado/2017.2\lib\classes\batik-ext.jar;C:/Xilinx/Vivado/2017.2\lib\classes\batik-gui-util.jar;C:/Xilinx/Vivado/2017.2\lib\classes\batik-gvt.jar;C:/Xilinx/Vivado/2017.2\lib\classes\batik-parser.jar;C:/Xilinx/Vivado/2017.2\lib\classes\batik-script.jar;C:/Xilinx/Vivado/2017.2\lib\classes\batik-svg-dom.jar;C:/Xilinx/Vivado/2017.2\lib\classes\batik-swing.jar;C:/Xilinx/Vivado/2017.2\lib\classes\batik-transcoder.jar;C:/Xilinx/Vivado/2017.2\lib\classes\batik-util.jar;C:/Xilinx/Vivado/2017.2\lib\classes\batik-xml.jar;C:/Xilinx/Vivado/2017.2\lib\classes\commons-math-2.2.jar;C:/Xilinx/Vivado/2017.2\lib\classes\dom4j-1.6.1.jar;C:/Xilinx/Vivado/2017.2\lib\classes\forms.jar;C:/Xilinx/Vivado/2017.2\lib\classes\guava-18.0.jar;C:/Xilinx/Vivado/2017.2\lib\classes\help.jar;C:/Xilinx/Vivado/2017.2\lib\classes\hsqldb.jar;C:/Xilinx/Vivado/2017.2\lib\classes\jh.jar;C:/Xilinx/Vivado/2017.2\lib\classes\jide-action.jar;C:/Xilinx/Vivado/2017.2\lib\classes\jide-charts.jar;C:/Xilinx/Vivado/2017.2\lib\classes\jide-common.jar;C:/Xilinx/Vivado/2017.2\lib\classes\jide-components.jar;C:/Xilinx/Vivado/2017.2\lib\classes\jide-dashboard.jar;C:/Xilinx/Vivado/2017.2\lib\classes\jide-data.jar;C:/Xilinx/Vivado/2017.2\lib\classes\jide-dialogs.jar;C:/Xilinx/Vivado/2017.2\lib\classes\jide-diff.jar;C:/Xilinx/Vivado/2017.2\lib\classes\jide-dock.jar;C:/Xilinx/Vivado/2017.2\lib\classes\jide-editor.jar;C:/Xilinx/Vivado/2017.2\lib\classes\jide-gantt.jar;C:/Xilinx/Vivado/2017.2\lib\classes\jide-grids.jar;C:/Xilinx/Vivado/2017.2\lib\classes\jide-pivot.jar;C:/Xilinx/Vivado/2017.2\lib\classes\jide-plaf-jdk7.jar;C:/Xilinx/Vivado/2
Launcher Type: generic

Environment Variables:
JAVA_HOME=C:\Program Files\Java\jdk1.8.0_111
PATH=C:/Xilinx/Vivado/2017.2/bin;C:/Xilinx/Vivado/2017.2/lib/win64.o;C:/Xilinx/Vivado/2017.2/tps/win64/jre/bin/server;C:/Xilinx/Vivado/2017.2/tps/win64/jre/bin;C:/Xilinx/Vivado/2017.2/ids_lite/ISE/bin/nt64;C:/Xilinx/Vivado/2017.2/ids_lite/ISE/lib/nt64;C:/Xilinx/Vivado_HLS/2017.2/bin;C:\Program Files (x86)\Common Files\Intel\Shared Libraries\redist\intel64\compiler;C:\ProgramData\Oracle\Java\javapath;C:\Program Files (x86)\HP SimplePass\x64;C:\Program Files (x86)\HP SimplePass\;C:\Program Files (x86)\Intel\iCLS Client\;C:\Program Files\Intel\iCLS Client\;C:\WINDOWS\system32;C:\WINDOWS;C:\WINDOWS\System32\Wbem;C:\WINDOWS\System32\WindowsPowerShell\v1.0\;C:\Program Files\Intel\Intel(R) Management Engine Components\DAL;C:\Program Files\Intel\Intel(R) Management Engine Components\IPT;C:\Program Files (x86)\Intel\Intel(R) Management Engine Components\DAL;C:\Program Files (x86)\Intel\Intel(R) Management Engine Components\IPT;C:\Program Files (x86)\Intel\OpenCL SDK\2.0\bin\x86;C:\Program Files (x86)\Intel\OpenCL SDK\2.0\bin\x64;C:\Program Files (x86)\QuickTime\QTSystem\;C:\WINDOWS\system32\config\systemprofile\.dnx\bin;C:\Program Files\Microsoft DNX\Dnvm\;C:\Program Files\Microsoft SQL Server\120\Tools\Binn\;C:\Program Files (x86)\Windows Kits\10\Windows Performance Toolkit\;C:\Program Files (x86)\nodejs\;C:\Program Files\MATLAB\R2016b\runtime\win64;C:\Program Files\MATLAB\R2016b\bin;C:\Program Files\LLVM\bin;C:\Program Files\Git\cmd;C:\Program Files (x86)\Windows Live\Shared;C:\Users\Jesus\AppData\Roaming\npm;C:\Users\Jesus\AppData\Local\Microsoft\WindowsApps;C:\Users\Jesus\AppData\Local\atom\bin;C:\Users\Jesus\AppData\Local\GitHubDesktop\bin;C:/Xilinx/Vivado/2017.2\tps\mingw\6.2.0\win64.o\nt\bin;C:/Xilinx/Vivado/2017.2\tps\mingw\6.2.0\win64.o\nt\libexec\gcc\x86_64-w64-mingw32\6.2.0
USERNAME=Jesus
OS=Windows_NT
PROCESSOR_IDENTIFIER=Intel64 Family 6 Model 58 Stepping 9, GenuineIntel



---------------  S Y S T E M  ---------------

OS: Windows 10.0 , 64 bit Build 15063 (10.0.15063.296)

CPU:total 8 (4 cores per cpu, 2 threads per core) family 6 model 58 stepping 9, cmov, cx8, fxsr, mmx, sse, sse2, sse3, ssse3, sse4.1, sse4.2, popcnt, avx, aes, clmul, erms, ht, tsc, tscinvbit, tscinv

Memory: 4k page, physical 16663832k(9409892k free), swap 33590552k(23723608k free)

vm_info: Java HotSpot(TM) 64-Bit Server VM (25.112-b15) for windows-amd64 JRE (1.8.0_112-b15), built on Sep 22 2016 21:31:56 by "java_re" with MS VC++ 10.0 (VS2010)

time: Fri Nov 03 14:01:26 2017
elapsed time: 162741 seconds (1d 21h 12m 21s)

